Start time: Wed Jul 20 15:46:12 2022

              |=============================|
              |      REGENIE v3.1.2.gz      |
              |=============================|

Copyright (c) 2020-2022 Joelle Mbatchou, Andrey Ziyatdinov and Jonathan Marchini.
Distributed under the MIT License.
Compiled with Boost Iostream library.
Using Intel MKL with Eigen.

Log of output saved in file : /mnt/gpfs1/project/Interstitial_Pneumonia/ANALYSIS/tnakanishi/scratch/GWAS/chr21.log

Options in effect:
  --step 2 \
  --bed /mnt/gpfs1/project/Interstitial_Pneumonia/ANALYSIS/tnakanishi/scratch/chr21 \
  --phenoFile /mnt/gpfs1/project/Interstitial_Pneumonia/ANALYSIS/tnakanishi/scratch/pheno.txt \
  --phenoColList IPF,ILD,FPF,sIPF \
  --covarFile /mnt/gpfs1/project/Interstitial_Pneumonia/ANALYSIS/tnakanishi/scratch/pheno.txt \
  --covarColList age,PC1,PC2,PC3,PC4,PC5 \
  --catCovarList geneticSex \
  --exclude /mnt/gpfs1/project/Interstitial_Pneumonia/ANALYSIS/tnakanishi/scratch/chr21.toexclude.snplist \
  --bt \
  --bsize 400 \
  --threads 20 \
  --firth \
  --approx \
  --firth-se \
  --pThresh 0.01 \
  --pred /mnt/gpfs1/project/Interstitial_Pneumonia/ANALYSIS/tnakanishi/scratch/GWAS/pheno_step1_pred.list \
  --out /mnt/gpfs1/project/Interstitial_Pneumonia/ANALYSIS/tnakanishi/scratch/GWAS/chr21

Association testing mode with fast multithreading using OpenMP
 * bim              : [/mnt/gpfs1/project/Interstitial_Pneumonia/ANALYSIS/tnakanishi/scratch/chr21.bim] n_snps = 1141079
   -removing variants specified by --exclude
   -number of variants remaining in the analysis = 1112098
 * fam              : [/mnt/gpfs1/project/Interstitial_Pneumonia/ANALYSIS/tnakanishi/scratch/chr21.fam] n_samples = 3439
 * bed              : [/mnt/gpfs1/project/Interstitial_Pneumonia/ANALYSIS/tnakanishi/scratch/chr21.bed]
 * phenotypes       : [/mnt/gpfs1/project/Interstitial_Pneumonia/ANALYSIS/tnakanishi/scratch/pheno.txt] n_pheno = 4
   -number of phenotyped individuals  = 3393
 * covariates       : [/mnt/gpfs1/project/Interstitial_Pneumonia/ANALYSIS/tnakanishi/scratch/pheno.txt] n_cov = 7
   -number of individuals with covariate data = 3393
 * number of individuals used in analysis = 3393
 * case-control counts for each trait:
   - 'IPF': 269 cases and 3095 controls
   - 'ILD': 298 cases and 3095 controls
   - 'FPF': 64 cases and 3095 controls
   - 'sIPF': 234 cases and 3095 controls
 * LOCO predictions : [/mnt/gpfs1/project/Interstitial_Pneumonia/ANALYSIS/tnakanishi/scratch/GWAS/pheno_step1_pred.list]
   -file [/mnt/gpfs1/project/Interstitial_Pneumonia/ANALYSIS/tnakanishi/scratch/GWAS/pheno_step1_1.loco] for phenotype 'IPF'
   -file [/mnt/gpfs1/project/Interstitial_Pneumonia/ANALYSIS/tnakanishi/scratch/GWAS/pheno_step1_2.loco] for phenotype 'ILD'
   -file [/mnt/gpfs1/project/Interstitial_Pneumonia/ANALYSIS/tnakanishi/scratch/GWAS/pheno_step1_3.loco] for phenotype 'FPF'
   -file [/mnt/gpfs1/project/Interstitial_Pneumonia/ANALYSIS/tnakanishi/scratch/GWAS/pheno_step1_4.loco] for phenotype 'sIPF'
 * # threads        : [20]
 * block size       : [400]
 * # blocks         : [2781]
 * approximate memory usage : 142MB
 * using minimum MAC of 5 (variants with lower MAC are ignored)
 * using fast Firth correction for logistic regression p-values less than 0.01
    - using back-correction to compute Firth SE

Chromosome 21 [2781 blocks in total]
   -reading loco predictions for the chromosome...done (27ms) 
   -fitting null logistic regression on binary phenotypes...done (1033ms) 
   -fitting null Firth logistic regression on binary phenotypes...done (95ms) 
 block [1/2781] : done (46ms) 
 block [2/2781] : done (26ms) 
 block [3/2781] : done (22ms) 
 block [4/2781] : done (31ms) 
 block [5/2781] : done (12ms) 
 block [6/2781] : done (26ms) 
 block [7/2781] : done (15ms) 
 block [8/2781] : done (16ms) 
 block [9/2781] : done (12ms) 
 block [10/2781] : done (15ms) 
 block [11/2781] : done (17ms) 
 block [12/2781] : done (17ms) 
 block [13/2781] : done (12ms) 
 block [14/2781] : done (17ms) 
 block [15/2781] : done (9ms) 
 block [16/2781] : done (7ms) 
 block [17/2781] : done (9ms) 
 block [18/2781] : done (13ms) 
 block [19/2781] : done (12ms) 
 block [20/2781] : done (10ms) 
 block [21/2781] : done (10ms) 
 block [22/2781] : done (15ms) 
 block [23/2781] : done (18ms) 
 block [24/2781] : done (10ms) 
 block [25/2781] : done (11ms) 
 block [26/2781] : done (8ms) 
 block [27/2781] : done (9ms) 
 block [28/2781] : done (7ms) 
 block [29/2781] : done (10ms) 
 block [30/2781] : done (8ms) 
 block [31/2781] : done (15ms) 
 block [32/2781] : done (6ms) 
 block [33/2781] : done (12ms) 
 block [34/2781] : done (11ms) 
 block [35/2781] : done (12ms) 
 block [36/2781] : done (18ms) 
 block [37/2781] : done (10ms) 
 block [38/2781] : done (10ms) 
 block [39/2781] : done (7ms) 
 block [40/2781] : done (6ms) 
 block [41/2781] : done (7ms) 
 block [42/2781] : done (11ms) 
 block [43/2781] : done (12ms) 
 block [44/2781] : done (7ms) 
 block [45/2781] : done (14ms) 
 block [46/2781] : done (11ms) 
 block [47/2781] : done (10ms) 
 block [48/2781] : done (11ms) 
 block [49/2781] : done (7ms) 
 block [50/2781] : done (8ms) 
 block [51/2781] : done (10ms) 
 block [52/2781] : done (13ms) 
 block [53/2781] : done (11ms) 
 block [54/2781] : done (10ms) 
 block [55/2781] : done (9ms) 
 block [56/2781] : done (9ms) 
 block [57/2781] : done (11ms) 
 block [58/2781] : done (8ms) 
 block [59/2781] : done (9ms) 
 block [60/2781] : done (13ms) 
 block [61/2781] : done (13ms) 
 block [62/2781] : done (12ms) 
 block [63/2781] : done (8ms) 
 block [64/2781] : done (9ms) 
 block [65/2781] : done (11ms) 
 block [66/2781] : done (11ms) 
 block [67/2781] : done (11ms) 
 block [68/2781] : done (11ms) 
 block [69/2781] : done (11ms) 
 block [70/2781] : done (9ms) 
 block [71/2781] : done (9ms) 
 block [72/2781] : done (13ms) 
 block [73/2781] : done (8ms) 
 block [74/2781] : done (6ms) 
 block [75/2781] : done (9ms) 
 block [76/2781] : done (9ms) 
 block [77/2781] : done (12ms) 
 block [78/2781] : done (7ms) 
 block [79/2781] : done (6ms) 
 block [80/2781] : done (9ms) 
 block [81/2781] : done (10ms) 
 block [82/2781] : done (7ms) 
 block [83/2781] : done (9ms) 
 block [84/2781] : done (7ms) 
 block [85/2781] : done (9ms) 
 block [86/2781] : done (9ms) 
 block [87/2781] : done (8ms) 
 block [88/2781] : done (19ms) 
 block [89/2781] : done (8ms) 
 block [90/2781] : done (7ms) 
 block [91/2781] : done (12ms) 
 block [92/2781] : done (9ms) 
 block [93/2781] : done (7ms) 
 block [94/2781] : done (10ms) 
 block [95/2781] : done (15ms) 
 block [96/2781] : done (14ms) 
 block [97/2781] : done (9ms) 
 block [98/2781] : done (6ms) 
 block [99/2781] : done (8ms) 
 block [100/2781] : done (10ms) 
 block [101/2781] : done (9ms) 
 block [102/2781] : done (7ms) 
 block [103/2781] : done (8ms) 
 block [104/2781] : done (9ms) 
 block [105/2781] : done (11ms) 
 block [106/2781] : done (7ms) 
 block [107/2781] : done (7ms) 
 block [108/2781] : done (6ms) 
 block [109/2781] : done (9ms) 
 block [110/2781] : done (9ms) 
 block [111/2781] : done (10ms) 
 block [112/2781] : done (13ms) 
 block [113/2781] : done (13ms) 
 block [114/2781] : done (8ms) 
 block [115/2781] : done (8ms) 
 block [116/2781] : done (12ms) 
 block [117/2781] : done (8ms) 
 block [118/2781] : done (6ms) 
 block [119/2781] : done (9ms) 
 block [120/2781] : done (10ms) 
 block [121/2781] : done (10ms) 
 block [122/2781] : done (12ms) 
 block [123/2781] : done (10ms) 
 block [124/2781] : done (11ms) 
 block [125/2781] : done (8ms) 
 block [126/2781] : done (12ms) 
 block [127/2781] : done (7ms) 
 block [128/2781] : done (13ms) 
 block [129/2781] : done (9ms) 
 block [130/2781] : done (9ms) 
 block [131/2781] : done (6ms) 
 block [132/2781] : done (12ms) 
 block [133/2781] : done (12ms) 
 block [134/2781] : done (10ms) 
 block [135/2781] : done (6ms) 
 block [136/2781] : done (11ms) 
 block [137/2781] : done (12ms) 
 block [138/2781] : done (7ms) 
 block [139/2781] : done (6ms) 
 block [140/2781] : done (10ms) 
 block [141/2781] : done (6ms) 
 block [142/2781] : done (8ms) 
 block [143/2781] : done (13ms) 
 block [144/2781] : done (7ms) 
 block [145/2781] : done (12ms) 
 block [146/2781] : done (6ms) 
 block [147/2781] : done (9ms) 
 block [148/2781] : done (8ms) 
 block [149/2781] : done (9ms) 
 block [150/2781] : done (8ms) 
 block [151/2781] : done (9ms) 
 block [152/2781] : done (16ms) 
 block [153/2781] : done (10ms) 
 block [154/2781] : done (11ms) 
 block [155/2781] : done (10ms) 
 block [156/2781] : done (12ms) 
 block [157/2781] : done (11ms) 
 block [158/2781] : done (6ms) 
 block [159/2781] : done (17ms) 
 block [160/2781] : done (12ms) 
 block [161/2781] : done (10ms) 
 block [162/2781] : done (13ms) 
 block [163/2781] : done (11ms) 
 block [164/2781] : done (14ms) 
 block [165/2781] : done (9ms) 
 block [166/2781] : done (10ms) 
 block [167/2781] : done (17ms) 
 block [168/2781] : done (14ms) 
 block [169/2781] : done (8ms) 
 block [170/2781] : done (16ms) 
 block [171/2781] : done (6ms) 
 block [172/2781] : done (6ms) 
 block [173/2781] : done (6ms) 
 block [174/2781] : done (9ms) 
 block [175/2781] : done (15ms) 
 block [176/2781] : done (9ms) 
 block [177/2781] : done (15ms) 
 block [178/2781] : done (12ms) 
 block [179/2781] : done (9ms) 
 block [180/2781] : done (6ms) 
 block [181/2781] : done (10ms) 
 block [182/2781] : done (9ms) 
 block [183/2781] : done (10ms) 
 block [184/2781] : done (11ms) 
 block [185/2781] : done (7ms) 
 block [186/2781] : done (10ms) 
 block [187/2781] : done (11ms) 
 block [188/2781] : done (10ms) 
 block [189/2781] : done (10ms) 
 block [190/2781] : done (13ms) 
 block [191/2781] : done (13ms) 
 block [192/2781] : done (14ms) 
 block [193/2781] : done (12ms) 
 block [194/2781] : done (7ms) 
 block [195/2781] : done (13ms) 
 block [196/2781] : done (11ms) 
 block [197/2781] : done (11ms) 
 block [198/2781] : done (8ms) 
 block [199/2781] : done (8ms) 
 block [200/2781] : done (9ms) 
 block [201/2781] : done (17ms) 
 block [202/2781] : done (14ms) 
 block [203/2781] : done (8ms) 
 block [204/2781] : done (12ms) 
 block [205/2781] : done (29ms) 
 block [206/2781] : done (18ms) 
 block [207/2781] : done (19ms) 
 block [208/2781] : done (14ms) 
 block [209/2781] : done (9ms) 
 block [210/2781] : done (22ms) 
 block [211/2781] : done (11ms) 
 block [212/2781] : done (12ms) 
 block [213/2781] : done (24ms) 
 block [214/2781] : done (9ms) 
 block [215/2781] : done (20ms) 
 block [216/2781] : done (8ms) 
 block [217/2781] : done (11ms) 
 block [218/2781] : done (15ms) 
 block [219/2781] : done (7ms) 
 block [220/2781] : done (10ms) 
 block [221/2781] : done (16ms) 
 block [222/2781] : done (13ms) 
 block [223/2781] : done (8ms) 
 block [224/2781] : done (16ms) 
 block [225/2781] : done (9ms) 
 block [226/2781] : done (10ms) 
 block [227/2781] : done (9ms) 
 block [228/2781] : done (15ms) 
 block [229/2781] : done (16ms) 
 block [230/2781] : done (15ms) 
 block [231/2781] : done (11ms) 
 block [232/2781] : done (12ms) 
 block [233/2781] : done (10ms) 
 block [234/2781] : done (7ms) 
 block [235/2781] : done (11ms) 
 block [236/2781] : done (10ms) 
 block [237/2781] : done (11ms) 
 block [238/2781] : done (7ms) 
 block [239/2781] : done (7ms) 
 block [240/2781] : done (11ms) 
 block [241/2781] : done (12ms) 
 block [242/2781] : done (9ms) 
 block [243/2781] : done (6ms) 
 block [244/2781] : done (11ms) 
 block [245/2781] : done (9ms) 
 block [246/2781] : done (9ms) 
 block [247/2781] : done (15ms) 
 block [248/2781] : done (10ms) 
 block [249/2781] : done (11ms) 
 block [250/2781] : done (12ms) 
 block [251/2781] : done (10ms) 
 block [252/2781] : done (10ms) 
 block [253/2781] : done (13ms) 
 block [254/2781] : done (10ms) 
 block [255/2781] : done (10ms) 
 block [256/2781] : done (8ms) 
 block [257/2781] : done (19ms) 
 block [258/2781] : done (18ms) 
 block [259/2781] : done (8ms) 
 block [260/2781] : done (13ms) 
 block [261/2781] : done (10ms) 
 block [262/2781] : done (9ms) 
 block [263/2781] : done (8ms) 
 block [264/2781] : done (8ms) 
 block [265/2781] : done (9ms) 
 block [266/2781] : done (9ms) 
 block [267/2781] : done (12ms) 
 block [268/2781] : done (14ms) 
 block [269/2781] : done (12ms) 
 block [270/2781] : done (11ms) 
 block [271/2781] : done (12ms) 
 block [272/2781] : done (13ms) 
 block [273/2781] : done (14ms) 
 block [274/2781] : done (10ms) 
 block [275/2781] : done (11ms) 
 block [276/2781] : done (11ms) 
 block [277/2781] : done (12ms) 
 block [278/2781] : done (12ms) 
 block [279/2781] : done (9ms) 
 block [280/2781] : done (12ms) 
 block [281/2781] : done (8ms) 
 block [282/2781] : done (8ms) 
 block [283/2781] : done (9ms) 
 block [284/2781] : done (9ms) 
 block [285/2781] : done (12ms) 
 block [286/2781] : done (8ms) 
 block [287/2781] : done (17ms) 
 block [288/2781] : done (8ms) 
 block [289/2781] : done (10ms) 
 block [290/2781] : done (15ms) 
 block [291/2781] : done (14ms) 
 block [292/2781] : done (9ms) 
 block [293/2781] : done (10ms) 
 block [294/2781] : done (9ms) 
 block [295/2781] : done (9ms) 
 block [296/2781] : done (12ms) 
 block [297/2781] : done (13ms) 
 block [298/2781] : done (9ms) 
 block [299/2781] : done (10ms) 
 block [300/2781] : done (8ms) 
 block [301/2781] : done (11ms) 
 block [302/2781] : done (9ms) 
 block [303/2781] : done (16ms) 
 block [304/2781] : done (10ms) 
 block [305/2781] : done (9ms) 
 block [306/2781] : done (12ms) 
 block [307/2781] : done (8ms) 
 block [308/2781] : done (16ms) 
 block [309/2781] : done (19ms) 
 block [310/2781] : done (9ms) 
 block [311/2781] : done (9ms) 
 block [312/2781] : done (8ms) 
 block [313/2781] : done (15ms) 
 block [314/2781] : done (10ms) 
 block [315/2781] : done (12ms) 
 block [316/2781] : done (11ms) 
 block [317/2781] : done (14ms) 
 block [318/2781] : done (12ms) 
 block [319/2781] : done (8ms) 
 block [320/2781] : done (10ms) 
 block [321/2781] : done (16ms) 
 block [322/2781] : done (8ms) 
 block [323/2781] : done (10ms) 
 block [324/2781] : done (13ms) 
 block [325/2781] : done (15ms) 
 block [326/2781] : done (13ms) 
 block [327/2781] : done (12ms) 
 block [328/2781] : done (16ms) 
 block [329/2781] : done (9ms) 
 block [330/2781] : done (16ms) 
 block [331/2781] : done (9ms) 
 block [332/2781] : done (9ms) 
 block [333/2781] : done (14ms) 
 block [334/2781] : done (9ms) 
 block [335/2781] : done (14ms) 
 block [336/2781] : done (21ms) 
 block [337/2781] : done (8ms) 
 block [338/2781] : done (6ms) 
 block [339/2781] : done (17ms) 
 block [340/2781] : done (12ms) 
 block [341/2781] : done (12ms) 
 block [342/2781] : done (11ms) 
 block [343/2781] : done (13ms) 
 block [344/2781] : done (11ms) 
 block [345/2781] : done (11ms) 
 block [346/2781] : done (12ms) 
 block [347/2781] : done (14ms) 
 block [348/2781] : done (9ms) 
 block [349/2781] : done (6ms) 
 block [350/2781] : done (13ms) 
 block [351/2781] : done (11ms) 
 block [352/2781] : done (8ms) 
 block [353/2781] : done (13ms) 
 block [354/2781] : done (12ms) 
 block [355/2781] : done (12ms) 
 block [356/2781] : done (19ms) 
 block [357/2781] : done (11ms) 
 block [358/2781] : done (16ms) 
 block [359/2781] : done (10ms) 
 block [360/2781] : done (13ms) 
 block [361/2781] : done (10ms) 
 block [362/2781] : done (10ms) 
 block [363/2781] : done (10ms) 
 block [364/2781] : done (9ms) 
 block [365/2781] : done (20ms) 
 block [366/2781] : done (16ms) 
 block [367/2781] : done (9ms) 
 block [368/2781] : done (9ms) 
 block [369/2781] : done (13ms) 
 block [370/2781] : done (11ms) 
 block [371/2781] : done (13ms) 
 block [372/2781] : done (14ms) 
 block [373/2781] : done (12ms) 
 block [374/2781] : done (9ms) 
 block [375/2781] : done (12ms) 
 block [376/2781] : done (13ms) 
 block [377/2781] : done (10ms) 
 block [378/2781] : done (13ms) 
 block [379/2781] : done (11ms) 
 block [380/2781] : done (8ms) 
 block [381/2781] : done (15ms) 
 block [382/2781] : done (11ms) 
 block [383/2781] : done (10ms) 
 block [384/2781] : done (9ms) 
 block [385/2781] : done (15ms) 
 block [386/2781] : done (14ms) 
 block [387/2781] : done (13ms) 
 block [388/2781] : done (14ms) 
 block [389/2781] : done (8ms) 
 block [390/2781] : done (10ms) 
 block [391/2781] : done (7ms) 
 block [392/2781] : done (22ms) 
 block [393/2781] : done (7ms) 
 block [394/2781] : done (15ms) 
 block [395/2781] : done (7ms) 
 block [396/2781] : done (10ms) 
 block [397/2781] : done (6ms) 
 block [398/2781] : done (14ms) 
 block [399/2781] : done (7ms) 
 block [400/2781] : done (13ms) 
 block [401/2781] : done (13ms) 
 block [402/2781] : done (8ms) 
 block [403/2781] : done (12ms) 
 block [404/2781] : done (8ms) 
 block [405/2781] : done (9ms) 
 block [406/2781] : done (13ms) 
 block [407/2781] : done (7ms) 
 block [408/2781] : done (10ms) 
 block [409/2781] : done (8ms) 
 block [410/2781] : done (12ms) 
 block [411/2781] : done (9ms) 
 block [412/2781] : done (9ms) 
 block [413/2781] : done (14ms) 
 block [414/2781] : done (15ms) 
 block [415/2781] : done (9ms) 
 block [416/2781] : done (10ms) 
 block [417/2781] : done (10ms) 
 block [418/2781] : done (10ms) 
 block [419/2781] : done (14ms) 
 block [420/2781] : done (8ms) 
 block [421/2781] : done (9ms) 
 block [422/2781] : done (11ms) 
 block [423/2781] : done (17ms) 
 block [424/2781] : done (13ms) 
 block [425/2781] : done (9ms) 
 block [426/2781] : done (8ms) 
 block [427/2781] : done (13ms) 
 block [428/2781] : done (9ms) 
 block [429/2781] : done (7ms) 
 block [430/2781] : done (14ms) 
 block [431/2781] : done (12ms) 
 block [432/2781] : done (12ms) 
 block [433/2781] : done (11ms) 
 block [434/2781] : done (21ms) 
 block [435/2781] : done (11ms) 
 block [436/2781] : done (15ms) 
 block [437/2781] : done (8ms) 
 block [438/2781] : done (8ms) 
 block [439/2781] : done (11ms) 
 block [440/2781] : done (11ms) 
 block [441/2781] : done (13ms) 
 block [442/2781] : done (14ms) 
 block [443/2781] : done (9ms) 
 block [444/2781] : done (10ms) 
 block [445/2781] : done (9ms) 
 block [446/2781] : done (10ms) 
 block [447/2781] : done (11ms) 
 block [448/2781] : done (10ms) 
 block [449/2781] : done (9ms) 
 block [450/2781] : done (14ms) 
 block [451/2781] : done (16ms) 
 block [452/2781] : done (8ms) 
 block [453/2781] : done (19ms) 
 block [454/2781] : done (21ms) 
 block [455/2781] : done (25ms) 
 block [456/2781] : done (18ms) 
 block [457/2781] : done (25ms) 
 block [458/2781] : done (22ms) 
 block [459/2781] : done (13ms) 
 block [460/2781] : done (15ms) 
 block [461/2781] : done (13ms) 
 block [462/2781] : done (12ms) 
 block [463/2781] : done (12ms) 
 block [464/2781] : done (14ms) 
 block [465/2781] : done (16ms) 
 block [466/2781] : done (9ms) 
 block [467/2781] : done (12ms) 
 block [468/2781] : done (13ms) 
 block [469/2781] : done (9ms) 
 block [470/2781] : done (11ms) 
 block [471/2781] : done (9ms) 
 block [472/2781] : done (9ms) 
 block [473/2781] : done (11ms) 
 block [474/2781] : done (13ms) 
 block [475/2781] : done (8ms) 
 block [476/2781] : done (12ms) 
 block [477/2781] : done (12ms) 
 block [478/2781] : done (11ms) 
 block [479/2781] : done (13ms) 
 block [480/2781] : done (12ms) 
 block [481/2781] : done (12ms) 
 block [482/2781] : done (11ms) 
 block [483/2781] : done (9ms) 
 block [484/2781] : done (13ms) 
 block [485/2781] : done (10ms) 
 block [486/2781] : done (11ms) 
 block [487/2781] : done (13ms) 
 block [488/2781] : done (13ms) 
 block [489/2781] : done (12ms) 
 block [490/2781] : done (16ms) 
 block [491/2781] : done (13ms) 
 block [492/2781] : done (13ms) 
 block [493/2781] : done (12ms) 
 block [494/2781] : done (11ms) 
 block [495/2781] : done (12ms) 
 block [496/2781] : done (8ms) 
 block [497/2781] : done (9ms) 
 block [498/2781] : done (9ms) 
 block [499/2781] : done (13ms) 
 block [500/2781] : done (11ms) 
 block [501/2781] : done (12ms) 
 block [502/2781] : done (12ms) 
 block [503/2781] : done (8ms) 
 block [504/2781] : done (15ms) 
 block [505/2781] : done (10ms) 
 block [506/2781] : done (9ms) 
 block [507/2781] : done (15ms) 
 block [508/2781] : done (13ms) 
 block [509/2781] : done (12ms) 
 block [510/2781] : done (12ms) 
 block [511/2781] : done (14ms) 
 block [512/2781] : done (9ms) 
 block [513/2781] : done (7ms) 
 block [514/2781] : done (14ms) 
 block [515/2781] : done (11ms) 
 block [516/2781] : done (17ms) 
 block [517/2781] : done (20ms) 
 block [518/2781] : done (28ms) 
 block [519/2781] : done (27ms) 
 block [520/2781] : done (21ms) 
 block [521/2781] : done (18ms) 
 block [522/2781] : done (11ms) 
 block [523/2781] : done (10ms) 
 block [524/2781] : done (9ms) 
 block [525/2781] : done (15ms) 
 block [526/2781] : done (15ms) 
 block [527/2781] : done (14ms) 
 block [528/2781] : done (8ms) 
 block [529/2781] : done (10ms) 
 block [530/2781] : done (14ms) 
 block [531/2781] : done (10ms) 
 block [532/2781] : done (15ms) 
 block [533/2781] : done (10ms) 
 block [534/2781] : done (8ms) 
 block [535/2781] : done (6ms) 
 block [536/2781] : done (14ms) 
 block [537/2781] : done (11ms) 
 block [538/2781] : done (9ms) 
 block [539/2781] : done (10ms) 
 block [540/2781] : done (9ms) 
 block [541/2781] : done (8ms) 
 block [542/2781] : done (11ms) 
 block [543/2781] : done (10ms) 
 block [544/2781] : done (10ms) 
 block [545/2781] : done (16ms) 
 block [546/2781] : done (9ms) 
 block [547/2781] : done (7ms) 
 block [548/2781] : done (8ms) 
 block [549/2781] : done (10ms) 
 block [550/2781] : done (12ms) 
 block [551/2781] : done (9ms) 
 block [552/2781] : done (8ms) 
 block [553/2781] : done (6ms) 
 block [554/2781] : done (13ms) 
 block [555/2781] : done (8ms) 
 block [556/2781] : done (6ms) 
 block [557/2781] : done (14ms) 
 block [558/2781] : done (9ms) 
 block [559/2781] : done (7ms) 
 block [560/2781] : done (11ms) 
 block [561/2781] : done (7ms) 
 block [562/2781] : done (13ms) 
 block [563/2781] : done (8ms) 
 block [564/2781] : done (7ms) 
 block [565/2781] : done (7ms) 
 block [566/2781] : done (12ms) 
 block [567/2781] : done (9ms) 
 block [568/2781] : done (9ms) 
 block [569/2781] : done (8ms) 
 block [570/2781] : done (9ms) 
 block [571/2781] : done (8ms) 
 block [572/2781] : done (8ms) 
 block [573/2781] : done (8ms) 
 block [574/2781] : done (10ms) 
 block [575/2781] : done (9ms) 
 block [576/2781] : done (8ms) 
 block [577/2781] : done (8ms) 
 block [578/2781] : done (12ms) 
 block [579/2781] : done (15ms) 
 block [580/2781] : done (8ms) 
 block [581/2781] : done (13ms) 
 block [582/2781] : done (9ms) 
 block [583/2781] : done (15ms) 
 block [584/2781] : done (11ms) 
 block [585/2781] : done (11ms) 
 block [586/2781] : done (14ms) 
 block [587/2781] : done (10ms) 
 block [588/2781] : done (8ms) 
 block [589/2781] : done (15ms) 
 block [590/2781] : done (13ms) 
 block [591/2781] : done (8ms) 
 block [592/2781] : done (12ms) 
 block [593/2781] : done (10ms) 
 block [594/2781] : done (8ms) 
 block [595/2781] : done (9ms) 
 block [596/2781] : done (8ms) 
 block [597/2781] : done (9ms) 
 block [598/2781] : done (8ms) 
 block [599/2781] : done (12ms) 
 block [600/2781] : done (9ms) 
 block [601/2781] : done (9ms) 
 block [602/2781] : done (11ms) 
 block [603/2781] : done (8ms) 
 block [604/2781] : done (10ms) 
 block [605/2781] : done (8ms) 
 block [606/2781] : done (8ms) 
 block [607/2781] : done (10ms) 
 block [608/2781] : done (15ms) 
 block [609/2781] : done (8ms) 
 block [610/2781] : done (10ms) 
 block [611/2781] : done (8ms) 
 block [612/2781] : done (14ms) 
 block [613/2781] : done (13ms) 
 block [614/2781] : done (9ms) 
 block [615/2781] : done (11ms) 
 block [616/2781] : done (17ms) 
 block [617/2781] : done (18ms) 
 block [618/2781] : done (13ms) 
 block [619/2781] : done (15ms) 
 block [620/2781] : done (18ms) 
 block [621/2781] : done (10ms) 
 block [622/2781] : done (10ms) 
 block [623/2781] : done (12ms) 
 block [624/2781] : done (15ms) 
 block [625/2781] : done (10ms) 
 block [626/2781] : done (13ms) 
 block [627/2781] : done (9ms) 
 block [628/2781] : done (9ms) 
 block [629/2781] : done (14ms) 
 block [630/2781] : done (16ms) 
 block [631/2781] : done (11ms) 
 block [632/2781] : done (12ms) 
 block [633/2781] : done (13ms) 
 block [634/2781] : done (10ms) 
 block [635/2781] : done (13ms) 
 block [636/2781] : done (10ms) 
 block [637/2781] : done (10ms) 
 block [638/2781] : done (9ms) 
 block [639/2781] : done (13ms) 
 block [640/2781] : done (17ms) 
 block [641/2781] : done (10ms) 
 block [642/2781] : done (9ms) 
 block [643/2781] : done (18ms) 
 block [644/2781] : done (14ms) 
 block [645/2781] : done (10ms) 
 block [646/2781] : done (12ms) 
 block [647/2781] : done (12ms) 
 block [648/2781] : done (8ms) 
 block [649/2781] : done (12ms) 
 block [650/2781] : done (11ms) 
 block [651/2781] : done (10ms) 
 block [652/2781] : done (15ms) 
 block [653/2781] : done (13ms) 
 block [654/2781] : done (14ms) 
 block [655/2781] : done (11ms) 
 block [656/2781] : done (8ms) 
 block [657/2781] : done (10ms) 
 block [658/2781] : done (12ms) 
 block [659/2781] : done (10ms) 
 block [660/2781] : done (13ms) 
 block [661/2781] : done (8ms) 
 block [662/2781] : done (12ms) 
 block [663/2781] : done (9ms) 
 block [664/2781] : done (7ms) 
 block [665/2781] : done (12ms) 
 block [666/2781] : done (9ms) 
 block [667/2781] : done (11ms) 
 block [668/2781] : done (10ms) 
 block [669/2781] : done (11ms) 
 block [670/2781] : done (9ms) 
 block [671/2781] : done (11ms) 
 block [672/2781] : done (9ms) 
 block [673/2781] : done (8ms) 
 block [674/2781] : done (10ms) 
 block [675/2781] : done (10ms) 
 block [676/2781] : done (10ms) 
 block [677/2781] : done (13ms) 
 block [678/2781] : done (10ms) 
 block [679/2781] : done (9ms) 
 block [680/2781] : done (12ms) 
 block [681/2781] : done (8ms) 
 block [682/2781] : done (10ms) 
 block [683/2781] : done (9ms) 
 block [684/2781] : done (20ms) 
 block [685/2781] : done (10ms) 
 block [686/2781] : done (9ms) 
 block [687/2781] : done (9ms) 
 block [688/2781] : done (15ms) 
 block [689/2781] : done (9ms) 
 block [690/2781] : done (12ms) 
 block [691/2781] : done (9ms) 
 block [692/2781] : done (10ms) 
 block [693/2781] : done (8ms) 
 block [694/2781] : done (13ms) 
 block [695/2781] : done (8ms) 
 block [696/2781] : done (8ms) 
 block [697/2781] : done (10ms) 
 block [698/2781] : done (10ms) 
 block [699/2781] : done (13ms) 
 block [700/2781] : done (17ms) 
 block [701/2781] : done (11ms) 
 block [702/2781] : done (8ms) 
 block [703/2781] : done (14ms) 
 block [704/2781] : done (10ms) 
 block [705/2781] : done (8ms) 
 block [706/2781] : done (25ms) 
 block [707/2781] : done (13ms) 
 block [708/2781] : done (11ms) 
 block [709/2781] : done (12ms) 
 block [710/2781] : done (10ms) 
 block [711/2781] : done (8ms) 
 block [712/2781] : done (8ms) 
 block [713/2781] : done (9ms) 
 block [714/2781] : done (11ms) 
 block [715/2781] : done (8ms) 
 block [716/2781] : done (9ms) 
 block [717/2781] : done (13ms) 
 block [718/2781] : done (11ms) 
 block [719/2781] : done (9ms) 
 block [720/2781] : done (9ms) 
 block [721/2781] : done (10ms) 
 block [722/2781] : done (12ms) 
 block [723/2781] : done (8ms) 
 block [724/2781] : done (9ms) 
 block [725/2781] : done (14ms) 
 block [726/2781] : done (12ms) 
 block [727/2781] : done (14ms) 
 block [728/2781] : done (12ms) 
 block [729/2781] : done (15ms) 
 block [730/2781] : done (8ms) 
 block [731/2781] : done (9ms) 
 block [732/2781] : done (14ms) 
 block [733/2781] : done (9ms) 
 block [734/2781] : done (8ms) 
 block [735/2781] : done (11ms) 
 block [736/2781] : done (13ms) 
 block [737/2781] : done (9ms) 
 block [738/2781] : done (11ms) 
 block [739/2781] : done (8ms) 
 block [740/2781] : done (13ms) 
 block [741/2781] : done (10ms) 
 block [742/2781] : done (10ms) 
 block [743/2781] : done (12ms) 
 block [744/2781] : done (11ms) 
 block [745/2781] : done (12ms) 
 block [746/2781] : done (11ms) 
 block [747/2781] : done (15ms) 
 block [748/2781] : done (16ms) 
 block [749/2781] : done (11ms) 
 block [750/2781] : done (13ms) 
 block [751/2781] : done (8ms) 
 block [752/2781] : done (9ms) 
 block [753/2781] : done (12ms) 
 block [754/2781] : done (13ms) 
 block [755/2781] : done (9ms) 
 block [756/2781] : done (9ms) 
 block [757/2781] : done (17ms) 
 block [758/2781] : done (15ms) 
 block [759/2781] : done (12ms) 
 block [760/2781] : done (9ms) 
 block [761/2781] : done (12ms) 
 block [762/2781] : done (11ms) 
 block [763/2781] : done (8ms) 
 block [764/2781] : done (8ms) 
 block [765/2781] : done (11ms) 
 block [766/2781] : done (11ms) 
 block [767/2781] : done (9ms) 
 block [768/2781] : done (10ms) 
 block [769/2781] : done (9ms) 
 block [770/2781] : done (8ms) 
 block [771/2781] : done (14ms) 
 block [772/2781] : done (18ms) 
 block [773/2781] : done (8ms) 
 block [774/2781] : done (9ms) 
 block [775/2781] : done (9ms) 
 block [776/2781] : done (10ms) 
 block [777/2781] : done (11ms) 
 block [778/2781] : done (8ms) 
 block [779/2781] : done (15ms) 
 block [780/2781] : done (12ms) 
 block [781/2781] : done (13ms) 
 block [782/2781] : done (14ms) 
 block [783/2781] : done (9ms) 
 block [784/2781] : done (14ms) 
 block [785/2781] : done (9ms) 
 block [786/2781] : done (13ms) 
 block [787/2781] : done (12ms) 
 block [788/2781] : done (8ms) 
 block [789/2781] : done (7ms) 
 block [790/2781] : done (12ms) 
 block [791/2781] : done (10ms) 
 block [792/2781] : done (9ms) 
 block [793/2781] : done (9ms) 
 block [794/2781] : done (10ms) 
 block [795/2781] : done (12ms) 
 block [796/2781] : done (10ms) 
 block [797/2781] : done (9ms) 
 block [798/2781] : done (8ms) 
 block [799/2781] : done (11ms) 
 block [800/2781] : done (15ms) 
 block [801/2781] : done (15ms) 
 block [802/2781] : done (11ms) 
 block [803/2781] : done (12ms) 
 block [804/2781] : done (12ms) 
 block [805/2781] : done (13ms) 
 block [806/2781] : done (19ms) 
 block [807/2781] : done (14ms) 
 block [808/2781] : done (10ms) 
 block [809/2781] : done (13ms) 
 block [810/2781] : done (12ms) 
 block [811/2781] : done (9ms) 
 block [812/2781] : done (11ms) 
 block [813/2781] : done (9ms) 
 block [814/2781] : done (9ms) 
 block [815/2781] : done (13ms) 
 block [816/2781] : done (9ms) 
 block [817/2781] : done (8ms) 
 block [818/2781] : done (8ms) 
 block [819/2781] : done (9ms) 
 block [820/2781] : done (9ms) 
 block [821/2781] : done (12ms) 
 block [822/2781] : done (9ms) 
 block [823/2781] : done (9ms) 
 block [824/2781] : done (8ms) 
 block [825/2781] : done (16ms) 
 block [826/2781] : done (10ms) 
 block [827/2781] : done (8ms) 
 block [828/2781] : done (9ms) 
 block [829/2781] : done (16ms) 
 block [830/2781] : done (12ms) 
 block [831/2781] : done (12ms) 
 block [832/2781] : done (12ms) 
 block [833/2781] : done (10ms) 
 block [834/2781] : done (14ms) 
 block [835/2781] : done (9ms) 
 block [836/2781] : done (11ms) 
 block [837/2781] : done (9ms) 
 block [838/2781] : done (8ms) 
 block [839/2781] : done (8ms) 
 block [840/2781] : done (11ms) 
 block [841/2781] : done (14ms) 
 block [842/2781] : done (11ms) 
 block [843/2781] : done (12ms) 
 block [844/2781] : done (10ms) 
 block [845/2781] : done (14ms) 
 block [846/2781] : done (12ms) 
 block [847/2781] : done (14ms) 
 block [848/2781] : done (12ms) 
 block [849/2781] : done (10ms) 
 block [850/2781] : done (18ms) 
 block [851/2781] : done (19ms) 
 block [852/2781] : done (21ms) 
 block [853/2781] : done (22ms) 
 block [854/2781] : done (20ms) 
 block [855/2781] : done (13ms) 
 block [856/2781] : done (15ms) 
 block [857/2781] : done (23ms) 
 block [858/2781] : done (22ms) 
 block [859/2781] : done (21ms) 
 block [860/2781] : done (11ms) 
 block [861/2781] : done (10ms) 
 block [862/2781] : done (19ms) 
 block [863/2781] : done (13ms) 
 block [864/2781] : done (7ms) 
 block [865/2781] : done (13ms) 
 block [866/2781] : done (15ms) 
 block [867/2781] : done (8ms) 
 block [868/2781] : done (16ms) 
 block [869/2781] : done (15ms) 
 block [870/2781] : done (18ms) 
 block [871/2781] : done (9ms) 
 block [872/2781] : done (8ms) 
 block [873/2781] : done (11ms) 
 block [874/2781] : done (9ms) 
 block [875/2781] : done (11ms) 
 block [876/2781] : done (13ms) 
 block [877/2781] : done (8ms) 
 block [878/2781] : done (8ms) 
 block [879/2781] : done (9ms) 
 block [880/2781] : done (10ms) 
 block [881/2781] : done (10ms) 
 block [882/2781] : done (9ms) 
 block [883/2781] : done (10ms) 
 block [884/2781] : done (10ms) 
 block [885/2781] : done (8ms) 
 block [886/2781] : done (9ms) 
 block [887/2781] : done (10ms) 
 block [888/2781] : done (9ms) 
 block [889/2781] : done (13ms) 
 block [890/2781] : done (8ms) 
 block [891/2781] : done (17ms) 
 block [892/2781] : done (8ms) 
 block [893/2781] : done (13ms) 
 block [894/2781] : done (12ms) 
 block [895/2781] : done (8ms) 
 block [896/2781] : done (11ms) 
 block [897/2781] : done (13ms) 
 block [898/2781] : done (11ms) 
 block [899/2781] : done (11ms) 
 block [900/2781] : done (7ms) 
 block [901/2781] : done (9ms) 
 block [902/2781] : done (7ms) 
 block [903/2781] : done (8ms) 
 block [904/2781] : done (11ms) 
 block [905/2781] : done (10ms) 
 block [906/2781] : done (11ms) 
 block [907/2781] : done (14ms) 
 block [908/2781] : done (12ms) 
 block [909/2781] : done (6ms) 
 block [910/2781] : done (6ms) 
 block [911/2781] : done (11ms) 
 block [912/2781] : done (12ms) 
 block [913/2781] : done (13ms) 
 block [914/2781] : done (24ms) 
 block [915/2781] : done (11ms) 
 block [916/2781] : done (10ms) 
 block [917/2781] : done (11ms) 
 block [918/2781] : done (12ms) 
 block [919/2781] : done (9ms) 
 block [920/2781] : done (13ms) 
 block [921/2781] : done (16ms) 
 block [922/2781] : done (12ms) 
 block [923/2781] : done (7ms) 
 block [924/2781] : done (7ms) 
 block [925/2781] : done (8ms) 
 block [926/2781] : done (29ms) 
 block [927/2781] : done (19ms) 
 block [928/2781] : done (21ms) 
 block [929/2781] : done (18ms) 
 block [930/2781] : done (17ms) 
 block [931/2781] : done (17ms) 
 block [932/2781] : done (28ms) 
 block [933/2781] : done (9ms) 
 block [934/2781] : done (26ms) 
 block [935/2781] : done (13ms) 
 block [936/2781] : done (18ms) 
 block [937/2781] : done (14ms) 
 block [938/2781] : done (11ms) 
 block [939/2781] : done (14ms) 
 block [940/2781] : done (11ms) 
 block [941/2781] : done (9ms) 
 block [942/2781] : done (10ms) 
 block [943/2781] : done (10ms) 
 block [944/2781] : done (8ms) 
 block [945/2781] : done (6ms) 
 block [946/2781] : done (10ms) 
 block [947/2781] : done (13ms) 
 block [948/2781] : done (13ms) 
 block [949/2781] : done (15ms) 
 block [950/2781] : done (9ms) 
 block [951/2781] : done (7ms) 
 block [952/2781] : done (16ms) 
 block [953/2781] : done (13ms) 
 block [954/2781] : done (15ms) 
 block [955/2781] : done (15ms) 
 block [956/2781] : done (9ms) 
 block [957/2781] : done (9ms) 
 block [958/2781] : done (11ms) 
 block [959/2781] : done (16ms) 
 block [960/2781] : done (9ms) 
 block [961/2781] : done (7ms) 
 block [962/2781] : done (7ms) 
 block [963/2781] : done (8ms) 
 block [964/2781] : done (8ms) 
 block [965/2781] : done (9ms) 
 block [966/2781] : done (11ms) 
 block [967/2781] : done (9ms) 
 block [968/2781] : done (9ms) 
 block [969/2781] : done (10ms) 
 block [970/2781] : done (7ms) 
 block [971/2781] : done (10ms) 
 block [972/2781] : done (14ms) 
 block [973/2781] : done (7ms) 
 block [974/2781] : done (11ms) 
 block [975/2781] : done (7ms) 
 block [976/2781] : done (15ms) 
 block [977/2781] : done (9ms) 
 block [978/2781] : done (6ms) 
 block [979/2781] : done (9ms) 
 block [980/2781] : done (8ms) 
 block [981/2781] : done (9ms) 
 block [982/2781] : done (9ms) 
 block [983/2781] : done (13ms) 
 block [984/2781] : done (7ms) 
 block [985/2781] : done (14ms) 
 block [986/2781] : done (13ms) 
 block [987/2781] : done (12ms) 
 block [988/2781] : done (9ms) 
 block [989/2781] : done (13ms) 
 block [990/2781] : done (10ms) 
 block [991/2781] : done (11ms) 
 block [992/2781] : done (12ms) 
 block [993/2781] : done (9ms) 
 block [994/2781] : done (13ms) 
 block [995/2781] : done (11ms) 
 block [996/2781] : done (14ms) 
 block [997/2781] : done (15ms) 
 block [998/2781] : done (13ms) 
 block [999/2781] : done (12ms) 
 block [1000/2781] : done (10ms) 
 block [1001/2781] : done (11ms) 
 block [1002/2781] : done (11ms) 
 block [1003/2781] : done (13ms) 
 block [1004/2781] : done (6ms) 
 block [1005/2781] : done (7ms) 
 block [1006/2781] : done (9ms) 
 block [1007/2781] : done (6ms) 
 block [1008/2781] : done (7ms) 
 block [1009/2781] : done (10ms) 
 block [1010/2781] : done (9ms) 
 block [1011/2781] : done (11ms) 
 block [1012/2781] : done (13ms) 
 block [1013/2781] : done (6ms) 
 block [1014/2781] : done (8ms) 
 block [1015/2781] : done (10ms) 
 block [1016/2781] : done (7ms) 
 block [1017/2781] : done (7ms) 
 block [1018/2781] : done (7ms) 
 block [1019/2781] : done (12ms) 
 block [1020/2781] : done (6ms) 
 block [1021/2781] : done (13ms) 
 block [1022/2781] : done (12ms) 
 block [1023/2781] : done (8ms) 
 block [1024/2781] : done (14ms) 
 block [1025/2781] : done (11ms) 
 block [1026/2781] : done (8ms) 
 block [1027/2781] : done (7ms) 
 block [1028/2781] : done (11ms) 
 block [1029/2781] : done (6ms) 
 block [1030/2781] : done (10ms) 
 block [1031/2781] : done (8ms) 
 block [1032/2781] : done (8ms) 
 block [1033/2781] : done (10ms) 
 block [1034/2781] : done (7ms) 
 block [1035/2781] : done (9ms) 
 block [1036/2781] : done (7ms) 
 block [1037/2781] : done (8ms) 
 block [1038/2781] : done (14ms) 
 block [1039/2781] : done (8ms) 
 block [1040/2781] : done (14ms) 
 block [1041/2781] : done (7ms) 
 block [1042/2781] : done (7ms) 
 block [1043/2781] : done (10ms) 
 block [1044/2781] : done (12ms) 
 block [1045/2781] : done (12ms) 
 block [1046/2781] : done (10ms) 
 block [1047/2781] : done (12ms) 
 block [1048/2781] : done (19ms) 
 block [1049/2781] : done (6ms) 
 block [1050/2781] : done (7ms) 
 block [1051/2781] : done (10ms) 
 block [1052/2781] : done (6ms) 
 block [1053/2781] : done (7ms) 
 block [1054/2781] : done (13ms) 
 block [1055/2781] : done (11ms) 
 block [1056/2781] : done (13ms) 
 block [1057/2781] : done (9ms) 
 block [1058/2781] : done (9ms) 
 block [1059/2781] : done (10ms) 
 block [1060/2781] : done (8ms) 
 block [1061/2781] : done (7ms) 
 block [1062/2781] : done (10ms) 
 block [1063/2781] : done (8ms) 
 block [1064/2781] : done (9ms) 
 block [1065/2781] : done (10ms) 
 block [1066/2781] : done (12ms) 
 block [1067/2781] : done (7ms) 
 block [1068/2781] : done (13ms) 
 block [1069/2781] : done (12ms) 
 block [1070/2781] : done (13ms) 
 block [1071/2781] : done (7ms) 
 block [1072/2781] : done (12ms) 
 block [1073/2781] : done (13ms) 
 block [1074/2781] : done (11ms) 
 block [1075/2781] : done (12ms) 
 block [1076/2781] : done (25ms) 
 block [1077/2781] : done (8ms) 
 block [1078/2781] : done (7ms) 
 block [1079/2781] : done (9ms) 
 block [1080/2781] : done (10ms) 
 block [1081/2781] : done (6ms) 
 block [1082/2781] : done (18ms) 
 block [1083/2781] : done (8ms) 
 block [1084/2781] : done (17ms) 
 block [1085/2781] : done (12ms) 
 block [1086/2781] : done (10ms) 
 block [1087/2781] : done (14ms) 
 block [1088/2781] : done (10ms) 
 block [1089/2781] : done (23ms) 
 block [1090/2781] : done (9ms) 
 block [1091/2781] : done (16ms) 
 block [1092/2781] : done (13ms) 
 block [1093/2781] : done (10ms) 
 block [1094/2781] : done (12ms) 
 block [1095/2781] : done (8ms) 
 block [1096/2781] : done (10ms) 
 block [1097/2781] : done (9ms) 
 block [1098/2781] : done (13ms) 
 block [1099/2781] : done (13ms) 
 block [1100/2781] : done (10ms) 
 block [1101/2781] : done (8ms) 
 block [1102/2781] : done (8ms) 
 block [1103/2781] : done (13ms) 
 block [1104/2781] : done (13ms) 
 block [1105/2781] : done (12ms) 
 block [1106/2781] : done (16ms) 
 block [1107/2781] : done (13ms) 
 block [1108/2781] : done (9ms) 
 block [1109/2781] : done (10ms) 
 block [1110/2781] : done (9ms) 
 block [1111/2781] : done (8ms) 
 block [1112/2781] : done (14ms) 
 block [1113/2781] : done (14ms) 
 block [1114/2781] : done (13ms) 
 block [1115/2781] : done (13ms) 
 block [1116/2781] : done (10ms) 
 block [1117/2781] : done (9ms) 
 block [1118/2781] : done (9ms) 
 block [1119/2781] : done (9ms) 
 block [1120/2781] : done (8ms) 
 block [1121/2781] : done (9ms) 
 block [1122/2781] : done (7ms) 
 block [1123/2781] : done (11ms) 
 block [1124/2781] : done (8ms) 
 block [1125/2781] : done (8ms) 
 block [1126/2781] : done (10ms) 
 block [1127/2781] : done (16ms) 
 block [1128/2781] : done (14ms) 
 block [1129/2781] : done (11ms) 
 block [1130/2781] : done (13ms) 
 block [1131/2781] : done (13ms) 
 block [1132/2781] : done (13ms) 
 block [1133/2781] : done (8ms) 
 block [1134/2781] : done (12ms) 
 block [1135/2781] : done (9ms) 
 block [1136/2781] : done (11ms) 
 block [1137/2781] : done (15ms) 
 block [1138/2781] : done (13ms) 
 block [1139/2781] : done (15ms) 
 block [1140/2781] : done (12ms) 
 block [1141/2781] : done (14ms) 
 block [1142/2781] : done (14ms) 
 block [1143/2781] : done (11ms) 
 block [1144/2781] : done (6ms) 
 block [1145/2781] : done (11ms) 
 block [1146/2781] : done (7ms) 
 block [1147/2781] : done (6ms) 
 block [1148/2781] : done (13ms) 
 block [1149/2781] : done (6ms) 
 block [1150/2781] : done (8ms) 
 block [1151/2781] : done (10ms) 
 block [1152/2781] : done (14ms) 
 block [1153/2781] : done (11ms) 
 block [1154/2781] : done (7ms) 
 block [1155/2781] : done (10ms) 
 block [1156/2781] : done (13ms) 
 block [1157/2781] : done (19ms) 
 block [1158/2781] : done (9ms) 
 block [1159/2781] : done (8ms) 
 block [1160/2781] : done (12ms) 
 block [1161/2781] : done (9ms) 
 block [1162/2781] : done (14ms) 
 block [1163/2781] : done (16ms) 
 block [1164/2781] : done (10ms) 
 block [1165/2781] : done (8ms) 
 block [1166/2781] : done (15ms) 
 block [1167/2781] : done (10ms) 
 block [1168/2781] : done (6ms) 
 block [1169/2781] : done (9ms) 
 block [1170/2781] : done (8ms) 
 block [1171/2781] : done (9ms) 
 block [1172/2781] : done (6ms) 
 block [1173/2781] : done (9ms) 
 block [1174/2781] : done (7ms) 
 block [1175/2781] : done (7ms) 
 block [1176/2781] : done (6ms) 
 block [1177/2781] : done (8ms) 
 block [1178/2781] : done (9ms) 
 block [1179/2781] : done (11ms) 
 block [1180/2781] : done (13ms) 
 block [1181/2781] : done (11ms) 
 block [1182/2781] : done (10ms) 
 block [1183/2781] : done (9ms) 
 block [1184/2781] : done (13ms) 
 block [1185/2781] : done (10ms) 
 block [1186/2781] : done (10ms) 
 block [1187/2781] : done (10ms) 
 block [1188/2781] : done (15ms) 
 block [1189/2781] : done (9ms) 
 block [1190/2781] : done (11ms) 
 block [1191/2781] : done (15ms) 
 block [1192/2781] : done (7ms) 
 block [1193/2781] : done (12ms) 
 block [1194/2781] : done (8ms) 
 block [1195/2781] : done (7ms) 
 block [1196/2781] : done (12ms) 
 block [1197/2781] : done (15ms) 
 block [1198/2781] : done (12ms) 
 block [1199/2781] : done (9ms) 
 block [1200/2781] : done (9ms) 
 block [1201/2781] : done (13ms) 
 block [1202/2781] : done (10ms) 
 block [1203/2781] : done (12ms) 
 block [1204/2781] : done (13ms) 
 block [1205/2781] : done (13ms) 
 block [1206/2781] : done (16ms) 
 block [1207/2781] : done (9ms) 
 block [1208/2781] : done (10ms) 
 block [1209/2781] : done (8ms) 
 block [1210/2781] : done (9ms) 
 block [1211/2781] : done (11ms) 
 block [1212/2781] : done (12ms) 
 block [1213/2781] : done (6ms) 
 block [1214/2781] : done (8ms) 
 block [1215/2781] : done (9ms) 
 block [1216/2781] : done (12ms) 
 block [1217/2781] : done (6ms) 
 block [1218/2781] : done (14ms) 
 block [1219/2781] : done (13ms) 
 block [1220/2781] : done (6ms) 
 block [1221/2781] : done (11ms) 
 block [1222/2781] : done (6ms) 
 block [1223/2781] : done (8ms) 
 block [1224/2781] : done (6ms) 
 block [1225/2781] : done (8ms) 
 block [1226/2781] : done (15ms) 
 block [1227/2781] : done (6ms) 
 block [1228/2781] : done (7ms) 
 block [1229/2781] : done (15ms) 
 block [1230/2781] : done (12ms) 
 block [1231/2781] : done (9ms) 
 block [1232/2781] : done (11ms) 
 block [1233/2781] : done (13ms) 
 block [1234/2781] : done (9ms) 
 block [1235/2781] : done (9ms) 
 block [1236/2781] : done (10ms) 
 block [1237/2781] : done (10ms) 
 block [1238/2781] : done (9ms) 
 block [1239/2781] : done (14ms) 
 block [1240/2781] : done (12ms) 
 block [1241/2781] : done (10ms) 
 block [1242/2781] : done (8ms) 
 block [1243/2781] : done (12ms) 
 block [1244/2781] : done (10ms) 
 block [1245/2781] : done (12ms) 
 block [1246/2781] : done (9ms) 
 block [1247/2781] : done (10ms) 
 block [1248/2781] : done (15ms) 
 block [1249/2781] : done (20ms) 
 block [1250/2781] : done (8ms) 
 block [1251/2781] : done (10ms) 
 block [1252/2781] : done (9ms) 
 block [1253/2781] : done (12ms) 
 block [1254/2781] : done (13ms) 
 block [1255/2781] : done (10ms) 
 block [1256/2781] : done (10ms) 
 block [1257/2781] : done (16ms) 
 block [1258/2781] : done (11ms) 
 block [1259/2781] : done (16ms) 
 block [1260/2781] : done (15ms) 
 block [1261/2781] : done (8ms) 
 block [1262/2781] : done (13ms) 
 block [1263/2781] : done (8ms) 
 block [1264/2781] : done (14ms) 
 block [1265/2781] : done (30ms) 
 block [1266/2781] : done (17ms) 
 block [1267/2781] : done (22ms) 
 block [1268/2781] : done (17ms) 
 block [1269/2781] : done (25ms) 
 block [1270/2781] : done (21ms) 
 block [1271/2781] : done (19ms) 
 block [1272/2781] : done (12ms) 
 block [1273/2781] : done (13ms) 
 block [1274/2781] : done (19ms) 
 block [1275/2781] : done (17ms) 
 block [1276/2781] : done (21ms) 
 block [1277/2781] : done (17ms) 
 block [1278/2781] : done (14ms) 
 block [1279/2781] : done (18ms) 
 block [1280/2781] : done (12ms) 
 block [1281/2781] : done (13ms) 
 block [1282/2781] : done (14ms) 
 block [1283/2781] : done (12ms) 
 block [1284/2781] : done (12ms) 
 block [1285/2781] : done (9ms) 
 block [1286/2781] : done (16ms) 
 block [1287/2781] : done (12ms) 
 block [1288/2781] : done (12ms) 
 block [1289/2781] : done (15ms) 
 block [1290/2781] : done (18ms) 
 block [1291/2781] : done (25ms) 
 block [1292/2781] : done (19ms) 
 block [1293/2781] : done (15ms) 
 block [1294/2781] : done (14ms) 
 block [1295/2781] : done (12ms) 
 block [1296/2781] : done (14ms) 
 block [1297/2781] : done (15ms) 
 block [1298/2781] : done (12ms) 
 block [1299/2781] : done (11ms) 
 block [1300/2781] : done (14ms) 
 block [1301/2781] : done (13ms) 
 block [1302/2781] : done (13ms) 
 block [1303/2781] : done (10ms) 
 block [1304/2781] : done (14ms) 
 block [1305/2781] : done (13ms) 
 block [1306/2781] : done (12ms) 
 block [1307/2781] : done (28ms) 
 block [1308/2781] : done (33ms) 
 block [1309/2781] : done (20ms) 
 block [1310/2781] : done (22ms) 
 block [1311/2781] : done (19ms) 
 block [1312/2781] : done (17ms) 
 block [1313/2781] : done (13ms) 
 block [1314/2781] : done (14ms) 
 block [1315/2781] : done (21ms) 
 block [1316/2781] : done (14ms) 
 block [1317/2781] : done (20ms) 
 block [1318/2781] : done (13ms) 
 block [1319/2781] : done (15ms) 
 block [1320/2781] : done (15ms) 
 block [1321/2781] : done (16ms) 
 block [1322/2781] : done (18ms) 
 block [1323/2781] : done (15ms) 
 block [1324/2781] : done (15ms) 
 block [1325/2781] : done (14ms) 
 block [1326/2781] : done (11ms) 
 block [1327/2781] : done (12ms) 
 block [1328/2781] : done (12ms) 
 block [1329/2781] : done (9ms) 
 block [1330/2781] : done (8ms) 
 block [1331/2781] : done (18ms) 
 block [1332/2781] : done (11ms) 
 block [1333/2781] : done (13ms) 
 block [1334/2781] : done (12ms) 
 block [1335/2781] : done (9ms) 
 block [1336/2781] : done (10ms) 
 block [1337/2781] : done (11ms) 
 block [1338/2781] : done (18ms) 
 block [1339/2781] : done (11ms) 
 block [1340/2781] : done (10ms) 
 block [1341/2781] : done (9ms) 
 block [1342/2781] : done (8ms) 
 block [1343/2781] : done (13ms) 
 block [1344/2781] : done (17ms) 
 block [1345/2781] : done (12ms) 
 block [1346/2781] : done (9ms) 
 block [1347/2781] : done (9ms) 
 block [1348/2781] : done (13ms) 
 block [1349/2781] : done (11ms) 
 block [1350/2781] : done (14ms) 
 block [1351/2781] : done (16ms) 
 block [1352/2781] : done (8ms) 
 block [1353/2781] : done (10ms) 
 block [1354/2781] : done (13ms) 
 block [1355/2781] : done (8ms) 
 block [1356/2781] : done (10ms) 
 block [1357/2781] : done (14ms) 
 block [1358/2781] : done (8ms) 
 block [1359/2781] : done (10ms) 
 block [1360/2781] : done (12ms) 
 block [1361/2781] : done (15ms) 
 block [1362/2781] : done (13ms) 
 block [1363/2781] : done (9ms) 
 block [1364/2781] : done (8ms) 
 block [1365/2781] : done (9ms) 
 block [1366/2781] : done (9ms) 
 block [1367/2781] : done (16ms) 
 block [1368/2781] : done (16ms) 
 block [1369/2781] : done (15ms) 
 block [1370/2781] : done (12ms) 
 block [1371/2781] : done (12ms) 
 block [1372/2781] : done (20ms) 
 block [1373/2781] : done (13ms) 
 block [1374/2781] : done (13ms) 
 block [1375/2781] : done (14ms) 
 block [1376/2781] : done (11ms) 
 block [1377/2781] : done (13ms) 
 block [1378/2781] : done (12ms) 
 block [1379/2781] : done (13ms) 
 block [1380/2781] : done (12ms) 
 block [1381/2781] : done (16ms) 
 block [1382/2781] : done (8ms) 
 block [1383/2781] : done (17ms) 
 block [1384/2781] : done (12ms) 
 block [1385/2781] : done (9ms) 
 block [1386/2781] : done (10ms) 
 block [1387/2781] : done (8ms) 
 block [1388/2781] : done (12ms) 
 block [1389/2781] : done (13ms) 
 block [1390/2781] : done (15ms) 
 block [1391/2781] : done (10ms) 
 block [1392/2781] : done (16ms) 
 block [1393/2781] : done (25ms) 
 block [1394/2781] : done (17ms) 
 block [1395/2781] : done (9ms) 
 block [1396/2781] : done (13ms) 
 block [1397/2781] : done (8ms) 
 block [1398/2781] : done (16ms) 
 block [1399/2781] : done (10ms) 
 block [1400/2781] : done (8ms) 
 block [1401/2781] : done (8ms) 
 block [1402/2781] : done (9ms) 
 block [1403/2781] : done (11ms) 
 block [1404/2781] : done (16ms) 
 block [1405/2781] : done (11ms) 
 block [1406/2781] : done (13ms) 
 block [1407/2781] : done (10ms) 
 block [1408/2781] : done (12ms) 
 block [1409/2781] : done (9ms) 
 block [1410/2781] : done (15ms) 
 block [1411/2781] : done (14ms) 
 block [1412/2781] : done (14ms) 
 block [1413/2781] : done (8ms) 
 block [1414/2781] : done (15ms) 
 block [1415/2781] : done (13ms) 
 block [1416/2781] : done (13ms) 
 block [1417/2781] : done (10ms) 
 block [1418/2781] : done (11ms) 
 block [1419/2781] : done (9ms) 
 block [1420/2781] : done (7ms) 
 block [1421/2781] : done (11ms) 
 block [1422/2781] : done (8ms) 
 block [1423/2781] : done (6ms) 
 block [1424/2781] : done (19ms) 
 block [1425/2781] : done (13ms) 
 block [1426/2781] : done (17ms) 
 block [1427/2781] : done (17ms) 
 block [1428/2781] : done (13ms) 
 block [1429/2781] : done (8ms) 
 block [1430/2781] : done (13ms) 
 block [1431/2781] : done (10ms) 
 block [1432/2781] : done (14ms) 
 block [1433/2781] : done (10ms) 
 block [1434/2781] : done (7ms) 
 block [1435/2781] : done (6ms) 
 block [1436/2781] : done (10ms) 
 block [1437/2781] : done (13ms) 
 block [1438/2781] : done (9ms) 
 block [1439/2781] : done (9ms) 
 block [1440/2781] : done (6ms) 
 block [1441/2781] : done (7ms) 
 block [1442/2781] : done (9ms) 
 block [1443/2781] : done (10ms) 
 block [1444/2781] : done (10ms) 
 block [1445/2781] : done (24ms) 
 block [1446/2781] : done (8ms) 
 block [1447/2781] : done (11ms) 
 block [1448/2781] : done (11ms) 
 block [1449/2781] : done (20ms) 
 block [1450/2781] : done (8ms) 
 block [1451/2781] : done (15ms) 
 block [1452/2781] : done (14ms) 
 block [1453/2781] : done (23ms) 
 block [1454/2781] : done (12ms) 
 block [1455/2781] : done (8ms) 
 block [1456/2781] : done (13ms) 
 block [1457/2781] : done (9ms) 
 block [1458/2781] : done (9ms) 
 block [1459/2781] : done (9ms) 
 block [1460/2781] : done (8ms) 
 block [1461/2781] : done (7ms) 
 block [1462/2781] : done (6ms) 
 block [1463/2781] : done (14ms) 
 block [1464/2781] : done (13ms) 
 block [1465/2781] : done (14ms) 
 block [1466/2781] : done (9ms) 
 block [1467/2781] : done (12ms) 
 block [1468/2781] : done (7ms) 
 block [1469/2781] : done (9ms) 
 block [1470/2781] : done (8ms) 
 block [1471/2781] : done (13ms) 
 block [1472/2781] : done (10ms) 
 block [1473/2781] : done (11ms) 
 block [1474/2781] : done (8ms) 
 block [1475/2781] : done (9ms) 
 block [1476/2781] : done (11ms) 
 block [1477/2781] : done (10ms) 
 block [1478/2781] : done (9ms) 
 block [1479/2781] : done (9ms) 
 block [1480/2781] : done (9ms) 
 block [1481/2781] : done (7ms) 
 block [1482/2781] : done (12ms) 
 block [1483/2781] : done (7ms) 
 block [1484/2781] : done (6ms) 
 block [1485/2781] : done (11ms) 
 block [1486/2781] : done (8ms) 
 block [1487/2781] : done (8ms) 
 block [1488/2781] : done (12ms) 
 block [1489/2781] : done (7ms) 
 block [1490/2781] : done (7ms) 
 block [1491/2781] : done (11ms) 
 block [1492/2781] : done (8ms) 
 block [1493/2781] : done (8ms) 
 block [1494/2781] : done (9ms) 
 block [1495/2781] : done (8ms) 
 block [1496/2781] : done (14ms) 
 block [1497/2781] : done (16ms) 
 block [1498/2781] : done (11ms) 
 block [1499/2781] : done (10ms) 
 block [1500/2781] : done (7ms) 
 block [1501/2781] : done (12ms) 
 block [1502/2781] : done (18ms) 
 block [1503/2781] : done (15ms) 
 block [1504/2781] : done (9ms) 
 block [1505/2781] : done (7ms) 
 block [1506/2781] : done (8ms) 
 block [1507/2781] : done (10ms) 
 block [1508/2781] : done (12ms) 
 block [1509/2781] : done (14ms) 
 block [1510/2781] : done (11ms) 
 block [1511/2781] : done (13ms) 
 block [1512/2781] : done (11ms) 
 block [1513/2781] : done (9ms) 
 block [1514/2781] : done (8ms) 
 block [1515/2781] : done (11ms) 
 block [1516/2781] : done (12ms) 
 block [1517/2781] : done (13ms) 
 block [1518/2781] : done (13ms) 
 block [1519/2781] : done (8ms) 
 block [1520/2781] : done (10ms) 
 block [1521/2781] : done (8ms) 
 block [1522/2781] : done (12ms) 
 block [1523/2781] : done (9ms) 
 block [1524/2781] : done (17ms) 
 block [1525/2781] : done (11ms) 
 block [1526/2781] : done (10ms) 
 block [1527/2781] : done (8ms) 
 block [1528/2781] : done (9ms) 
 block [1529/2781] : done (12ms) 
 block [1530/2781] : done (8ms) 
 block [1531/2781] : done (9ms) 
 block [1532/2781] : done (11ms) 
 block [1533/2781] : done (14ms) 
 block [1534/2781] : done (9ms) 
 block [1535/2781] : done (12ms) 
 block [1536/2781] : done (8ms) 
 block [1537/2781] : done (9ms) 
 block [1538/2781] : done (11ms) 
 block [1539/2781] : done (10ms) 
 block [1540/2781] : done (7ms) 
 block [1541/2781] : done (9ms) 
 block [1542/2781] : done (13ms) 
 block [1543/2781] : done (17ms) 
 block [1544/2781] : done (17ms) 
 block [1545/2781] : done (10ms) 
 block [1546/2781] : done (17ms) 
 block [1547/2781] : done (9ms) 
 block [1548/2781] : done (14ms) 
 block [1549/2781] : done (7ms) 
 block [1550/2781] : done (8ms) 
 block [1551/2781] : done (7ms) 
 block [1552/2781] : done (11ms) 
 block [1553/2781] : done (7ms) 
 block [1554/2781] : done (8ms) 
 block [1555/2781] : done (8ms) 
 block [1556/2781] : done (10ms) 
 block [1557/2781] : done (12ms) 
 block [1558/2781] : done (7ms) 
 block [1559/2781] : done (6ms) 
 block [1560/2781] : done (10ms) 
 block [1561/2781] : done (10ms) 
 block [1562/2781] : done (7ms) 
 block [1563/2781] : done (10ms) 
 block [1564/2781] : done (10ms) 
 block [1565/2781] : done (10ms) 
 block [1566/2781] : done (6ms) 
 block [1567/2781] : done (11ms) 
 block [1568/2781] : done (12ms) 
 block [1569/2781] : done (7ms) 
 block [1570/2781] : done (8ms) 
 block [1571/2781] : done (11ms) 
 block [1572/2781] : done (18ms) 
 block [1573/2781] : done (7ms) 
 block [1574/2781] : done (11ms) 
 block [1575/2781] : done (9ms) 
 block [1576/2781] : done (7ms) 
 block [1577/2781] : done (13ms) 
 block [1578/2781] : done (9ms) 
 block [1579/2781] : done (9ms) 
 block [1580/2781] : done (12ms) 
 block [1581/2781] : done (9ms) 
 block [1582/2781] : done (8ms) 
 block [1583/2781] : done (8ms) 
 block [1584/2781] : done (8ms) 
 block [1585/2781] : done (10ms) 
 block [1586/2781] : done (10ms) 
 block [1587/2781] : done (12ms) 
 block [1588/2781] : done (10ms) 
 block [1589/2781] : done (14ms) 
 block [1590/2781] : done (13ms) 
 block [1591/2781] : done (14ms) 
 block [1592/2781] : done (12ms) 
 block [1593/2781] : done (9ms) 
 block [1594/2781] : done (12ms) 
 block [1595/2781] : done (12ms) 
 block [1596/2781] : done (8ms) 
 block [1597/2781] : done (12ms) 
 block [1598/2781] : done (13ms) 
 block [1599/2781] : done (9ms) 
 block [1600/2781] : done (11ms) 
 block [1601/2781] : done (11ms) 
 block [1602/2781] : done (9ms) 
 block [1603/2781] : done (11ms) 
 block [1604/2781] : done (9ms) 
 block [1605/2781] : done (17ms) 
 block [1606/2781] : done (8ms) 
 block [1607/2781] : done (8ms) 
 block [1608/2781] : done (9ms) 
 block [1609/2781] : done (12ms) 
 block [1610/2781] : done (14ms) 
 block [1611/2781] : done (13ms) 
 block [1612/2781] : done (7ms) 
 block [1613/2781] : done (7ms) 
 block [1614/2781] : done (8ms) 
 block [1615/2781] : done (10ms) 
 block [1616/2781] : done (16ms) 
 block [1617/2781] : done (9ms) 
 block [1618/2781] : done (12ms) 
 block [1619/2781] : done (6ms) 
 block [1620/2781] : done (6ms) 
 block [1621/2781] : done (10ms) 
 block [1622/2781] : done (14ms) 
 block [1623/2781] : done (10ms) 
 block [1624/2781] : done (7ms) 
 block [1625/2781] : done (11ms) 
 block [1626/2781] : done (14ms) 
 block [1627/2781] : done (6ms) 
 block [1628/2781] : done (8ms) 
 block [1629/2781] : done (7ms) 
 block [1630/2781] : done (11ms) 
 block [1631/2781] : done (9ms) 
 block [1632/2781] : done (14ms) 
 block [1633/2781] : done (10ms) 
 block [1634/2781] : done (9ms) 
 block [1635/2781] : done (10ms) 
 block [1636/2781] : done (16ms) 
 block [1637/2781] : done (15ms) 
 block [1638/2781] : done (7ms) 
 block [1639/2781] : done (7ms) 
 block [1640/2781] : done (12ms) 
 block [1641/2781] : done (10ms) 
 block [1642/2781] : done (15ms) 
 block [1643/2781] : done (14ms) 
 block [1644/2781] : done (6ms) 
 block [1645/2781] : done (8ms) 
 block [1646/2781] : done (8ms) 
 block [1647/2781] : done (7ms) 
 block [1648/2781] : done (6ms) 
 block [1649/2781] : done (12ms) 
 block [1650/2781] : done (28ms) 
 block [1651/2781] : done (14ms) 
 block [1652/2781] : done (25ms) 
 block [1653/2781] : done (13ms) 
 block [1654/2781] : done (17ms) 
 block [1655/2781] : done (15ms) 
 block [1656/2781] : done (13ms) 
 block [1657/2781] : done (9ms) 
 block [1658/2781] : done (11ms) 
 block [1659/2781] : done (8ms) 
 block [1660/2781] : done (17ms) 
 block [1661/2781] : done (15ms) 
 block [1662/2781] : done (14ms) 
 block [1663/2781] : done (10ms) 
 block [1664/2781] : done (17ms) 
 block [1665/2781] : done (12ms) 
 block [1666/2781] : done (8ms) 
 block [1667/2781] : done (9ms) 
 block [1668/2781] : done (18ms) 
 block [1669/2781] : done (15ms) 
 block [1670/2781] : done (14ms) 
 block [1671/2781] : done (10ms) 
 block [1672/2781] : done (15ms) 
 block [1673/2781] : done (8ms) 
 block [1674/2781] : done (20ms) 
 block [1675/2781] : done (8ms) 
 block [1676/2781] : done (10ms) 
 block [1677/2781] : done (13ms) 
 block [1678/2781] : done (8ms) 
 block [1679/2781] : done (12ms) 
 block [1680/2781] : done (9ms) 
 block [1681/2781] : done (8ms) 
 block [1682/2781] : done (11ms) 
 block [1683/2781] : done (10ms) 
 block [1684/2781] : done (8ms) 
 block [1685/2781] : done (10ms) 
 block [1686/2781] : done (8ms) 
 block [1687/2781] : done (11ms) 
 block [1688/2781] : done (11ms) 
 block [1689/2781] : done (8ms) 
 block [1690/2781] : done (12ms) 
 block [1691/2781] : done (9ms) 
 block [1692/2781] : done (10ms) 
 block [1693/2781] : done (10ms) 
 block [1694/2781] : done (14ms) 
 block [1695/2781] : done (9ms) 
 block [1696/2781] : done (9ms) 
 block [1697/2781] : done (9ms) 
 block [1698/2781] : done (12ms) 
 block [1699/2781] : done (11ms) 
 block [1700/2781] : done (16ms) 
 block [1701/2781] : done (9ms) 
 block [1702/2781] : done (8ms) 
 block [1703/2781] : done (11ms) 
 block [1704/2781] : done (13ms) 
 block [1705/2781] : done (9ms) 
 block [1706/2781] : done (8ms) 
 block [1707/2781] : done (11ms) 
 block [1708/2781] : done (9ms) 
 block [1709/2781] : done (11ms) 
 block [1710/2781] : done (10ms) 
 block [1711/2781] : done (10ms) 
 block [1712/2781] : done (13ms) 
 block [1713/2781] : done (9ms) 
 block [1714/2781] : done (12ms) 
 block [1715/2781] : done (11ms) 
 block [1716/2781] : done (9ms) 
 block [1717/2781] : done (8ms) 
 block [1718/2781] : done (21ms) 
 block [1719/2781] : done (8ms) 
 block [1720/2781] : done (9ms) 
 block [1721/2781] : done (9ms) 
 block [1722/2781] : done (9ms) 
 block [1723/2781] : done (12ms) 
 block [1724/2781] : done (6ms) 
 block [1725/2781] : done (11ms) 
 block [1726/2781] : done (8ms) 
 block [1727/2781] : done (30ms) 
 block [1728/2781] : done (14ms) 
 block [1729/2781] : done (18ms) 
 block [1730/2781] : done (12ms) 
 block [1731/2781] : done (17ms) 
 block [1732/2781] : done (12ms) 
 block [1733/2781] : done (8ms) 
 block [1734/2781] : done (8ms) 
 block [1735/2781] : done (15ms) 
 block [1736/2781] : done (13ms) 
 block [1737/2781] : done (12ms) 
 block [1738/2781] : done (14ms) 
 block [1739/2781] : done (6ms) 
 block [1740/2781] : done (7ms) 
 block [1741/2781] : done (12ms) 
 block [1742/2781] : done (10ms) 
 block [1743/2781] : done (9ms) 
 block [1744/2781] : done (6ms) 
 block [1745/2781] : done (8ms) 
 block [1746/2781] : done (7ms) 
 block [1747/2781] : done (13ms) 
 block [1748/2781] : done (6ms) 
 block [1749/2781] : done (12ms) 
 block [1750/2781] : done (11ms) 
 block [1751/2781] : done (10ms) 
 block [1752/2781] : done (7ms) 
 block [1753/2781] : done (8ms) 
 block [1754/2781] : done (12ms) 
 block [1755/2781] : done (12ms) 
 block [1756/2781] : done (8ms) 
 block [1757/2781] : done (11ms) 
 block [1758/2781] : done (9ms) 
 block [1759/2781] : done (9ms) 
 block [1760/2781] : done (10ms) 
 block [1761/2781] : done (9ms) 
 block [1762/2781] : done (9ms) 
 block [1763/2781] : done (13ms) 
 block [1764/2781] : done (7ms) 
 block [1765/2781] : done (13ms) 
 block [1766/2781] : done (6ms) 
 block [1767/2781] : done (15ms) 
 block [1768/2781] : done (6ms) 
 block [1769/2781] : done (12ms) 
 block [1770/2781] : done (11ms) 
 block [1771/2781] : done (10ms) 
 block [1772/2781] : done (7ms) 
 block [1773/2781] : done (8ms) 
 block [1774/2781] : done (12ms) 
 block [1775/2781] : done (8ms) 
 block [1776/2781] : done (7ms) 
 block [1777/2781] : done (11ms) 
 block [1778/2781] : done (11ms) 
 block [1779/2781] : done (9ms) 
 block [1780/2781] : done (8ms) 
 block [1781/2781] : done (7ms) 
 block [1782/2781] : done (10ms) 
 block [1783/2781] : done (10ms) 
 block [1784/2781] : done (14ms) 
 block [1785/2781] : done (16ms) 
 block [1786/2781] : done (13ms) 
 block [1787/2781] : done (6ms) 
 block [1788/2781] : done (6ms) 
 block [1789/2781] : done (8ms) 
 block [1790/2781] : done (10ms) 
 block [1791/2781] : done (7ms) 
 block [1792/2781] : done (10ms) 
 block [1793/2781] : done (11ms) 
 block [1794/2781] : done (8ms) 
 block [1795/2781] : done (9ms) 
 block [1796/2781] : done (9ms) 
 block [1797/2781] : done (14ms) 
 block [1798/2781] : done (9ms) 
 block [1799/2781] : done (9ms) 
 block [1800/2781] : done (26ms) 
 block [1801/2781] : done (15ms) 
 block [1802/2781] : done (13ms) 
 block [1803/2781] : done (13ms) 
 block [1804/2781] : done (11ms) 
 block [1805/2781] : done (9ms) 
 block [1806/2781] : done (9ms) 
 block [1807/2781] : done (8ms) 
 block [1808/2781] : done (8ms) 
 block [1809/2781] : done (10ms) 
 block [1810/2781] : done (10ms) 
 block [1811/2781] : done (10ms) 
 block [1812/2781] : done (11ms) 
 block [1813/2781] : done (8ms) 
 block [1814/2781] : done (8ms) 
 block [1815/2781] : done (10ms) 
 block [1816/2781] : done (9ms) 
 block [1817/2781] : done (8ms) 
 block [1818/2781] : done (11ms) 
 block [1819/2781] : done (8ms) 
 block [1820/2781] : done (9ms) 
 block [1821/2781] : done (10ms) 
 block [1822/2781] : done (8ms) 
 block [1823/2781] : done (15ms) 
 block [1824/2781] : done (10ms) 
 block [1825/2781] : done (16ms) 
 block [1826/2781] : done (9ms) 
 block [1827/2781] : done (13ms) 
 block [1828/2781] : done (11ms) 
 block [1829/2781] : done (10ms) 
 block [1830/2781] : done (11ms) 
 block [1831/2781] : done (14ms) 
 block [1832/2781] : done (9ms) 
 block [1833/2781] : done (8ms) 
 block [1834/2781] : done (10ms) 
 block [1835/2781] : done (10ms) 
 block [1836/2781] : done (8ms) 
 block [1837/2781] : done (9ms) 
 block [1838/2781] : done (10ms) 
 block [1839/2781] : done (9ms) 
 block [1840/2781] : done (8ms) 
 block [1841/2781] : done (8ms) 
 block [1842/2781] : done (13ms) 
 block [1843/2781] : done (8ms) 
 block [1844/2781] : done (12ms) 
 block [1845/2781] : done (8ms) 
 block [1846/2781] : done (13ms) 
 block [1847/2781] : done (12ms) 
 block [1848/2781] : done (10ms) 
 block [1849/2781] : done (6ms) 
 block [1850/2781] : done (9ms) 
 block [1851/2781] : done (13ms) 
 block [1852/2781] : done (15ms) 
 block [1853/2781] : done (10ms) 
 block [1854/2781] : done (10ms) 
 block [1855/2781] : done (11ms) 
 block [1856/2781] : done (9ms) 
 block [1857/2781] : done (7ms) 
 block [1858/2781] : done (9ms) 
 block [1859/2781] : done (17ms) 
 block [1860/2781] : done (6ms) 
 block [1861/2781] : done (13ms) 
 block [1862/2781] : done (14ms) 
 block [1863/2781] : done (10ms) 
 block [1864/2781] : done (10ms) 
 block [1865/2781] : done (12ms) 
 block [1866/2781] : done (8ms) 
 block [1867/2781] : done (7ms) 
 block [1868/2781] : done (9ms) 
 block [1869/2781] : done (8ms) 
 block [1870/2781] : done (8ms) 
 block [1871/2781] : done (10ms) 
 block [1872/2781] : done (17ms) 
 block [1873/2781] : done (14ms) 
 block [1874/2781] : done (9ms) 
 block [1875/2781] : done (14ms) 
 block [1876/2781] : done (10ms) 
 block [1877/2781] : done (11ms) 
 block [1878/2781] : done (8ms) 
 block [1879/2781] : done (6ms) 
 block [1880/2781] : done (9ms) 
 block [1881/2781] : done (7ms) 
 block [1882/2781] : done (16ms) 
 block [1883/2781] : done (7ms) 
 block [1884/2781] : done (11ms) 
 block [1885/2781] : done (15ms) 
 block [1886/2781] : done (11ms) 
 block [1887/2781] : done (6ms) 
 block [1888/2781] : done (9ms) 
 block [1889/2781] : done (12ms) 
 block [1890/2781] : done (9ms) 
 block [1891/2781] : done (7ms) 
 block [1892/2781] : done (7ms) 
 block [1893/2781] : done (9ms) 
 block [1894/2781] : done (12ms) 
 block [1895/2781] : done (10ms) 
 block [1896/2781] : done (9ms) 
 block [1897/2781] : done (8ms) 
 block [1898/2781] : done (12ms) 
 block [1899/2781] : done (11ms) 
 block [1900/2781] : done (10ms) 
 block [1901/2781] : done (7ms) 
 block [1902/2781] : done (11ms) 
 block [1903/2781] : done (9ms) 
 block [1904/2781] : done (22ms) 
 block [1905/2781] : done (8ms) 
 block [1906/2781] : done (7ms) 
 block [1907/2781] : done (9ms) 
 block [1908/2781] : done (15ms) 
 block [1909/2781] : done (9ms) 
 block [1910/2781] : done (7ms) 
 block [1911/2781] : done (14ms) 
 block [1912/2781] : done (6ms) 
 block [1913/2781] : done (10ms) 
 block [1914/2781] : done (13ms) 
 block [1915/2781] : done (9ms) 
 block [1916/2781] : done (9ms) 
 block [1917/2781] : done (10ms) 
 block [1918/2781] : done (11ms) 
 block [1919/2781] : done (10ms) 
 block [1920/2781] : done (8ms) 
 block [1921/2781] : done (12ms) 
 block [1922/2781] : done (9ms) 
 block [1923/2781] : done (11ms) 
 block [1924/2781] : done (9ms) 
 block [1925/2781] : done (8ms) 
 block [1926/2781] : done (17ms) 
 block [1927/2781] : done (8ms) 
 block [1928/2781] : done (9ms) 
 block [1929/2781] : done (8ms) 
 block [1930/2781] : done (11ms) 
 block [1931/2781] : done (7ms) 
 block [1932/2781] : done (10ms) 
 block [1933/2781] : done (16ms) 
 block [1934/2781] : done (6ms) 
 block [1935/2781] : done (9ms) 
 block [1936/2781] : done (6ms) 
 block [1937/2781] : done (6ms) 
 block [1938/2781] : done (8ms) 
 block [1939/2781] : done (8ms) 
 block [1940/2781] : done (9ms) 
 block [1941/2781] : done (12ms) 
 block [1942/2781] : done (10ms) 
 block [1943/2781] : done (10ms) 
 block [1944/2781] : done (8ms) 
 block [1945/2781] : done (6ms) 
 block [1946/2781] : done (10ms) 
 block [1947/2781] : done (11ms) 
 block [1948/2781] : done (10ms) 
 block [1949/2781] : done (9ms) 
 block [1950/2781] : done (11ms) 
 block [1951/2781] : done (12ms) 
 block [1952/2781] : done (13ms) 
 block [1953/2781] : done (6ms) 
 block [1954/2781] : done (9ms) 
 block [1955/2781] : done (12ms) 
 block [1956/2781] : done (6ms) 
 block [1957/2781] : done (10ms) 
 block [1958/2781] : done (11ms) 
 block [1959/2781] : done (8ms) 
 block [1960/2781] : done (15ms) 
 block [1961/2781] : done (10ms) 
 block [1962/2781] : done (7ms) 
 block [1963/2781] : done (7ms) 
 block [1964/2781] : done (14ms) 
 block [1965/2781] : done (8ms) 
 block [1966/2781] : done (9ms) 
 block [1967/2781] : done (8ms) 
 block [1968/2781] : done (14ms) 
 block [1969/2781] : done (8ms) 
 block [1970/2781] : done (13ms) 
 block [1971/2781] : done (9ms) 
 block [1972/2781] : done (7ms) 
 block [1973/2781] : done (10ms) 
 block [1974/2781] : done (8ms) 
 block [1975/2781] : done (9ms) 
 block [1976/2781] : done (12ms) 
 block [1977/2781] : done (11ms) 
 block [1978/2781] : done (11ms) 
 block [1979/2781] : done (11ms) 
 block [1980/2781] : done (12ms) 
 block [1981/2781] : done (11ms) 
 block [1982/2781] : done (11ms) 
 block [1983/2781] : done (11ms) 
 block [1984/2781] : done (7ms) 
 block [1985/2781] : done (15ms) 
 block [1986/2781] : done (11ms) 
 block [1987/2781] : done (8ms) 
 block [1988/2781] : done (10ms) 
 block [1989/2781] : done (10ms) 
 block [1990/2781] : done (10ms) 
 block [1991/2781] : done (9ms) 
 block [1992/2781] : done (15ms) 
 block [1993/2781] : done (8ms) 
 block [1994/2781] : done (9ms) 
 block [1995/2781] : done (10ms) 
 block [1996/2781] : done (8ms) 
 block [1997/2781] : done (6ms) 
 block [1998/2781] : done (10ms) 
 block [1999/2781] : done (8ms) 
 block [2000/2781] : done (9ms) 
 block [2001/2781] : done (10ms) 
 block [2002/2781] : done (7ms) 
 block [2003/2781] : done (15ms) 
 block [2004/2781] : done (6ms) 
 block [2005/2781] : done (9ms) 
 block [2006/2781] : done (8ms) 
 block [2007/2781] : done (12ms) 
 block [2008/2781] : done (6ms) 
 block [2009/2781] : done (9ms) 
 block [2010/2781] : done (8ms) 
 block [2011/2781] : done (11ms) 
 block [2012/2781] : done (6ms) 
 block [2013/2781] : done (10ms) 
 block [2014/2781] : done (6ms) 
 block [2015/2781] : done (14ms) 
 block [2016/2781] : done (21ms) 
 block [2017/2781] : done (9ms) 
 block [2018/2781] : done (13ms) 
 block [2019/2781] : done (7ms) 
 block [2020/2781] : done (9ms) 
 block [2021/2781] : done (9ms) 
 block [2022/2781] : done (6ms) 
 block [2023/2781] : done (7ms) 
 block [2024/2781] : done (10ms) 
 block [2025/2781] : done (8ms) 
 block [2026/2781] : done (7ms) 
 block [2027/2781] : done (7ms) 
 block [2028/2781] : done (11ms) 
 block [2029/2781] : done (7ms) 
 block [2030/2781] : done (9ms) 
 block [2031/2781] : done (12ms) 
 block [2032/2781] : done (7ms) 
 block [2033/2781] : done (6ms) 
 block [2034/2781] : done (14ms) 
 block [2035/2781] : done (11ms) 
 block [2036/2781] : done (9ms) 
 block [2037/2781] : done (7ms) 
 block [2038/2781] : done (8ms) 
 block [2039/2781] : done (9ms) 
 block [2040/2781] : done (10ms) 
 block [2041/2781] : done (8ms) 
 block [2042/2781] : done (11ms) 
 block [2043/2781] : done (11ms) 
 block [2044/2781] : done (7ms) 
 block [2045/2781] : done (13ms) 
 block [2046/2781] : done (10ms) 
 block [2047/2781] : done (8ms) 
 block [2048/2781] : done (12ms) 
 block [2049/2781] : done (12ms) 
 block [2050/2781] : done (7ms) 
 block [2051/2781] : done (11ms) 
 block [2052/2781] : done (10ms) 
 block [2053/2781] : done (11ms) 
 block [2054/2781] : done (7ms) 
 block [2055/2781] : done (7ms) 
 block [2056/2781] : done (9ms) 
 block [2057/2781] : done (7ms) 
 block [2058/2781] : done (15ms) 
 block [2059/2781] : done (14ms) 
 block [2060/2781] : done (8ms) 
 block [2061/2781] : done (8ms) 
 block [2062/2781] : done (9ms) 
 block [2063/2781] : done (13ms) 
 block [2064/2781] : done (9ms) 
 block [2065/2781] : done (11ms) 
 block [2066/2781] : done (9ms) 
 block [2067/2781] : done (8ms) 
 block [2068/2781] : done (10ms) 
 block [2069/2781] : done (9ms) 
 block [2070/2781] : done (15ms) 
 block [2071/2781] : done (10ms) 
 block [2072/2781] : done (7ms) 
 block [2073/2781] : done (9ms) 
 block [2074/2781] : done (6ms) 
 block [2075/2781] : done (10ms) 
 block [2076/2781] : done (6ms) 
 block [2077/2781] : done (7ms) 
 block [2078/2781] : done (8ms) 
 block [2079/2781] : done (8ms) 
 block [2080/2781] : done (6ms) 
 block [2081/2781] : done (10ms) 
 block [2082/2781] : done (11ms) 
 block [2083/2781] : done (10ms) 
 block [2084/2781] : done (9ms) 
 block [2085/2781] : done (9ms) 
 block [2086/2781] : done (12ms) 
 block [2087/2781] : done (12ms) 
 block [2088/2781] : done (8ms) 
 block [2089/2781] : done (11ms) 
 block [2090/2781] : done (8ms) 
 block [2091/2781] : done (12ms) 
 block [2092/2781] : done (6ms) 
 block [2093/2781] : done (7ms) 
 block [2094/2781] : done (15ms) 
 block [2095/2781] : done (15ms) 
 block [2096/2781] : done (7ms) 
 block [2097/2781] : done (6ms) 
 block [2098/2781] : done (14ms) 
 block [2099/2781] : done (14ms) 
 block [2100/2781] : done (25ms) 
 block [2101/2781] : done (13ms) 
 block [2102/2781] : done (11ms) 
 block [2103/2781] : done (14ms) 
 block [2104/2781] : done (12ms) 
 block [2105/2781] : done (12ms) 
 block [2106/2781] : done (27ms) 
 block [2107/2781] : done (8ms) 
 block [2108/2781] : done (12ms) 
 block [2109/2781] : done (19ms) 
 block [2110/2781] : done (19ms) 
 block [2111/2781] : done (8ms) 
 block [2112/2781] : done (10ms) 
 block [2113/2781] : done (8ms) 
 block [2114/2781] : done (13ms) 
 block [2115/2781] : done (9ms) 
 block [2116/2781] : done (9ms) 
 block [2117/2781] : done (10ms) 
 block [2118/2781] : done (6ms) 
 block [2119/2781] : done (9ms) 
 block [2120/2781] : done (13ms) 
 block [2121/2781] : done (12ms) 
 block [2122/2781] : done (8ms) 
 block [2123/2781] : done (7ms) 
 block [2124/2781] : done (11ms) 
 block [2125/2781] : done (12ms) 
 block [2126/2781] : done (10ms) 
 block [2127/2781] : done (12ms) 
 block [2128/2781] : done (10ms) 
 block [2129/2781] : done (15ms) 
 block [2130/2781] : done (15ms) 
 block [2131/2781] : done (12ms) 
 block [2132/2781] : done (14ms) 
 block [2133/2781] : done (13ms) 
 block [2134/2781] : done (7ms) 
 block [2135/2781] : done (9ms) 
 block [2136/2781] : done (18ms) 
 block [2137/2781] : done (12ms) 
 block [2138/2781] : done (14ms) 
 block [2139/2781] : done (9ms) 
 block [2140/2781] : done (15ms) 
 block [2141/2781] : done (13ms) 
 block [2142/2781] : done (20ms) 
 block [2143/2781] : done (11ms) 
 block [2144/2781] : done (10ms) 
 block [2145/2781] : done (12ms) 
 block [2146/2781] : done (13ms) 
 block [2147/2781] : done (8ms) 
 block [2148/2781] : done (10ms) 
 block [2149/2781] : done (14ms) 
 block [2150/2781] : done (16ms) 
 block [2151/2781] : done (12ms) 
 block [2152/2781] : done (12ms) 
 block [2153/2781] : done (13ms) 
 block [2154/2781] : done (12ms) 
 block [2155/2781] : done (9ms) 
 block [2156/2781] : done (13ms) 
 block [2157/2781] : done (9ms) 
 block [2158/2781] : done (12ms) 
 block [2159/2781] : done (10ms) 
 block [2160/2781] : done (11ms) 
 block [2161/2781] : done (12ms) 
 block [2162/2781] : done (10ms) 
 block [2163/2781] : done (12ms) 
 block [2164/2781] : done (12ms) 
 block [2165/2781] : done (15ms) 
 block [2166/2781] : done (10ms) 
 block [2167/2781] : done (7ms) 
 block [2168/2781] : done (10ms) 
 block [2169/2781] : done (14ms) 
 block [2170/2781] : done (9ms) 
 block [2171/2781] : done (11ms) 
 block [2172/2781] : done (14ms) 
 block [2173/2781] : done (12ms) 
 block [2174/2781] : done (13ms) 
 block [2175/2781] : done (26ms) 
 block [2176/2781] : done (20ms) 
 block [2177/2781] : done (24ms) 
 block [2178/2781] : done (25ms) 
 block [2179/2781] : done (17ms) 
 block [2180/2781] : done (25ms) 
 block [2181/2781] : done (20ms) 
 block [2182/2781] : done (14ms) 
 block [2183/2781] : done (11ms) 
 block [2184/2781] : done (18ms) 
 block [2185/2781] : done (14ms) 
 block [2186/2781] : done (12ms) 
 block [2187/2781] : done (12ms) 
 block [2188/2781] : done (12ms) 
 block [2189/2781] : done (14ms) 
 block [2190/2781] : done (14ms) 
 block [2191/2781] : done (10ms) 
 block [2192/2781] : done (11ms) 
 block [2193/2781] : done (11ms) 
 block [2194/2781] : done (12ms) 
 block [2195/2781] : done (12ms) 
 block [2196/2781] : done (14ms) 
 block [2197/2781] : done (9ms) 
 block [2198/2781] : done (9ms) 
 block [2199/2781] : done (13ms) 
 block [2200/2781] : done (11ms) 
 block [2201/2781] : done (13ms) 
 block [2202/2781] : done (12ms) 
 block [2203/2781] : done (10ms) 
 block [2204/2781] : done (8ms) 
 block [2205/2781] : done (14ms) 
 block [2206/2781] : done (12ms) 
 block [2207/2781] : done (11ms) 
 block [2208/2781] : done (13ms) 
 block [2209/2781] : done (17ms) 
 block [2210/2781] : done (10ms) 
 block [2211/2781] : done (22ms) 
 block [2212/2781] : done (13ms) 
 block [2213/2781] : done (16ms) 
 block [2214/2781] : done (16ms) 
 block [2215/2781] : done (15ms) 
 block [2216/2781] : done (9ms) 
 block [2217/2781] : done (9ms) 
 block [2218/2781] : done (9ms) 
 block [2219/2781] : done (11ms) 
 block [2220/2781] : done (8ms) 
 block [2221/2781] : done (12ms) 
 block [2222/2781] : done (9ms) 
 block [2223/2781] : done (10ms) 
 block [2224/2781] : done (9ms) 
 block [2225/2781] : done (9ms) 
 block [2226/2781] : done (9ms) 
 block [2227/2781] : done (8ms) 
 block [2228/2781] : done (10ms) 
 block [2229/2781] : done (8ms) 
 block [2230/2781] : done (8ms) 
 block [2231/2781] : done (13ms) 
 block [2232/2781] : done (8ms) 
 block [2233/2781] : done (8ms) 
 block [2234/2781] : done (11ms) 
 block [2235/2781] : done (12ms) 
 block [2236/2781] : done (10ms) 
 block [2237/2781] : done (10ms) 
 block [2238/2781] : done (10ms) 
 block [2239/2781] : done (8ms) 
 block [2240/2781] : done (9ms) 
 block [2241/2781] : done (8ms) 
 block [2242/2781] : done (10ms) 
 block [2243/2781] : done (10ms) 
 block [2244/2781] : done (10ms) 
 block [2245/2781] : done (11ms) 
 block [2246/2781] : done (9ms) 
 block [2247/2781] : done (10ms) 
 block [2248/2781] : done (14ms) 
 block [2249/2781] : done (10ms) 
 block [2250/2781] : done (7ms) 
 block [2251/2781] : done (9ms) 
 block [2252/2781] : done (6ms) 
 block [2253/2781] : done (7ms) 
 block [2254/2781] : done (7ms) 
 block [2255/2781] : done (10ms) 
 block [2256/2781] : done (8ms) 
 block [2257/2781] : done (7ms) 
 block [2258/2781] : done (7ms) 
 block [2259/2781] : done (10ms) 
 block [2260/2781] : done (9ms) 
 block [2261/2781] : done (10ms) 
 block [2262/2781] : done (9ms) 
 block [2263/2781] : done (10ms) 
 block [2264/2781] : done (8ms) 
 block [2265/2781] : done (10ms) 
 block [2266/2781] : done (13ms) 
 block [2267/2781] : done (11ms) 
 block [2268/2781] : done (7ms) 
 block [2269/2781] : done (7ms) 
 block [2270/2781] : done (12ms) 
 block [2271/2781] : done (8ms) 
 block [2272/2781] : done (11ms) 
 block [2273/2781] : done (13ms) 
 block [2274/2781] : done (14ms) 
 block [2275/2781] : done (13ms) 
 block [2276/2781] : done (15ms) 
 block [2277/2781] : done (7ms) 
 block [2278/2781] : done (17ms) 
 block [2279/2781] : done (12ms) 
 block [2280/2781] : done (10ms) 
 block [2281/2781] : done (12ms) 
 block [2282/2781] : done (14ms) 
 block [2283/2781] : done (7ms) 
 block [2284/2781] : done (8ms) 
 block [2285/2781] : done (8ms) 
 block [2286/2781] : done (7ms) 
 block [2287/2781] : done (8ms) 
 block [2288/2781] : done (14ms) 
 block [2289/2781] : done (6ms) 
 block [2290/2781] : done (6ms) 
 block [2291/2781] : done (12ms) 
 block [2292/2781] : done (10ms) 
 block [2293/2781] : done (7ms) 
 block [2294/2781] : done (13ms) 
 block [2295/2781] : done (10ms) 
 block [2296/2781] : done (12ms) 
 block [2297/2781] : done (12ms) 
 block [2298/2781] : done (12ms) 
 block [2299/2781] : done (8ms) 
 block [2300/2781] : done (11ms) 
 block [2301/2781] : done (14ms) 
 block [2302/2781] : done (7ms) 
 block [2303/2781] : done (13ms) 
 block [2304/2781] : done (12ms) 
 block [2305/2781] : done (18ms) 
 block [2306/2781] : done (25ms) 
 block [2307/2781] : done (12ms) 
 block [2308/2781] : done (8ms) 
 block [2309/2781] : done (13ms) 
 block [2310/2781] : done (10ms) 
 block [2311/2781] : done (8ms) 
 block [2312/2781] : done (7ms) 
 block [2313/2781] : done (9ms) 
 block [2314/2781] : done (8ms) 
 block [2315/2781] : done (9ms) 
 block [2316/2781] : done (11ms) 
 block [2317/2781] : done (8ms) 
 block [2318/2781] : done (9ms) 
 block [2319/2781] : done (11ms) 
 block [2320/2781] : done (10ms) 
 block [2321/2781] : done (17ms) 
 block [2322/2781] : done (9ms) 
 block [2323/2781] : done (12ms) 
 block [2324/2781] : done (9ms) 
 block [2325/2781] : done (11ms) 
 block [2326/2781] : done (8ms) 
 block [2327/2781] : done (19ms) 
 block [2328/2781] : done (8ms) 
 block [2329/2781] : done (11ms) 
 block [2330/2781] : done (9ms) 
 block [2331/2781] : done (7ms) 
 block [2332/2781] : done (11ms) 
 block [2333/2781] : done (13ms) 
 block [2334/2781] : done (13ms) 
 block [2335/2781] : done (14ms) 
 block [2336/2781] : done (9ms) 
 block [2337/2781] : done (15ms) 
 block [2338/2781] : done (9ms) 
 block [2339/2781] : done (6ms) 
 block [2340/2781] : done (8ms) 
 block [2341/2781] : done (9ms) 
 block [2342/2781] : done (6ms) 
 block [2343/2781] : done (12ms) 
 block [2344/2781] : done (18ms) 
 block [2345/2781] : done (11ms) 
 block [2346/2781] : done (14ms) 
 block [2347/2781] : done (13ms) 
 block [2348/2781] : done (11ms) 
 block [2349/2781] : done (11ms) 
 block [2350/2781] : done (13ms) 
 block [2351/2781] : done (8ms) 
 block [2352/2781] : done (18ms) 
 block [2353/2781] : done (10ms) 
 block [2354/2781] : done (9ms) 
 block [2355/2781] : done (10ms) 
 block [2356/2781] : done (9ms) 
 block [2357/2781] : done (31ms) 
 block [2358/2781] : done (25ms) 
 block [2359/2781] : done (28ms) 
 block [2360/2781] : done (21ms) 
 block [2361/2781] : done (11ms) 
 block [2362/2781] : done (14ms) 
 block [2363/2781] : done (28ms) 
 block [2364/2781] : done (13ms) 
 block [2365/2781] : done (16ms) 
 block [2366/2781] : done (8ms) 
 block [2367/2781] : done (11ms) 
 block [2368/2781] : done (12ms) 
 block [2369/2781] : done (9ms) 
 block [2370/2781] : done (10ms) 
 block [2371/2781] : done (9ms) 
 block [2372/2781] : done (12ms) 
 block [2373/2781] : done (11ms) 
 block [2374/2781] : done (9ms) 
 block [2375/2781] : done (12ms) 
 block [2376/2781] : done (9ms) 
 block [2377/2781] : done (8ms) 
 block [2378/2781] : done (7ms) 
 block [2379/2781] : done (11ms) 
 block [2380/2781] : done (7ms) 
 block [2381/2781] : done (13ms) 
 block [2382/2781] : done (8ms) 
 block [2383/2781] : done (14ms) 
 block [2384/2781] : done (8ms) 
 block [2385/2781] : done (14ms) 
 block [2386/2781] : done (7ms) 
 block [2387/2781] : done (15ms) 
 block [2388/2781] : done (7ms) 
 block [2389/2781] : done (8ms) 
 block [2390/2781] : done (6ms) 
 block [2391/2781] : done (11ms) 
 block [2392/2781] : done (7ms) 
 block [2393/2781] : done (7ms) 
 block [2394/2781] : done (7ms) 
 block [2395/2781] : done (8ms) 
 block [2396/2781] : done (13ms) 
 block [2397/2781] : done (7ms) 
 block [2398/2781] : done (9ms) 
 block [2399/2781] : done (10ms) 
 block [2400/2781] : done (14ms) 
 block [2401/2781] : done (10ms) 
 block [2402/2781] : done (13ms) 
 block [2403/2781] : done (12ms) 
 block [2404/2781] : done (10ms) 
 block [2405/2781] : done (9ms) 
 block [2406/2781] : done (10ms) 
 block [2407/2781] : done (7ms) 
 block [2408/2781] : done (7ms) 
 block [2409/2781] : done (10ms) 
 block [2410/2781] : done (8ms) 
 block [2411/2781] : done (7ms) 
 block [2412/2781] : done (6ms) 
 block [2413/2781] : done (7ms) 
 block [2414/2781] : done (7ms) 
 block [2415/2781] : done (14ms) 
 block [2416/2781] : done (12ms) 
 block [2417/2781] : done (21ms) 
 block [2418/2781] : done (17ms) 
 block [2419/2781] : done (11ms) 
 block [2420/2781] : done (15ms) 
 block [2421/2781] : done (7ms) 
 block [2422/2781] : done (10ms) 
 block [2423/2781] : done (13ms) 
 block [2424/2781] : done (9ms) 
 block [2425/2781] : done (9ms) 
 block [2426/2781] : done (8ms) 
 block [2427/2781] : done (9ms) 
 block [2428/2781] : done (14ms) 
 block [2429/2781] : done (8ms) 
 block [2430/2781] : done (9ms) 
 block [2431/2781] : done (6ms) 
 block [2432/2781] : done (9ms) 
 block [2433/2781] : done (11ms) 
 block [2434/2781] : done (7ms) 
 block [2435/2781] : done (14ms) 
 block [2436/2781] : done (7ms) 
 block [2437/2781] : done (18ms) 
 block [2438/2781] : done (9ms) 
 block [2439/2781] : done (13ms) 
 block [2440/2781] : done (13ms) 
 block [2441/2781] : done (6ms) 
 block [2442/2781] : done (16ms) 
 block [2443/2781] : done (10ms) 
 block [2444/2781] : done (9ms) 
 block [2445/2781] : done (6ms) 
 block [2446/2781] : done (11ms) 
 block [2447/2781] : done (7ms) 
 block [2448/2781] : done (10ms) 
 block [2449/2781] : done (8ms) 
 block [2450/2781] : done (7ms) 
 block [2451/2781] : done (8ms) 
 block [2452/2781] : done (9ms) 
 block [2453/2781] : done (9ms) 
 block [2454/2781] : done (10ms) 
 block [2455/2781] : done (8ms) 
 block [2456/2781] : done (13ms) 
 block [2457/2781] : done (10ms) 
 block [2458/2781] : done (24ms) 
 block [2459/2781] : done (17ms) 
 block [2460/2781] : done (9ms) 
 block [2461/2781] : done (6ms) 
 block [2462/2781] : done (6ms) 
 block [2463/2781] : done (9ms) 
 block [2464/2781] : done (10ms) 
 block [2465/2781] : done (7ms) 
 block [2466/2781] : done (9ms) 
 block [2467/2781] : done (10ms) 
 block [2468/2781] : done (7ms) 
 block [2469/2781] : done (9ms) 
 block [2470/2781] : done (11ms) 
 block [2471/2781] : done (7ms) 
 block [2472/2781] : done (7ms) 
 block [2473/2781] : done (10ms) 
 block [2474/2781] : done (10ms) 
 block [2475/2781] : done (13ms) 
 block [2476/2781] : done (11ms) 
 block [2477/2781] : done (13ms) 
 block [2478/2781] : done (9ms) 
 block [2479/2781] : done (14ms) 
 block [2480/2781] : done (9ms) 
 block [2481/2781] : done (14ms) 
 block [2482/2781] : done (11ms) 
 block [2483/2781] : done (10ms) 
 block [2484/2781] : done (9ms) 
 block [2485/2781] : done (10ms) 
 block [2486/2781] : done (8ms) 
 block [2487/2781] : done (8ms) 
 block [2488/2781] : done (11ms) 
 block [2489/2781] : done (8ms) 
 block [2490/2781] : done (13ms) 
 block [2491/2781] : done (8ms) 
 block [2492/2781] : done (17ms) 
 block [2493/2781] : done (9ms) 
 block [2494/2781] : done (9ms) 
 block [2495/2781] : done (9ms) 
 block [2496/2781] : done (10ms) 
 block [2497/2781] : done (8ms) 
 block [2498/2781] : done (9ms) 
 block [2499/2781] : done (13ms) 
 block [2500/2781] : done (8ms) 
 block [2501/2781] : done (8ms) 
 block [2502/2781] : done (9ms) 
 block [2503/2781] : done (10ms) 
 block [2504/2781] : done (16ms) 
 block [2505/2781] : done (8ms) 
 block [2506/2781] : done (9ms) 
 block [2507/2781] : done (8ms) 
 block [2508/2781] : done (8ms) 
 block [2509/2781] : done (8ms) 
 block [2510/2781] : done (8ms) 
 block [2511/2781] : done (15ms) 
 block [2512/2781] : done (18ms) 
 block [2513/2781] : done (15ms) 
 block [2514/2781] : done (16ms) 
 block [2515/2781] : done (16ms) 
 block [2516/2781] : done (18ms) 
 block [2517/2781] : done (17ms) 
 block [2518/2781] : done (30ms) 
 block [2519/2781] : done (14ms) 
 block [2520/2781] : done (21ms) 
 block [2521/2781] : done (13ms) 
 block [2522/2781] : done (9ms) 
 block [2523/2781] : done (9ms) 
 block [2524/2781] : done (13ms) 
 block [2525/2781] : done (13ms) 
 block [2526/2781] : done (12ms) 
 block [2527/2781] : done (14ms) 
 block [2528/2781] : done (16ms) 
 block [2529/2781] : done (13ms) 
 block [2530/2781] : done (13ms) 
 block [2531/2781] : done (9ms) 
 block [2532/2781] : done (10ms) 
 block [2533/2781] : done (13ms) 
 block [2534/2781] : done (11ms) 
 block [2535/2781] : done (18ms) 
 block [2536/2781] : done (12ms) 
 block [2537/2781] : done (14ms) 
 block [2538/2781] : done (15ms) 
 block [2539/2781] : done (9ms) 
 block [2540/2781] : done (12ms) 
 block [2541/2781] : done (8ms) 
 block [2542/2781] : done (8ms) 
 block [2543/2781] : done (11ms) 
 block [2544/2781] : done (12ms) 
 block [2545/2781] : done (10ms) 
 block [2546/2781] : done (9ms) 
 block [2547/2781] : done (8ms) 
 block [2548/2781] : done (9ms) 
 block [2549/2781] : done (11ms) 
 block [2550/2781] : done (9ms) 
 block [2551/2781] : done (9ms) 
 block [2552/2781] : done (9ms) 
 block [2553/2781] : done (13ms) 
 block [2554/2781] : done (13ms) 
 block [2555/2781] : done (9ms) 
 block [2556/2781] : done (10ms) 
 block [2557/2781] : done (11ms) 
 block [2558/2781] : done (12ms) 
 block [2559/2781] : done (12ms) 
 block [2560/2781] : done (11ms) 
 block [2561/2781] : done (13ms) 
 block [2562/2781] : done (8ms) 
 block [2563/2781] : done (13ms) 
 block [2564/2781] : done (12ms) 
 block [2565/2781] : done (12ms) 
 block [2566/2781] : done (10ms) 
 block [2567/2781] : done (8ms) 
 block [2568/2781] : done (7ms) 
 block [2569/2781] : done (15ms) 
 block [2570/2781] : done (9ms) 
 block [2571/2781] : done (14ms) 
 block [2572/2781] : done (8ms) 
 block [2573/2781] : done (11ms) 
 block [2574/2781] : done (10ms) 
 block [2575/2781] : done (10ms) 
 block [2576/2781] : done (16ms) 
 block [2577/2781] : done (9ms) 
 block [2578/2781] : done (9ms) 
 block [2579/2781] : done (17ms) 
 block [2580/2781] : done (10ms) 
 block [2581/2781] : done (15ms) 
 block [2582/2781] : done (10ms) 
 block [2583/2781] : done (7ms) 
 block [2584/2781] : done (8ms) 
 block [2585/2781] : done (9ms) 
 block [2586/2781] : done (11ms) 
 block [2587/2781] : done (21ms) 
 block [2588/2781] : done (20ms) 
 block [2589/2781] : done (20ms) 
 block [2590/2781] : done (23ms) 
 block [2591/2781] : done (13ms) 
 block [2592/2781] : done (10ms) 
 block [2593/2781] : done (25ms) 
 block [2594/2781] : done (17ms) 
 block [2595/2781] : done (15ms) 
 block [2596/2781] : done (12ms) 
 block [2597/2781] : done (17ms) 
 block [2598/2781] : done (16ms) 
 block [2599/2781] : done (15ms) 
 block [2600/2781] : done (16ms) 
 block [2601/2781] : done (8ms) 
 block [2602/2781] : done (14ms) 
 block [2603/2781] : done (7ms) 
 block [2604/2781] : done (7ms) 
 block [2605/2781] : done (8ms) 
 block [2606/2781] : done (15ms) 
 block [2607/2781] : done (19ms) 
 block [2608/2781] : done (18ms) 
 block [2609/2781] : done (8ms) 
 block [2610/2781] : done (12ms) 
 block [2611/2781] : done (13ms) 
 block [2612/2781] : done (9ms) 
 block [2613/2781] : done (10ms) 
 block [2614/2781] : done (19ms) 
 block [2615/2781] : done (10ms) 
 block [2616/2781] : done (10ms) 
 block [2617/2781] : done (11ms) 
 block [2618/2781] : done (15ms) 
 block [2619/2781] : done (8ms) 
 block [2620/2781] : done (9ms) 
 block [2621/2781] : done (7ms) 
 block [2622/2781] : done (11ms) 
 block [2623/2781] : done (8ms) 
 block [2624/2781] : done (6ms) 
 block [2625/2781] : done (7ms) 
 block [2626/2781] : done (14ms) 
 block [2627/2781] : done (12ms) 
 block [2628/2781] : done (15ms) 
 block [2629/2781] : done (8ms) 
 block [2630/2781] : done (6ms) 
 block [2631/2781] : done (15ms) 
 block [2632/2781] : done (6ms) 
 block [2633/2781] : done (12ms) 
 block [2634/2781] : done (9ms) 
 block [2635/2781] : done (11ms) 
 block [2636/2781] : done (7ms) 
 block [2637/2781] : done (10ms) 
 block [2638/2781] : done (12ms) 
 block [2639/2781] : done (11ms) 
 block [2640/2781] : done (8ms) 
 block [2641/2781] : done (16ms) 
 block [2642/2781] : done (8ms) 
 block [2643/2781] : done (10ms) 
 block [2644/2781] : done (7ms) 
 block [2645/2781] : done (15ms) 
 block [2646/2781] : done (8ms) 
 block [2647/2781] : done (12ms) 
 block [2648/2781] : done (13ms) 
 block [2649/2781] : done (16ms) 
 block [2650/2781] : done (13ms) 
 block [2651/2781] : done (11ms) 
 block [2652/2781] : done (11ms) 
 block [2653/2781] : done (8ms) 
 block [2654/2781] : done (12ms) 
 block [2655/2781] : done (10ms) 
 block [2656/2781] : done (11ms) 
 block [2657/2781] : done (10ms) 
 block [2658/2781] : done (14ms) 
 block [2659/2781] : done (11ms) 
 block [2660/2781] : done (11ms) 
 block [2661/2781] : done (10ms) 
 block [2662/2781] : done (11ms) 
 block [2663/2781] : done (12ms) 
 block [2664/2781] : done (9ms) 
 block [2665/2781] : done (16ms) 
 block [2666/2781] : done (12ms) 
 block [2667/2781] : done (10ms) 
 block [2668/2781] : done (9ms) 
 block [2669/2781] : done (8ms) 
 block [2670/2781] : done (12ms) 
 block [2671/2781] : done (7ms) 
 block [2672/2781] : done (8ms) 
 block [2673/2781] : done (11ms) 
 block [2674/2781] : done (16ms) 
 block [2675/2781] : done (8ms) 
 block [2676/2781] : done (11ms) 
 block [2677/2781] : done (14ms) 
 block [2678/2781] : done (16ms) 
 block [2679/2781] : done (23ms) 
 block [2680/2781] : done (25ms) 
 block [2681/2781] : done (19ms) 
 block [2682/2781] : done (12ms) 
 block [2683/2781] : done (18ms) 
 block [2684/2781] : done (16ms) 
 block [2685/2781] : done (9ms) 
 block [2686/2781] : done (16ms) 
 block [2687/2781] : done (10ms) 
 block [2688/2781] : done (7ms) 
 block [2689/2781] : done (15ms) 
 block [2690/2781] : done (10ms) 
 block [2691/2781] : done (10ms) 
 block [2692/2781] : done (7ms) 
 block [2693/2781] : done (6ms) 
 block [2694/2781] : done (8ms) 
 block [2695/2781] : done (7ms) 
 block [2696/2781] : done (7ms) 
 block [2697/2781] : done (10ms) 
 block [2698/2781] : done (7ms) 
 block [2699/2781] : done (8ms) 
 block [2700/2781] : done (13ms) 
 block [2701/2781] : done (6ms) 
 block [2702/2781] : done (9ms) 
 block [2703/2781] : done (11ms) 
 block [2704/2781] : done (15ms) 
 block [2705/2781] : done (13ms) 
 block [2706/2781] : done (10ms) 
 block [2707/2781] : done (10ms) 
 block [2708/2781] : done (16ms) 
 block [2709/2781] : done (7ms) 
 block [2710/2781] : done (10ms) 
 block [2711/2781] : done (13ms) 
 block [2712/2781] : done (15ms) 
 block [2713/2781] : done (9ms) 
 block [2714/2781] : done (11ms) 
 block [2715/2781] : done (6ms) 
 block [2716/2781] : done (13ms) 
 block [2717/2781] : done (11ms) 
 block [2718/2781] : done (6ms) 
 block [2719/2781] : done (14ms) 
 block [2720/2781] : done (8ms) 
 block [2721/2781] : done (6ms) 
 block [2722/2781] : done (6ms) 
 block [2723/2781] : done (14ms) 
 block [2724/2781] : done (9ms) 
 block [2725/2781] : done (8ms) 
 block [2726/2781] : done (10ms) 
 block [2727/2781] : done (9ms) 
 block [2728/2781] : done (11ms) 
 block [2729/2781] : done (11ms) 
 block [2730/2781] : done (9ms) 
 block [2731/2781] : done (7ms) 
 block [2732/2781] : done (7ms) 
 block [2733/2781] : done (17ms) 
 block [2734/2781] : done (22ms) 
 block [2735/2781] : done (14ms) 
 block [2736/2781] : done (12ms) 
 block [2737/2781] : done (7ms) 
 block [2738/2781] : done (9ms) 
 block [2739/2781] : done (10ms) 
 block [2740/2781] : done (12ms) 
 block [2741/2781] : done (10ms) 
 block [2742/2781] : done (10ms) 
 block [2743/2781] : done (8ms) 
 block [2744/2781] : done (8ms) 
 block [2745/2781] : done (12ms) 
 block [2746/2781] : done (9ms) 
 block [2747/2781] : done (25ms) 
 block [2748/2781] : done (31ms) 
 block [2749/2781] : done (13ms) 
 block [2750/2781] : done (13ms) 
 block [2751/2781] : done (16ms) 
 block [2752/2781] : done (11ms) 
 block [2753/2781] : done (11ms) 
 block [2754/2781] : done (11ms) 
 block [2755/2781] : done (15ms) 
 block [2756/2781] : done (11ms) 
 block [2757/2781] : done (13ms) 
 block [2758/2781] : done (15ms) 
 block [2759/2781] : done (12ms) 
 block [2760/2781] : done (10ms) 
 block [2761/2781] : done (8ms) 
 block [2762/2781] : done (10ms) 
 block [2763/2781] : done (7ms) 
 block [2764/2781] : done (8ms) 
 block [2765/2781] : done (10ms) 
 block [2766/2781] : done (9ms) 
 block [2767/2781] : done (13ms) 
 block [2768/2781] : done (8ms) 
 block [2769/2781] : done (14ms) 
 block [2770/2781] : done (11ms) 
 block [2771/2781] : done (15ms) 
 block [2772/2781] : done (12ms) 
 block [2773/2781] : done (11ms) 
 block [2774/2781] : done (9ms) 
 block [2775/2781] : done (8ms) 
 block [2776/2781] : done (7ms) 
 block [2777/2781] : done (7ms) 
 block [2778/2781] : done (13ms) 
 block [2779/2781] : done (8ms) 
 block [2780/2781] : done (8ms) 
 block [2781/2781] : done (4ms) 

Association results stored separately for each trait in files : 
* [/mnt/gpfs1/project/Interstitial_Pneumonia/ANALYSIS/tnakanishi/scratch/GWAS/chr21_IPF.regenie]
* [/mnt/gpfs1/project/Interstitial_Pneumonia/ANALYSIS/tnakanishi/scratch/GWAS/chr21_ILD.regenie]
* [/mnt/gpfs1/project/Interstitial_Pneumonia/ANALYSIS/tnakanishi/scratch/GWAS/chr21_FPF.regenie]
* [/mnt/gpfs1/project/Interstitial_Pneumonia/ANALYSIS/tnakanishi/scratch/GWAS/chr21_sIPF.regenie]

Number of tests with Firth correction : 13346
Number of failed tests : (0/13346)
Number of ignored tests due to low MAC : 3713097

Elapsed time : 40.0899s
End time: Wed Jul 20 15:46:52 2022

