Start time: Wed Jul 20 15:46:13 2022

              |=============================|
              |      REGENIE v3.1.2.gz      |
              |=============================|

Copyright (c) 2020-2022 Joelle Mbatchou, Andrey Ziyatdinov and Jonathan Marchini.
Distributed under the MIT License.
Compiled with Boost Iostream library.
Using Intel MKL with Eigen.

Log of output saved in file : /mnt/gpfs1/project/Interstitial_Pneumonia/ANALYSIS/tnakanishi/scratch/GWAS/chr22.log

Options in effect:
  --step 2 \
  --bed /mnt/gpfs1/project/Interstitial_Pneumonia/ANALYSIS/tnakanishi/scratch/chr22 \
  --phenoFile /mnt/gpfs1/project/Interstitial_Pneumonia/ANALYSIS/tnakanishi/scratch/pheno.txt \
  --phenoColList IPF,ILD,FPF,sIPF \
  --covarFile /mnt/gpfs1/project/Interstitial_Pneumonia/ANALYSIS/tnakanishi/scratch/pheno.txt \
  --covarColList age,PC1,PC2,PC3,PC4,PC5 \
  --catCovarList geneticSex \
  --exclude /mnt/gpfs1/project/Interstitial_Pneumonia/ANALYSIS/tnakanishi/scratch/chr22.toexclude.snplist \
  --bt \
  --bsize 400 \
  --threads 20 \
  --firth \
  --approx \
  --firth-se \
  --pThresh 0.01 \
  --pred /mnt/gpfs1/project/Interstitial_Pneumonia/ANALYSIS/tnakanishi/scratch/GWAS/pheno_step1_pred.list \
  --out /mnt/gpfs1/project/Interstitial_Pneumonia/ANALYSIS/tnakanishi/scratch/GWAS/chr22

Association testing mode with fast multithreading using OpenMP
 * bim              : [/mnt/gpfs1/project/Interstitial_Pneumonia/ANALYSIS/tnakanishi/scratch/chr22.bim] n_snps = 1182791
   -removing variants specified by --exclude
   -number of variants remaining in the analysis = 1149932
 * fam              : [/mnt/gpfs1/project/Interstitial_Pneumonia/ANALYSIS/tnakanishi/scratch/chr22.fam] n_samples = 3439
 * bed              : [/mnt/gpfs1/project/Interstitial_Pneumonia/ANALYSIS/tnakanishi/scratch/chr22.bed]
 * phenotypes       : [/mnt/gpfs1/project/Interstitial_Pneumonia/ANALYSIS/tnakanishi/scratch/pheno.txt] n_pheno = 4
   -number of phenotyped individuals  = 3393
 * covariates       : [/mnt/gpfs1/project/Interstitial_Pneumonia/ANALYSIS/tnakanishi/scratch/pheno.txt] n_cov = 7
   -number of individuals with covariate data = 3393
 * number of individuals used in analysis = 3393
 * case-control counts for each trait:
   - 'IPF': 269 cases and 3095 controls
   - 'ILD': 298 cases and 3095 controls
   - 'FPF': 64 cases and 3095 controls
   - 'sIPF': 234 cases and 3095 controls
 * LOCO predictions : [/mnt/gpfs1/project/Interstitial_Pneumonia/ANALYSIS/tnakanishi/scratch/GWAS/pheno_step1_pred.list]
   -file [/mnt/gpfs1/project/Interstitial_Pneumonia/ANALYSIS/tnakanishi/scratch/GWAS/pheno_step1_1.loco] for phenotype 'IPF'
   -file [/mnt/gpfs1/project/Interstitial_Pneumonia/ANALYSIS/tnakanishi/scratch/GWAS/pheno_step1_2.loco] for phenotype 'ILD'
   -file [/mnt/gpfs1/project/Interstitial_Pneumonia/ANALYSIS/tnakanishi/scratch/GWAS/pheno_step1_3.loco] for phenotype 'FPF'
   -file [/mnt/gpfs1/project/Interstitial_Pneumonia/ANALYSIS/tnakanishi/scratch/GWAS/pheno_step1_4.loco] for phenotype 'sIPF'
 * # threads        : [20]
 * block size       : [400]
 * # blocks         : [2875]
 * approximate memory usage : 146MB
 * using minimum MAC of 5 (variants with lower MAC are ignored)
 * using fast Firth correction for logistic regression p-values less than 0.01
    - using back-correction to compute Firth SE

Chromosome 22 [2875 blocks in total]
   -reading loco predictions for the chromosome...done (23ms) 
   -fitting null logistic regression on binary phenotypes...done (947ms) 
   -fitting null Firth logistic regression on binary phenotypes...done (104ms) 
 block [1/2875] : done (41ms) 
 block [2/2875] : done (14ms) 
 block [3/2875] : done (12ms) 
 block [4/2875] : done (17ms) 
 block [5/2875] : done (11ms) 
 block [6/2875] : done (15ms) 
 block [7/2875] : done (15ms) 
 block [8/2875] : done (14ms) 
 block [9/2875] : done (11ms) 
 block [10/2875] : done (8ms) 
 block [11/2875] : done (19ms) 
 block [12/2875] : done (15ms) 
 block [13/2875] : done (8ms) 
 block [14/2875] : done (9ms) 
 block [15/2875] : done (11ms) 
 block [16/2875] : done (10ms) 
 block [17/2875] : done (6ms) 
 block [18/2875] : done (11ms) 
 block [19/2875] : done (13ms) 
 block [20/2875] : done (9ms) 
 block [21/2875] : done (15ms) 
 block [22/2875] : done (10ms) 
 block [23/2875] : done (13ms) 
 block [24/2875] : done (11ms) 
 block [25/2875] : done (14ms) 
 block [26/2875] : done (12ms) 
 block [27/2875] : done (8ms) 
 block [28/2875] : done (8ms) 
 block [29/2875] : done (6ms) 
 block [30/2875] : done (10ms) 
 block [31/2875] : done (9ms) 
 block [32/2875] : done (17ms) 
 block [33/2875] : done (9ms) 
 block [34/2875] : done (13ms) 
 block [35/2875] : done (12ms) 
 block [36/2875] : done (8ms) 
 block [37/2875] : done (15ms) 
 block [38/2875] : done (8ms) 
 block [39/2875] : done (9ms) 
 block [40/2875] : done (18ms) 
 block [41/2875] : done (14ms) 
 block [42/2875] : done (16ms) 
 block [43/2875] : done (9ms) 
 block [44/2875] : done (9ms) 
 block [45/2875] : done (10ms) 
 block [46/2875] : done (12ms) 
 block [47/2875] : done (7ms) 
 block [48/2875] : done (11ms) 
 block [49/2875] : done (11ms) 
 block [50/2875] : done (12ms) 
 block [51/2875] : done (7ms) 
 block [52/2875] : done (6ms) 
 block [53/2875] : done (9ms) 
 block [54/2875] : done (10ms) 
 block [55/2875] : done (15ms) 
 block [56/2875] : done (8ms) 
 block [57/2875] : done (12ms) 
 block [58/2875] : done (9ms) 
 block [59/2875] : done (10ms) 
 block [60/2875] : done (9ms) 
 block [61/2875] : done (9ms) 
 block [62/2875] : done (12ms) 
 block [63/2875] : done (11ms) 
 block [64/2875] : done (11ms) 
 block [65/2875] : done (9ms) 
 block [66/2875] : done (9ms) 
 block [67/2875] : done (7ms) 
 block [68/2875] : done (17ms) 
 block [69/2875] : done (11ms) 
 block [70/2875] : done (8ms) 
 block [71/2875] : done (7ms) 
 block [72/2875] : done (7ms) 
 block [73/2875] : done (13ms) 
 block [74/2875] : done (10ms) 
 block [75/2875] : done (6ms) 
 block [76/2875] : done (9ms) 
 block [77/2875] : done (9ms) 
 block [78/2875] : done (7ms) 
 block [79/2875] : done (9ms) 
 block [80/2875] : done (8ms) 
 block [81/2875] : done (9ms) 
 block [82/2875] : done (7ms) 
 block [83/2875] : done (12ms) 
 block [84/2875] : done (12ms) 
 block [85/2875] : done (7ms) 
 block [86/2875] : done (12ms) 
 block [87/2875] : done (11ms) 
 block [88/2875] : done (9ms) 
 block [89/2875] : done (11ms) 
 block [90/2875] : done (12ms) 
 block [91/2875] : done (12ms) 
 block [92/2875] : done (7ms) 
 block [93/2875] : done (10ms) 
 block [94/2875] : done (8ms) 
 block [95/2875] : done (8ms) 
 block [96/2875] : done (13ms) 
 block [97/2875] : done (11ms) 
 block [98/2875] : done (7ms) 
 block [99/2875] : done (8ms) 
 block [100/2875] : done (13ms) 
 block [101/2875] : done (10ms) 
 block [102/2875] : done (9ms) 
 block [103/2875] : done (12ms) 
 block [104/2875] : done (13ms) 
 block [105/2875] : done (28ms) 
 block [106/2875] : done (10ms) 
 block [107/2875] : done (15ms) 
 block [108/2875] : done (7ms) 
 block [109/2875] : done (7ms) 
 block [110/2875] : done (9ms) 
 block [111/2875] : done (7ms) 
 block [112/2875] : done (16ms) 
 block [113/2875] : done (15ms) 
 block [114/2875] : done (15ms) 
 block [115/2875] : done (13ms) 
 block [116/2875] : done (14ms) 
 block [117/2875] : done (14ms) 
 block [118/2875] : done (10ms) 
 block [119/2875] : done (13ms) 
 block [120/2875] : done (13ms) 
 block [121/2875] : done (13ms) 
 block [122/2875] : done (12ms) 
 block [123/2875] : done (9ms) 
 block [124/2875] : done (9ms) 
 block [125/2875] : done (14ms) 
 block [126/2875] : done (9ms) 
 block [127/2875] : done (8ms) 
 block [128/2875] : done (8ms) 
 block [129/2875] : done (7ms) 
 block [130/2875] : done (9ms) 
 block [131/2875] : done (7ms) 
 block [132/2875] : done (13ms) 
 block [133/2875] : done (7ms) 
 block [134/2875] : done (11ms) 
 block [135/2875] : done (7ms) 
 block [136/2875] : done (7ms) 
 block [137/2875] : done (12ms) 
 block [138/2875] : done (9ms) 
 block [139/2875] : done (16ms) 
 block [140/2875] : done (6ms) 
 block [141/2875] : done (12ms) 
 block [142/2875] : done (9ms) 
 block [143/2875] : done (9ms) 
 block [144/2875] : done (16ms) 
 block [145/2875] : done (9ms) 
 block [146/2875] : done (6ms) 
 block [147/2875] : done (11ms) 
 block [148/2875] : done (9ms) 
 block [149/2875] : done (7ms) 
 block [150/2875] : done (8ms) 
 block [151/2875] : done (15ms) 
 block [152/2875] : done (12ms) 
 block [153/2875] : done (12ms) 
 block [154/2875] : done (12ms) 
 block [155/2875] : done (16ms) 
 block [156/2875] : done (9ms) 
 block [157/2875] : done (7ms) 
 block [158/2875] : done (10ms) 
 block [159/2875] : done (12ms) 
 block [160/2875] : done (13ms) 
 block [161/2875] : done (15ms) 
 block [162/2875] : done (11ms) 
 block [163/2875] : done (33ms) 
 block [164/2875] : done (16ms) 
 block [165/2875] : done (21ms) 
 block [166/2875] : done (12ms) 
 block [167/2875] : done (13ms) 
 block [168/2875] : done (10ms) 
 block [169/2875] : done (16ms) 
 block [170/2875] : done (12ms) 
 block [171/2875] : done (15ms) 
 block [172/2875] : done (10ms) 
 block [173/2875] : done (10ms) 
 block [174/2875] : done (13ms) 
 block [175/2875] : done (12ms) 
 block [176/2875] : done (8ms) 
 block [177/2875] : done (9ms) 
 block [178/2875] : done (14ms) 
 block [179/2875] : done (14ms) 
 block [180/2875] : done (8ms) 
 block [181/2875] : done (15ms) 
 block [182/2875] : done (13ms) 
 block [183/2875] : done (7ms) 
 block [184/2875] : done (12ms) 
 block [185/2875] : done (9ms) 
 block [186/2875] : done (10ms) 
 block [187/2875] : done (7ms) 
 block [188/2875] : done (13ms) 
 block [189/2875] : done (8ms) 
 block [190/2875] : done (10ms) 
 block [191/2875] : done (10ms) 
 block [192/2875] : done (8ms) 
 block [193/2875] : done (8ms) 
 block [194/2875] : done (8ms) 
 block [195/2875] : done (26ms) 
 block [196/2875] : done (6ms) 
 block [197/2875] : done (9ms) 
 block [198/2875] : done (7ms) 
 block [199/2875] : done (11ms) 
 block [200/2875] : done (8ms) 
 block [201/2875] : done (10ms) 
 block [202/2875] : done (8ms) 
 block [203/2875] : done (7ms) 
 block [204/2875] : done (6ms) 
 block [205/2875] : done (6ms) 
 block [206/2875] : done (10ms) 
 block [207/2875] : done (14ms) 
 block [208/2875] : done (14ms) 
 block [209/2875] : done (10ms) 
 block [210/2875] : done (14ms) 
 block [211/2875] : done (10ms) 
 block [212/2875] : done (13ms) 
 block [213/2875] : done (11ms) 
 block [214/2875] : done (10ms) 
 block [215/2875] : done (12ms) 
 block [216/2875] : done (9ms) 
 block [217/2875] : done (9ms) 
 block [218/2875] : done (11ms) 
 block [219/2875] : done (13ms) 
 block [220/2875] : done (8ms) 
 block [221/2875] : done (9ms) 
 block [222/2875] : done (14ms) 
 block [223/2875] : done (8ms) 
 block [224/2875] : done (12ms) 
 block [225/2875] : done (10ms) 
 block [226/2875] : done (9ms) 
 block [227/2875] : done (11ms) 
 block [228/2875] : done (12ms) 
 block [229/2875] : done (10ms) 
 block [230/2875] : done (12ms) 
 block [231/2875] : done (26ms) 
 block [232/2875] : done (7ms) 
 block [233/2875] : done (7ms) 
 block [234/2875] : done (13ms) 
 block [235/2875] : done (19ms) 
 block [236/2875] : done (9ms) 
 block [237/2875] : done (19ms) 
 block [238/2875] : done (9ms) 
 block [239/2875] : done (7ms) 
 block [240/2875] : done (14ms) 
 block [241/2875] : done (10ms) 
 block [242/2875] : done (6ms) 
 block [243/2875] : done (9ms) 
 block [244/2875] : done (14ms) 
 block [245/2875] : done (13ms) 
 block [246/2875] : done (14ms) 
 block [247/2875] : done (15ms) 
 block [248/2875] : done (9ms) 
 block [249/2875] : done (10ms) 
 block [250/2875] : done (13ms) 
 block [251/2875] : done (11ms) 
 block [252/2875] : done (14ms) 
 block [253/2875] : done (9ms) 
 block [254/2875] : done (13ms) 
 block [255/2875] : done (10ms) 
 block [256/2875] : done (14ms) 
 block [257/2875] : done (9ms) 
 block [258/2875] : done (9ms) 
 block [259/2875] : done (7ms) 
 block [260/2875] : done (8ms) 
 block [261/2875] : done (8ms) 
 block [262/2875] : done (11ms) 
 block [263/2875] : done (15ms) 
 block [264/2875] : done (13ms) 
 block [265/2875] : done (8ms) 
 block [266/2875] : done (9ms) 
 block [267/2875] : done (7ms) 
 block [268/2875] : done (9ms) 
 block [269/2875] : done (8ms) 
 block [270/2875] : done (7ms) 
 block [271/2875] : done (11ms) 
 block [272/2875] : done (9ms) 
 block [273/2875] : done (6ms) 
 block [274/2875] : done (8ms) 
 block [275/2875] : done (12ms) 
 block [276/2875] : done (8ms) 
 block [277/2875] : done (7ms) 
 block [278/2875] : done (7ms) 
 block [279/2875] : done (11ms) 
 block [280/2875] : done (11ms) 
 block [281/2875] : done (9ms) 
 block [282/2875] : done (8ms) 
 block [283/2875] : done (12ms) 
 block [284/2875] : done (8ms) 
 block [285/2875] : done (9ms) 
 block [286/2875] : done (6ms) 
 block [287/2875] : done (6ms) 
 block [288/2875] : done (19ms) 
 block [289/2875] : done (13ms) 
 block [290/2875] : done (7ms) 
 block [291/2875] : done (7ms) 
 block [292/2875] : done (19ms) 
 block [293/2875] : done (8ms) 
 block [294/2875] : done (13ms) 
 block [295/2875] : done (6ms) 
 block [296/2875] : done (7ms) 
 block [297/2875] : done (12ms) 
 block [298/2875] : done (8ms) 
 block [299/2875] : done (7ms) 
 block [300/2875] : done (8ms) 
 block [301/2875] : done (9ms) 
 block [302/2875] : done (14ms) 
 block [303/2875] : done (8ms) 
 block [304/2875] : done (8ms) 
 block [305/2875] : done (11ms) 
 block [306/2875] : done (13ms) 
 block [307/2875] : done (15ms) 
 block [308/2875] : done (14ms) 
 block [309/2875] : done (12ms) 
 block [310/2875] : done (7ms) 
 block [311/2875] : done (12ms) 
 block [312/2875] : done (12ms) 
 block [313/2875] : done (10ms) 
 block [314/2875] : done (8ms) 
 block [315/2875] : done (8ms) 
 block [316/2875] : done (9ms) 
 block [317/2875] : done (15ms) 
 block [318/2875] : done (10ms) 
 block [319/2875] : done (9ms) 
 block [320/2875] : done (10ms) 
 block [321/2875] : done (11ms) 
 block [322/2875] : done (10ms) 
 block [323/2875] : done (10ms) 
 block [324/2875] : done (10ms) 
 block [325/2875] : done (8ms) 
 block [326/2875] : done (13ms) 
 block [327/2875] : done (15ms) 
 block [328/2875] : done (17ms) 
 block [329/2875] : done (12ms) 
 block [330/2875] : done (15ms) 
 block [331/2875] : done (9ms) 
 block [332/2875] : done (9ms) 
 block [333/2875] : done (7ms) 
 block [334/2875] : done (6ms) 
 block [335/2875] : done (9ms) 
 block [336/2875] : done (12ms) 
 block [337/2875] : done (29ms) 
 block [338/2875] : done (10ms) 
 block [339/2875] : done (18ms) 
 block [340/2875] : done (15ms) 
 block [341/2875] : done (14ms) 
 block [342/2875] : done (12ms) 
 block [343/2875] : done (15ms) 
 block [344/2875] : done (8ms) 
 block [345/2875] : done (20ms) 
 block [346/2875] : done (10ms) 
 block [347/2875] : done (14ms) 
 block [348/2875] : done (12ms) 
 block [349/2875] : done (6ms) 
 block [350/2875] : done (6ms) 
 block [351/2875] : done (22ms) 
 block [352/2875] : done (12ms) 
 block [353/2875] : done (15ms) 
 block [354/2875] : done (7ms) 
 block [355/2875] : done (10ms) 
 block [356/2875] : done (15ms) 
 block [357/2875] : done (10ms) 
 block [358/2875] : done (13ms) 
 block [359/2875] : done (9ms) 
 block [360/2875] : done (7ms) 
 block [361/2875] : done (11ms) 
 block [362/2875] : done (10ms) 
 block [363/2875] : done (8ms) 
 block [364/2875] : done (8ms) 
 block [365/2875] : done (8ms) 
 block [366/2875] : done (6ms) 
 block [367/2875] : done (6ms) 
 block [368/2875] : done (12ms) 
 block [369/2875] : done (10ms) 
 block [370/2875] : done (10ms) 
 block [371/2875] : done (10ms) 
 block [372/2875] : done (10ms) 
 block [373/2875] : done (14ms) 
 block [374/2875] : done (11ms) 
 block [375/2875] : done (16ms) 
 block [376/2875] : done (16ms) 
 block [377/2875] : done (11ms) 
 block [378/2875] : done (9ms) 
 block [379/2875] : done (11ms) 
 block [380/2875] : done (7ms) 
 block [381/2875] : done (8ms) 
 block [382/2875] : done (6ms) 
 block [383/2875] : done (8ms) 
 block [384/2875] : done (10ms) 
 block [385/2875] : done (8ms) 
 block [386/2875] : done (9ms) 
 block [387/2875] : done (13ms) 
 block [388/2875] : done (8ms) 
 block [389/2875] : done (14ms) 
 block [390/2875] : done (12ms) 
 block [391/2875] : done (11ms) 
 block [392/2875] : done (6ms) 
 block [393/2875] : done (8ms) 
 block [394/2875] : done (9ms) 
 block [395/2875] : done (6ms) 
 block [396/2875] : done (13ms) 
 block [397/2875] : done (12ms) 
 block [398/2875] : done (9ms) 
 block [399/2875] : done (13ms) 
 block [400/2875] : done (7ms) 
 block [401/2875] : done (7ms) 
 block [402/2875] : done (9ms) 
 block [403/2875] : done (8ms) 
 block [404/2875] : done (9ms) 
 block [405/2875] : done (6ms) 
 block [406/2875] : done (11ms) 
 block [407/2875] : done (17ms) 
 block [408/2875] : done (6ms) 
 block [409/2875] : done (6ms) 
 block [410/2875] : done (17ms) 
 block [411/2875] : done (12ms) 
 block [412/2875] : done (16ms) 
 block [413/2875] : done (16ms) 
 block [414/2875] : done (13ms) 
 block [415/2875] : done (19ms) 
 block [416/2875] : done (10ms) 
 block [417/2875] : done (12ms) 
 block [418/2875] : done (13ms) 
 block [419/2875] : done (13ms) 
 block [420/2875] : done (10ms) 
 block [421/2875] : done (8ms) 
 block [422/2875] : done (15ms) 
 block [423/2875] : done (13ms) 
 block [424/2875] : done (11ms) 
 block [425/2875] : done (9ms) 
 block [426/2875] : done (10ms) 
 block [427/2875] : done (17ms) 
 block [428/2875] : done (17ms) 
 block [429/2875] : done (6ms) 
 block [430/2875] : done (7ms) 
 block [431/2875] : done (9ms) 
 block [432/2875] : done (17ms) 
 block [433/2875] : done (9ms) 
 block [434/2875] : done (12ms) 
 block [435/2875] : done (14ms) 
 block [436/2875] : done (8ms) 
 block [437/2875] : done (7ms) 
 block [438/2875] : done (13ms) 
 block [439/2875] : done (9ms) 
 block [440/2875] : done (8ms) 
 block [441/2875] : done (7ms) 
 block [442/2875] : done (7ms) 
 block [443/2875] : done (9ms) 
 block [444/2875] : done (11ms) 
 block [445/2875] : done (9ms) 
 block [446/2875] : done (9ms) 
 block [447/2875] : done (7ms) 
 block [448/2875] : done (11ms) 
 block [449/2875] : done (9ms) 
 block [450/2875] : done (8ms) 
 block [451/2875] : done (11ms) 
 block [452/2875] : done (8ms) 
 block [453/2875] : done (10ms) 
 block [454/2875] : done (9ms) 
 block [455/2875] : done (8ms) 
 block [456/2875] : done (11ms) 
 block [457/2875] : done (9ms) 
 block [458/2875] : done (7ms) 
 block [459/2875] : done (16ms) 
 block [460/2875] : done (10ms) 
 block [461/2875] : done (8ms) 
 block [462/2875] : done (9ms) 
 block [463/2875] : done (9ms) 
 block [464/2875] : done (10ms) 
 block [465/2875] : done (9ms) 
 block [466/2875] : done (7ms) 
 block [467/2875] : done (9ms) 
 block [468/2875] : done (15ms) 
 block [469/2875] : done (10ms) 
 block [470/2875] : done (14ms) 
 block [471/2875] : done (14ms) 
 block [472/2875] : done (12ms) 
 block [473/2875] : done (13ms) 
 block [474/2875] : done (9ms) 
 block [475/2875] : done (11ms) 
 block [476/2875] : done (13ms) 
 block [477/2875] : done (11ms) 
 block [478/2875] : done (13ms) 
 block [479/2875] : done (16ms) 
 block [480/2875] : done (22ms) 
 block [481/2875] : done (14ms) 
 block [482/2875] : done (12ms) 
 block [483/2875] : done (11ms) 
 block [484/2875] : done (8ms) 
 block [485/2875] : done (9ms) 
 block [486/2875] : done (16ms) 
 block [487/2875] : done (9ms) 
 block [488/2875] : done (9ms) 
 block [489/2875] : done (15ms) 
 block [490/2875] : done (13ms) 
 block [491/2875] : done (12ms) 
 block [492/2875] : done (7ms) 
 block [493/2875] : done (9ms) 
 block [494/2875] : done (8ms) 
 block [495/2875] : done (9ms) 
 block [496/2875] : done (6ms) 
 block [497/2875] : done (11ms) 
 block [498/2875] : done (7ms) 
 block [499/2875] : done (14ms) 
 block [500/2875] : done (10ms) 
 block [501/2875] : done (28ms) 
 block [502/2875] : done (22ms) 
 block [503/2875] : done (23ms) 
 block [504/2875] : done (17ms) 
 block [505/2875] : done (16ms) 
 block [506/2875] : done (10ms) 
 block [507/2875] : done (12ms) 
 block [508/2875] : done (12ms) 
 block [509/2875] : done (14ms) 
 block [510/2875] : done (7ms) 
 block [511/2875] : done (14ms) 
 block [512/2875] : done (10ms) 
 block [513/2875] : done (10ms) 
 block [514/2875] : done (12ms) 
 block [515/2875] : done (12ms) 
 block [516/2875] : done (13ms) 
 block [517/2875] : done (8ms) 
 block [518/2875] : done (12ms) 
 block [519/2875] : done (16ms) 
 block [520/2875] : done (14ms) 
 block [521/2875] : done (15ms) 
 block [522/2875] : done (12ms) 
 block [523/2875] : done (9ms) 
 block [524/2875] : done (6ms) 
 block [525/2875] : done (14ms) 
 block [526/2875] : done (11ms) 
 block [527/2875] : done (7ms) 
 block [528/2875] : done (14ms) 
 block [529/2875] : done (8ms) 
 block [530/2875] : done (7ms) 
 block [531/2875] : done (11ms) 
 block [532/2875] : done (7ms) 
 block [533/2875] : done (8ms) 
 block [534/2875] : done (7ms) 
 block [535/2875] : done (8ms) 
 block [536/2875] : done (8ms) 
 block [537/2875] : done (9ms) 
 block [538/2875] : done (9ms) 
 block [539/2875] : done (7ms) 
 block [540/2875] : done (10ms) 
 block [541/2875] : done (6ms) 
 block [542/2875] : done (13ms) 
 block [543/2875] : done (13ms) 
 block [544/2875] : done (9ms) 
 block [545/2875] : done (11ms) 
 block [546/2875] : done (10ms) 
 block [547/2875] : done (14ms) 
 block [548/2875] : done (7ms) 
 block [549/2875] : done (9ms) 
 block [550/2875] : done (13ms) 
 block [551/2875] : done (10ms) 
 block [552/2875] : done (11ms) 
 block [553/2875] : done (11ms) 
 block [554/2875] : done (14ms) 
 block [555/2875] : done (11ms) 
 block [556/2875] : done (7ms) 
 block [557/2875] : done (9ms) 
 block [558/2875] : done (11ms) 
 block [559/2875] : done (8ms) 
 block [560/2875] : done (9ms) 
 block [561/2875] : done (18ms) 
 block [562/2875] : done (8ms) 
 block [563/2875] : done (14ms) 
 block [564/2875] : done (15ms) 
 block [565/2875] : done (11ms) 
 block [566/2875] : done (13ms) 
 block [567/2875] : done (15ms) 
 block [568/2875] : done (13ms) 
 block [569/2875] : done (16ms) 
 block [570/2875] : done (14ms) 
 block [571/2875] : done (13ms) 
 block [572/2875] : done (8ms) 
 block [573/2875] : done (7ms) 
 block [574/2875] : done (9ms) 
 block [575/2875] : done (13ms) 
 block [576/2875] : done (25ms) 
 block [577/2875] : done (19ms) 
 block [578/2875] : done (16ms) 
 block [579/2875] : done (16ms) 
 block [580/2875] : done (18ms) 
 block [581/2875] : done (12ms) 
 block [582/2875] : done (18ms) 
 block [583/2875] : done (14ms) 
 block [584/2875] : done (14ms) 
 block [585/2875] : done (15ms) 
 block [586/2875] : done (11ms) 
 block [587/2875] : done (15ms) 
 block [588/2875] : done (12ms) 
 block [589/2875] : done (14ms) 
 block [590/2875] : done (13ms) 
 block [591/2875] : done (12ms) 
 block [592/2875] : done (10ms) 
 block [593/2875] : done (10ms) 
 block [594/2875] : done (12ms) 
 block [595/2875] : done (9ms) 
 block [596/2875] : done (12ms) 
 block [597/2875] : done (10ms) 
 block [598/2875] : done (11ms) 
 block [599/2875] : done (11ms) 
 block [600/2875] : done (15ms) 
 block [601/2875] : done (11ms) 
 block [602/2875] : done (13ms) 
 block [603/2875] : done (9ms) 
 block [604/2875] : done (16ms) 
 block [605/2875] : done (12ms) 
 block [606/2875] : done (17ms) 
 block [607/2875] : done (11ms) 
 block [608/2875] : done (15ms) 
 block [609/2875] : done (8ms) 
 block [610/2875] : done (15ms) 
 block [611/2875] : done (13ms) 
 block [612/2875] : done (10ms) 
 block [613/2875] : done (10ms) 
 block [614/2875] : done (9ms) 
 block [615/2875] : done (14ms) 
 block [616/2875] : done (10ms) 
 block [617/2875] : done (13ms) 
 block [618/2875] : done (12ms) 
 block [619/2875] : done (15ms) 
 block [620/2875] : done (14ms) 
 block [621/2875] : done (10ms) 
 block [622/2875] : done (10ms) 
 block [623/2875] : done (9ms) 
 block [624/2875] : done (11ms) 
 block [625/2875] : done (8ms) 
 block [626/2875] : done (11ms) 
 block [627/2875] : done (8ms) 
 block [628/2875] : done (12ms) 
 block [629/2875] : done (9ms) 
 block [630/2875] : done (8ms) 
 block [631/2875] : done (9ms) 
 block [632/2875] : done (8ms) 
 block [633/2875] : done (8ms) 
 block [634/2875] : done (12ms) 
 block [635/2875] : done (15ms) 
 block [636/2875] : done (11ms) 
 block [637/2875] : done (15ms) 
 block [638/2875] : done (9ms) 
 block [639/2875] : done (10ms) 
 block [640/2875] : done (14ms) 
 block [641/2875] : done (9ms) 
 block [642/2875] : done (14ms) 
 block [643/2875] : done (11ms) 
 block [644/2875] : done (10ms) 
 block [645/2875] : done (8ms) 
 block [646/2875] : done (9ms) 
 block [647/2875] : done (13ms) 
 block [648/2875] : done (10ms) 
 block [649/2875] : done (9ms) 
 block [650/2875] : done (15ms) 
 block [651/2875] : done (12ms) 
 block [652/2875] : done (11ms) 
 block [653/2875] : done (8ms) 
 block [654/2875] : done (8ms) 
 block [655/2875] : done (14ms) 
 block [656/2875] : done (13ms) 
 block [657/2875] : done (19ms) 
 block [658/2875] : done (16ms) 
 block [659/2875] : done (16ms) 
 block [660/2875] : done (15ms) 
 block [661/2875] : done (20ms) 
 block [662/2875] : done (15ms) 
 block [663/2875] : done (17ms) 
 block [664/2875] : done (14ms) 
 block [665/2875] : done (20ms) 
 block [666/2875] : done (18ms) 
 block [667/2875] : done (18ms) 
 block [668/2875] : done (18ms) 
 block [669/2875] : done (13ms) 
 block [670/2875] : done (13ms) 
 block [671/2875] : done (11ms) 
 block [672/2875] : done (14ms) 
 block [673/2875] : done (13ms) 
 block [674/2875] : done (14ms) 
 block [675/2875] : done (9ms) 
 block [676/2875] : done (17ms) 
 block [677/2875] : done (11ms) 
 block [678/2875] : done (11ms) 
 block [679/2875] : done (14ms) 
 block [680/2875] : done (12ms) 
 block [681/2875] : done (12ms) 
 block [682/2875] : done (10ms) 
 block [683/2875] : done (10ms) 
 block [684/2875] : done (8ms) 
 block [685/2875] : done (14ms) 
 block [686/2875] : done (7ms) 
 block [687/2875] : done (10ms) 
 block [688/2875] : done (9ms) 
 block [689/2875] : done (12ms) 
 block [690/2875] : done (8ms) 
 block [691/2875] : done (9ms) 
 block [692/2875] : done (13ms) 
 block [693/2875] : done (9ms) 
 block [694/2875] : done (8ms) 
 block [695/2875] : done (15ms) 
 block [696/2875] : done (11ms) 
 block [697/2875] : done (7ms) 
 block [698/2875] : done (13ms) 
 block [699/2875] : done (10ms) 
 block [700/2875] : done (11ms) 
 block [701/2875] : done (10ms) 
 block [702/2875] : done (9ms) 
 block [703/2875] : done (12ms) 
 block [704/2875] : done (10ms) 
 block [705/2875] : done (11ms) 
 block [706/2875] : done (11ms) 
 block [707/2875] : done (13ms) 
 block [708/2875] : done (8ms) 
 block [709/2875] : done (9ms) 
 block [710/2875] : done (9ms) 
 block [711/2875] : done (9ms) 
 block [712/2875] : done (12ms) 
 block [713/2875] : done (8ms) 
 block [714/2875] : done (14ms) 
 block [715/2875] : done (11ms) 
 block [716/2875] : done (8ms) 
 block [717/2875] : done (11ms) 
 block [718/2875] : done (15ms) 
 block [719/2875] : done (13ms) 
 block [720/2875] : done (11ms) 
 block [721/2875] : done (13ms) 
 block [722/2875] : done (11ms) 
 block [723/2875] : done (13ms) 
 block [724/2875] : done (8ms) 
 block [725/2875] : done (9ms) 
 block [726/2875] : done (12ms) 
 block [727/2875] : done (10ms) 
 block [728/2875] : done (11ms) 
 block [729/2875] : done (9ms) 
 block [730/2875] : done (9ms) 
 block [731/2875] : done (8ms) 
 block [732/2875] : done (8ms) 
 block [733/2875] : done (8ms) 
 block [734/2875] : done (14ms) 
 block [735/2875] : done (7ms) 
 block [736/2875] : done (10ms) 
 block [737/2875] : done (16ms) 
 block [738/2875] : done (16ms) 
 block [739/2875] : done (10ms) 
 block [740/2875] : done (8ms) 
 block [741/2875] : done (8ms) 
 block [742/2875] : done (10ms) 
 block [743/2875] : done (9ms) 
 block [744/2875] : done (9ms) 
 block [745/2875] : done (13ms) 
 block [746/2875] : done (11ms) 
 block [747/2875] : done (9ms) 
 block [748/2875] : done (9ms) 
 block [749/2875] : done (17ms) 
 block [750/2875] : done (16ms) 
 block [751/2875] : done (11ms) 
 block [752/2875] : done (20ms) 
 block [753/2875] : done (9ms) 
 block [754/2875] : done (17ms) 
 block [755/2875] : done (10ms) 
 block [756/2875] : done (10ms) 
 block [757/2875] : done (15ms) 
 block [758/2875] : done (11ms) 
 block [759/2875] : done (13ms) 
 block [760/2875] : done (13ms) 
 block [761/2875] : done (10ms) 
 block [762/2875] : done (8ms) 
 block [763/2875] : done (6ms) 
 block [764/2875] : done (12ms) 
 block [765/2875] : done (8ms) 
 block [766/2875] : done (11ms) 
 block [767/2875] : done (11ms) 
 block [768/2875] : done (8ms) 
 block [769/2875] : done (11ms) 
 block [770/2875] : done (9ms) 
 block [771/2875] : done (13ms) 
 block [772/2875] : done (26ms) 
 block [773/2875] : done (10ms) 
 block [774/2875] : done (12ms) 
 block [775/2875] : done (9ms) 
 block [776/2875] : done (7ms) 
 block [777/2875] : done (11ms) 
 block [778/2875] : done (11ms) 
 block [779/2875] : done (12ms) 
 block [780/2875] : done (12ms) 
 block [781/2875] : done (9ms) 
 block [782/2875] : done (10ms) 
 block [783/2875] : done (14ms) 
 block [784/2875] : done (11ms) 
 block [785/2875] : done (6ms) 
 block [786/2875] : done (11ms) 
 block [787/2875] : done (13ms) 
 block [788/2875] : done (12ms) 
 block [789/2875] : done (11ms) 
 block [790/2875] : done (16ms) 
 block [791/2875] : done (8ms) 
 block [792/2875] : done (9ms) 
 block [793/2875] : done (7ms) 
 block [794/2875] : done (7ms) 
 block [795/2875] : done (9ms) 
 block [796/2875] : done (13ms) 
 block [797/2875] : done (12ms) 
 block [798/2875] : done (12ms) 
 block [799/2875] : done (7ms) 
 block [800/2875] : done (11ms) 
 block [801/2875] : done (15ms) 
 block [802/2875] : done (8ms) 
 block [803/2875] : done (11ms) 
 block [804/2875] : done (10ms) 
 block [805/2875] : done (18ms) 
 block [806/2875] : done (7ms) 
 block [807/2875] : done (16ms) 
 block [808/2875] : done (8ms) 
 block [809/2875] : done (12ms) 
 block [810/2875] : done (10ms) 
 block [811/2875] : done (16ms) 
 block [812/2875] : done (13ms) 
 block [813/2875] : done (12ms) 
 block [814/2875] : done (8ms) 
 block [815/2875] : done (13ms) 
 block [816/2875] : done (8ms) 
 block [817/2875] : done (10ms) 
 block [818/2875] : done (11ms) 
 block [819/2875] : done (10ms) 
 block [820/2875] : done (9ms) 
 block [821/2875] : done (12ms) 
 block [822/2875] : done (9ms) 
 block [823/2875] : done (14ms) 
 block [824/2875] : done (12ms) 
 block [825/2875] : done (8ms) 
 block [826/2875] : done (13ms) 
 block [827/2875] : done (14ms) 
 block [828/2875] : done (14ms) 
 block [829/2875] : done (12ms) 
 block [830/2875] : done (14ms) 
 block [831/2875] : done (6ms) 
 block [832/2875] : done (15ms) 
 block [833/2875] : done (8ms) 
 block [834/2875] : done (13ms) 
 block [835/2875] : done (13ms) 
 block [836/2875] : done (10ms) 
 block [837/2875] : done (11ms) 
 block [838/2875] : done (11ms) 
 block [839/2875] : done (9ms) 
 block [840/2875] : done (7ms) 
 block [841/2875] : done (7ms) 
 block [842/2875] : done (10ms) 
 block [843/2875] : done (10ms) 
 block [844/2875] : done (8ms) 
 block [845/2875] : done (6ms) 
 block [846/2875] : done (12ms) 
 block [847/2875] : done (10ms) 
 block [848/2875] : done (13ms) 
 block [849/2875] : done (7ms) 
 block [850/2875] : done (12ms) 
 block [851/2875] : done (9ms) 
 block [852/2875] : done (12ms) 
 block [853/2875] : done (8ms) 
 block [854/2875] : done (12ms) 
 block [855/2875] : done (10ms) 
 block [856/2875] : done (8ms) 
 block [857/2875] : done (7ms) 
 block [858/2875] : done (12ms) 
 block [859/2875] : done (13ms) 
 block [860/2875] : done (9ms) 
 block [861/2875] : done (9ms) 
 block [862/2875] : done (11ms) 
 block [863/2875] : done (8ms) 
 block [864/2875] : done (12ms) 
 block [865/2875] : done (11ms) 
 block [866/2875] : done (11ms) 
 block [867/2875] : done (11ms) 
 block [868/2875] : done (8ms) 
 block [869/2875] : done (12ms) 
 block [870/2875] : done (12ms) 
 block [871/2875] : done (10ms) 
 block [872/2875] : done (12ms) 
 block [873/2875] : done (14ms) 
 block [874/2875] : done (10ms) 
 block [875/2875] : done (13ms) 
 block [876/2875] : done (10ms) 
 block [877/2875] : done (13ms) 
 block [878/2875] : done (10ms) 
 block [879/2875] : done (9ms) 
 block [880/2875] : done (8ms) 
 block [881/2875] : done (13ms) 
 block [882/2875] : done (15ms) 
 block [883/2875] : done (11ms) 
 block [884/2875] : done (9ms) 
 block [885/2875] : done (13ms) 
 block [886/2875] : done (9ms) 
 block [887/2875] : done (12ms) 
 block [888/2875] : done (8ms) 
 block [889/2875] : done (9ms) 
 block [890/2875] : done (11ms) 
 block [891/2875] : done (11ms) 
 block [892/2875] : done (10ms) 
 block [893/2875] : done (16ms) 
 block [894/2875] : done (12ms) 
 block [895/2875] : done (9ms) 
 block [896/2875] : done (11ms) 
 block [897/2875] : done (12ms) 
 block [898/2875] : done (6ms) 
 block [899/2875] : done (8ms) 
 block [900/2875] : done (11ms) 
 block [901/2875] : done (10ms) 
 block [902/2875] : done (10ms) 
 block [903/2875] : done (10ms) 
 block [904/2875] : done (5ms) 
 block [905/2875] : done (9ms) 
 block [906/2875] : done (9ms) 
 block [907/2875] : done (12ms) 
 block [908/2875] : done (6ms) 
 block [909/2875] : done (8ms) 
 block [910/2875] : done (9ms) 
 block [911/2875] : done (10ms) 
 block [912/2875] : done (9ms) 
 block [913/2875] : done (11ms) 
 block [914/2875] : done (12ms) 
 block [915/2875] : done (11ms) 
 block [916/2875] : done (14ms) 
 block [917/2875] : done (13ms) 
 block [918/2875] : done (30ms) 
 block [919/2875] : done (40ms) 
 block [920/2875] : done (29ms) 
 block [921/2875] : done (23ms) 
 block [922/2875] : done (24ms) 
 block [923/2875] : done (17ms) 
 block [924/2875] : done (16ms) 
 block [925/2875] : done (14ms) 
 block [926/2875] : done (31ms) 
 block [927/2875] : done (15ms) 
 block [928/2875] : done (15ms) 
 block [929/2875] : done (14ms) 
 block [930/2875] : done (12ms) 
 block [931/2875] : done (15ms) 
 block [932/2875] : done (12ms) 
 block [933/2875] : done (10ms) 
 block [934/2875] : done (12ms) 
 block [935/2875] : done (12ms) 
 block [936/2875] : done (13ms) 
 block [937/2875] : done (14ms) 
 block [938/2875] : done (6ms) 
 block [939/2875] : done (10ms) 
 block [940/2875] : done (13ms) 
 block [941/2875] : done (11ms) 
 block [942/2875] : done (12ms) 
 block [943/2875] : done (8ms) 
 block [944/2875] : done (13ms) 
 block [945/2875] : done (9ms) 
 block [946/2875] : done (6ms) 
 block [947/2875] : done (11ms) 
 block [948/2875] : done (10ms) 
 block [949/2875] : done (9ms) 
 block [950/2875] : done (9ms) 
 block [951/2875] : done (10ms) 
 block [952/2875] : done (7ms) 
 block [953/2875] : done (12ms) 
 block [954/2875] : done (7ms) 
 block [955/2875] : done (7ms) 
 block [956/2875] : done (9ms) 
 block [957/2875] : done (13ms) 
 block [958/2875] : done (10ms) 
 block [959/2875] : done (11ms) 
 block [960/2875] : done (11ms) 
 block [961/2875] : done (10ms) 
 block [962/2875] : done (8ms) 
 block [963/2875] : done (8ms) 
 block [964/2875] : done (10ms) 
 block [965/2875] : done (9ms) 
 block [966/2875] : done (9ms) 
 block [967/2875] : done (14ms) 
 block [968/2875] : done (10ms) 
 block [969/2875] : done (12ms) 
 block [970/2875] : done (12ms) 
 block [971/2875] : done (6ms) 
 block [972/2875] : done (6ms) 
 block [973/2875] : done (6ms) 
 block [974/2875] : done (7ms) 
 block [975/2875] : done (11ms) 
 block [976/2875] : done (17ms) 
 block [977/2875] : done (27ms) 
 block [978/2875] : done (23ms) 
 block [979/2875] : done (14ms) 
 block [980/2875] : done (16ms) 
 block [981/2875] : done (12ms) 
 block [982/2875] : done (15ms) 
 block [983/2875] : done (17ms) 
 block [984/2875] : done (18ms) 
 block [985/2875] : done (21ms) 
 block [986/2875] : done (10ms) 
 block [987/2875] : done (15ms) 
 block [988/2875] : done (9ms) 
 block [989/2875] : done (17ms) 
 block [990/2875] : done (14ms) 
 block [991/2875] : done (8ms) 
 block [992/2875] : done (12ms) 
 block [993/2875] : done (11ms) 
 block [994/2875] : done (15ms) 
 block [995/2875] : done (16ms) 
 block [996/2875] : done (14ms) 
 block [997/2875] : done (10ms) 
 block [998/2875] : done (13ms) 
 block [999/2875] : done (13ms) 
 block [1000/2875] : done (13ms) 
 block [1001/2875] : done (12ms) 
 block [1002/2875] : done (12ms) 
 block [1003/2875] : done (9ms) 
 block [1004/2875] : done (10ms) 
 block [1005/2875] : done (10ms) 
 block [1006/2875] : done (7ms) 
 block [1007/2875] : done (9ms) 
 block [1008/2875] : done (8ms) 
 block [1009/2875] : done (7ms) 
 block [1010/2875] : done (8ms) 
 block [1011/2875] : done (7ms) 
 block [1012/2875] : done (9ms) 
 block [1013/2875] : done (10ms) 
 block [1014/2875] : done (12ms) 
 block [1015/2875] : done (11ms) 
 block [1016/2875] : done (12ms) 
 block [1017/2875] : done (15ms) 
 block [1018/2875] : done (8ms) 
 block [1019/2875] : done (10ms) 
 block [1020/2875] : done (12ms) 
 block [1021/2875] : done (14ms) 
 block [1022/2875] : done (15ms) 
 block [1023/2875] : done (10ms) 
 block [1024/2875] : done (7ms) 
 block [1025/2875] : done (12ms) 
 block [1026/2875] : done (11ms) 
 block [1027/2875] : done (13ms) 
 block [1028/2875] : done (11ms) 
 block [1029/2875] : done (13ms) 
 block [1030/2875] : done (16ms) 
 block [1031/2875] : done (7ms) 
 block [1032/2875] : done (9ms) 
 block [1033/2875] : done (10ms) 
 block [1034/2875] : done (19ms) 
 block [1035/2875] : done (15ms) 
 block [1036/2875] : done (8ms) 
 block [1037/2875] : done (14ms) 
 block [1038/2875] : done (7ms) 
 block [1039/2875] : done (9ms) 
 block [1040/2875] : done (10ms) 
 block [1041/2875] : done (8ms) 
 block [1042/2875] : done (7ms) 
 block [1043/2875] : done (8ms) 
 block [1044/2875] : done (12ms) 
 block [1045/2875] : done (12ms) 
 block [1046/2875] : done (10ms) 
 block [1047/2875] : done (9ms) 
 block [1048/2875] : done (15ms) 
 block [1049/2875] : done (13ms) 
 block [1050/2875] : done (8ms) 
 block [1051/2875] : done (8ms) 
 block [1052/2875] : done (14ms) 
 block [1053/2875] : done (8ms) 
 block [1054/2875] : done (14ms) 
 block [1055/2875] : done (12ms) 
 block [1056/2875] : done (10ms) 
 block [1057/2875] : done (12ms) 
 block [1058/2875] : done (13ms) 
 block [1059/2875] : done (8ms) 
 block [1060/2875] : done (10ms) 
 block [1061/2875] : done (11ms) 
 block [1062/2875] : done (7ms) 
 block [1063/2875] : done (10ms) 
 block [1064/2875] : done (12ms) 
 block [1065/2875] : done (11ms) 
 block [1066/2875] : done (6ms) 
 block [1067/2875] : done (14ms) 
 block [1068/2875] : done (6ms) 
 block [1069/2875] : done (7ms) 
 block [1070/2875] : done (16ms) 
 block [1071/2875] : done (11ms) 
 block [1072/2875] : done (15ms) 
 block [1073/2875] : done (13ms) 
 block [1074/2875] : done (7ms) 
 block [1075/2875] : done (15ms) 
 block [1076/2875] : done (14ms) 
 block [1077/2875] : done (10ms) 
 block [1078/2875] : done (10ms) 
 block [1079/2875] : done (14ms) 
 block [1080/2875] : done (7ms) 
 block [1081/2875] : done (13ms) 
 block [1082/2875] : done (11ms) 
 block [1083/2875] : done (15ms) 
 block [1084/2875] : done (11ms) 
 block [1085/2875] : done (13ms) 
 block [1086/2875] : done (17ms) 
 block [1087/2875] : done (10ms) 
 block [1088/2875] : done (12ms) 
 block [1089/2875] : done (13ms) 
 block [1090/2875] : done (14ms) 
 block [1091/2875] : done (13ms) 
 block [1092/2875] : done (6ms) 
 block [1093/2875] : done (10ms) 
 block [1094/2875] : done (13ms) 
 block [1095/2875] : done (13ms) 
 block [1096/2875] : done (10ms) 
 block [1097/2875] : done (13ms) 
 block [1098/2875] : done (10ms) 
 block [1099/2875] : done (12ms) 
 block [1100/2875] : done (9ms) 
 block [1101/2875] : done (6ms) 
 block [1102/2875] : done (9ms) 
 block [1103/2875] : done (12ms) 
 block [1104/2875] : done (15ms) 
 block [1105/2875] : done (9ms) 
 block [1106/2875] : done (11ms) 
 block [1107/2875] : done (14ms) 
 block [1108/2875] : done (15ms) 
 block [1109/2875] : done (8ms) 
 block [1110/2875] : done (10ms) 
 block [1111/2875] : done (12ms) 
 block [1112/2875] : done (9ms) 
 block [1113/2875] : done (9ms) 
 block [1114/2875] : done (7ms) 
 block [1115/2875] : done (11ms) 
 block [1116/2875] : done (10ms) 
 block [1117/2875] : done (13ms) 
 block [1118/2875] : done (8ms) 
 block [1119/2875] : done (13ms) 
 block [1120/2875] : done (13ms) 
 block [1121/2875] : done (7ms) 
 block [1122/2875] : done (7ms) 
 block [1123/2875] : done (12ms) 
 block [1124/2875] : done (10ms) 
 block [1125/2875] : done (12ms) 
 block [1126/2875] : done (11ms) 
 block [1127/2875] : done (9ms) 
 block [1128/2875] : done (6ms) 
 block [1129/2875] : done (8ms) 
 block [1130/2875] : done (10ms) 
 block [1131/2875] : done (13ms) 
 block [1132/2875] : done (12ms) 
 block [1133/2875] : done (16ms) 
 block [1134/2875] : done (14ms) 
 block [1135/2875] : done (6ms) 
 block [1136/2875] : done (11ms) 
 block [1137/2875] : done (11ms) 
 block [1138/2875] : done (16ms) 
 block [1139/2875] : done (11ms) 
 block [1140/2875] : done (11ms) 
 block [1141/2875] : done (10ms) 
 block [1142/2875] : done (11ms) 
 block [1143/2875] : done (13ms) 
 block [1144/2875] : done (12ms) 
 block [1145/2875] : done (13ms) 
 block [1146/2875] : done (12ms) 
 block [1147/2875] : done (14ms) 
 block [1148/2875] : done (12ms) 
 block [1149/2875] : done (11ms) 
 block [1150/2875] : done (13ms) 
 block [1151/2875] : done (12ms) 
 block [1152/2875] : done (13ms) 
 block [1153/2875] : done (15ms) 
 block [1154/2875] : done (14ms) 
 block [1155/2875] : done (9ms) 
 block [1156/2875] : done (13ms) 
 block [1157/2875] : done (7ms) 
 block [1158/2875] : done (6ms) 
 block [1159/2875] : done (11ms) 
 block [1160/2875] : done (13ms) 
 block [1161/2875] : done (10ms) 
 block [1162/2875] : done (11ms) 
 block [1163/2875] : done (9ms) 
 block [1164/2875] : done (12ms) 
 block [1165/2875] : done (10ms) 
 block [1166/2875] : done (14ms) 
 block [1167/2875] : done (7ms) 
 block [1168/2875] : done (15ms) 
 block [1169/2875] : done (10ms) 
 block [1170/2875] : done (14ms) 
 block [1171/2875] : done (19ms) 
 block [1172/2875] : done (10ms) 
 block [1173/2875] : done (12ms) 
 block [1174/2875] : done (16ms) 
 block [1175/2875] : done (8ms) 
 block [1176/2875] : done (12ms) 
 block [1177/2875] : done (12ms) 
 block [1178/2875] : done (15ms) 
 block [1179/2875] : done (9ms) 
 block [1180/2875] : done (10ms) 
 block [1181/2875] : done (9ms) 
 block [1182/2875] : done (7ms) 
 block [1183/2875] : done (8ms) 
 block [1184/2875] : done (10ms) 
 block [1185/2875] : done (16ms) 
 block [1186/2875] : done (14ms) 
 block [1187/2875] : done (15ms) 
 block [1188/2875] : done (15ms) 
 block [1189/2875] : done (16ms) 
 block [1190/2875] : done (8ms) 
 block [1191/2875] : done (13ms) 
 block [1192/2875] : done (18ms) 
 block [1193/2875] : done (10ms) 
 block [1194/2875] : done (10ms) 
 block [1195/2875] : done (10ms) 
 block [1196/2875] : done (9ms) 
 block [1197/2875] : done (10ms) 
 block [1198/2875] : done (11ms) 
 block [1199/2875] : done (10ms) 
 block [1200/2875] : done (11ms) 
 block [1201/2875] : done (11ms) 
 block [1202/2875] : done (12ms) 
 block [1203/2875] : done (10ms) 
 block [1204/2875] : done (8ms) 
 block [1205/2875] : done (9ms) 
 block [1206/2875] : done (16ms) 
 block [1207/2875] : done (15ms) 
 block [1208/2875] : done (11ms) 
 block [1209/2875] : done (11ms) 
 block [1210/2875] : done (10ms) 
 block [1211/2875] : done (14ms) 
 block [1212/2875] : done (8ms) 
 block [1213/2875] : done (10ms) 
 block [1214/2875] : done (10ms) 
 block [1215/2875] : done (8ms) 
 block [1216/2875] : done (8ms) 
 block [1217/2875] : done (9ms) 
 block [1218/2875] : done (8ms) 
 block [1219/2875] : done (8ms) 
 block [1220/2875] : done (11ms) 
 block [1221/2875] : done (11ms) 
 block [1222/2875] : done (8ms) 
 block [1223/2875] : done (11ms) 
 block [1224/2875] : done (12ms) 
 block [1225/2875] : done (19ms) 
 block [1226/2875] : done (9ms) 
 block [1227/2875] : done (10ms) 
 block [1228/2875] : done (13ms) 
 block [1229/2875] : done (12ms) 
 block [1230/2875] : done (8ms) 
 block [1231/2875] : done (11ms) 
 block [1232/2875] : done (16ms) 
 block [1233/2875] : done (14ms) 
 block [1234/2875] : done (11ms) 
 block [1235/2875] : done (14ms) 
 block [1236/2875] : done (11ms) 
 block [1237/2875] : done (13ms) 
 block [1238/2875] : done (11ms) 
 block [1239/2875] : done (17ms) 
 block [1240/2875] : done (10ms) 
 block [1241/2875] : done (15ms) 
 block [1242/2875] : done (6ms) 
 block [1243/2875] : done (17ms) 
 block [1244/2875] : done (9ms) 
 block [1245/2875] : done (13ms) 
 block [1246/2875] : done (10ms) 
 block [1247/2875] : done (10ms) 
 block [1248/2875] : done (10ms) 
 block [1249/2875] : done (9ms) 
 block [1250/2875] : done (8ms) 
 block [1251/2875] : done (9ms) 
 block [1252/2875] : done (9ms) 
 block [1253/2875] : done (7ms) 
 block [1254/2875] : done (12ms) 
 block [1255/2875] : done (7ms) 
 block [1256/2875] : done (6ms) 
 block [1257/2875] : done (12ms) 
 block [1258/2875] : done (9ms) 
 block [1259/2875] : done (6ms) 
 block [1260/2875] : done (11ms) 
 block [1261/2875] : done (12ms) 
 block [1262/2875] : done (7ms) 
 block [1263/2875] : done (13ms) 
 block [1264/2875] : done (21ms) 
 block [1265/2875] : done (7ms) 
 block [1266/2875] : done (11ms) 
 block [1267/2875] : done (12ms) 
 block [1268/2875] : done (13ms) 
 block [1269/2875] : done (10ms) 
 block [1270/2875] : done (9ms) 
 block [1271/2875] : done (26ms) 
 block [1272/2875] : done (17ms) 
 block [1273/2875] : done (10ms) 
 block [1274/2875] : done (14ms) 
 block [1275/2875] : done (9ms) 
 block [1276/2875] : done (9ms) 
 block [1277/2875] : done (8ms) 
 block [1278/2875] : done (11ms) 
 block [1279/2875] : done (10ms) 
 block [1280/2875] : done (7ms) 
 block [1281/2875] : done (13ms) 
 block [1282/2875] : done (12ms) 
 block [1283/2875] : done (11ms) 
 block [1284/2875] : done (13ms) 
 block [1285/2875] : done (9ms) 
 block [1286/2875] : done (9ms) 
 block [1287/2875] : done (9ms) 
 block [1288/2875] : done (6ms) 
 block [1289/2875] : done (10ms) 
 block [1290/2875] : done (10ms) 
 block [1291/2875] : done (9ms) 
 block [1292/2875] : done (8ms) 
 block [1293/2875] : done (6ms) 
 block [1294/2875] : done (9ms) 
 block [1295/2875] : done (13ms) 
 block [1296/2875] : done (7ms) 
 block [1297/2875] : done (10ms) 
 block [1298/2875] : done (6ms) 
 block [1299/2875] : done (9ms) 
 block [1300/2875] : done (14ms) 
 block [1301/2875] : done (16ms) 
 block [1302/2875] : done (11ms) 
 block [1303/2875] : done (15ms) 
 block [1304/2875] : done (20ms) 
 block [1305/2875] : done (26ms) 
 block [1306/2875] : done (16ms) 
 block [1307/2875] : done (22ms) 
 block [1308/2875] : done (14ms) 
 block [1309/2875] : done (21ms) 
 block [1310/2875] : done (16ms) 
 block [1311/2875] : done (13ms) 
 block [1312/2875] : done (13ms) 
 block [1313/2875] : done (18ms) 
 block [1314/2875] : done (13ms) 
 block [1315/2875] : done (11ms) 
 block [1316/2875] : done (23ms) 
 block [1317/2875] : done (7ms) 
 block [1318/2875] : done (8ms) 
 block [1319/2875] : done (11ms) 
 block [1320/2875] : done (9ms) 
 block [1321/2875] : done (6ms) 
 block [1322/2875] : done (9ms) 
 block [1323/2875] : done (10ms) 
 block [1324/2875] : done (7ms) 
 block [1325/2875] : done (10ms) 
 block [1326/2875] : done (14ms) 
 block [1327/2875] : done (10ms) 
 block [1328/2875] : done (31ms) 
 block [1329/2875] : done (21ms) 
 block [1330/2875] : done (11ms) 
 block [1331/2875] : done (20ms) 
 block [1332/2875] : done (9ms) 
 block [1333/2875] : done (15ms) 
 block [1334/2875] : done (18ms) 
 block [1335/2875] : done (15ms) 
 block [1336/2875] : done (10ms) 
 block [1337/2875] : done (16ms) 
 block [1338/2875] : done (14ms) 
 block [1339/2875] : done (12ms) 
 block [1340/2875] : done (9ms) 
 block [1341/2875] : done (16ms) 
 block [1342/2875] : done (9ms) 
 block [1343/2875] : done (9ms) 
 block [1344/2875] : done (9ms) 
 block [1345/2875] : done (14ms) 
 block [1346/2875] : done (15ms) 
 block [1347/2875] : done (12ms) 
 block [1348/2875] : done (13ms) 
 block [1349/2875] : done (9ms) 
 block [1350/2875] : done (11ms) 
 block [1351/2875] : done (8ms) 
 block [1352/2875] : done (13ms) 
 block [1353/2875] : done (10ms) 
 block [1354/2875] : done (11ms) 
 block [1355/2875] : done (8ms) 
 block [1356/2875] : done (11ms) 
 block [1357/2875] : done (9ms) 
 block [1358/2875] : done (11ms) 
 block [1359/2875] : done (8ms) 
 block [1360/2875] : done (10ms) 
 block [1361/2875] : done (8ms) 
 block [1362/2875] : done (11ms) 
 block [1363/2875] : done (8ms) 
 block [1364/2875] : done (12ms) 
 block [1365/2875] : done (11ms) 
 block [1366/2875] : done (8ms) 
 block [1367/2875] : done (8ms) 
 block [1368/2875] : done (10ms) 
 block [1369/2875] : done (16ms) 
 block [1370/2875] : done (12ms) 
 block [1371/2875] : done (8ms) 
 block [1372/2875] : done (8ms) 
 block [1373/2875] : done (9ms) 
 block [1374/2875] : done (9ms) 
 block [1375/2875] : done (8ms) 
 block [1376/2875] : done (8ms) 
 block [1377/2875] : done (10ms) 
 block [1378/2875] : done (8ms) 
 block [1379/2875] : done (8ms) 
 block [1380/2875] : done (8ms) 
 block [1381/2875] : done (9ms) 
 block [1382/2875] : done (9ms) 
 block [1383/2875] : done (7ms) 
 block [1384/2875] : done (10ms) 
 block [1385/2875] : done (9ms) 
 block [1386/2875] : done (8ms) 
 block [1387/2875] : done (8ms) 
 block [1388/2875] : done (10ms) 
 block [1389/2875] : done (8ms) 
 block [1390/2875] : done (8ms) 
 block [1391/2875] : done (10ms) 
 block [1392/2875] : done (14ms) 
 block [1393/2875] : done (8ms) 
 block [1394/2875] : done (10ms) 
 block [1395/2875] : done (9ms) 
 block [1396/2875] : done (12ms) 
 block [1397/2875] : done (10ms) 
 block [1398/2875] : done (8ms) 
 block [1399/2875] : done (8ms) 
 block [1400/2875] : done (8ms) 
 block [1401/2875] : done (8ms) 
 block [1402/2875] : done (9ms) 
 block [1403/2875] : done (8ms) 
 block [1404/2875] : done (15ms) 
 block [1405/2875] : done (8ms) 
 block [1406/2875] : done (8ms) 
 block [1407/2875] : done (12ms) 
 block [1408/2875] : done (9ms) 
 block [1409/2875] : done (11ms) 
 block [1410/2875] : done (13ms) 
 block [1411/2875] : done (17ms) 
 block [1412/2875] : done (9ms) 
 block [1413/2875] : done (9ms) 
 block [1414/2875] : done (10ms) 
 block [1415/2875] : done (8ms) 
 block [1416/2875] : done (10ms) 
 block [1417/2875] : done (10ms) 
 block [1418/2875] : done (9ms) 
 block [1419/2875] : done (10ms) 
 block [1420/2875] : done (12ms) 
 block [1421/2875] : done (12ms) 
 block [1422/2875] : done (9ms) 
 block [1423/2875] : done (11ms) 
 block [1424/2875] : done (10ms) 
 block [1425/2875] : done (17ms) 
 block [1426/2875] : done (9ms) 
 block [1427/2875] : done (11ms) 
 block [1428/2875] : done (12ms) 
 block [1429/2875] : done (16ms) 
 block [1430/2875] : done (11ms) 
 block [1431/2875] : done (10ms) 
 block [1432/2875] : done (9ms) 
 block [1433/2875] : done (8ms) 
 block [1434/2875] : done (9ms) 
 block [1435/2875] : done (6ms) 
 block [1436/2875] : done (10ms) 
 block [1437/2875] : done (11ms) 
 block [1438/2875] : done (12ms) 
 block [1439/2875] : done (12ms) 
 block [1440/2875] : done (10ms) 
 block [1441/2875] : done (7ms) 
 block [1442/2875] : done (10ms) 
 block [1443/2875] : done (13ms) 
 block [1444/2875] : done (11ms) 
 block [1445/2875] : done (15ms) 
 block [1446/2875] : done (11ms) 
 block [1447/2875] : done (6ms) 
 block [1448/2875] : done (6ms) 
 block [1449/2875] : done (9ms) 
 block [1450/2875] : done (9ms) 
 block [1451/2875] : done (12ms) 
 block [1452/2875] : done (12ms) 
 block [1453/2875] : done (8ms) 
 block [1454/2875] : done (7ms) 
 block [1455/2875] : done (7ms) 
 block [1456/2875] : done (11ms) 
 block [1457/2875] : done (11ms) 
 block [1458/2875] : done (14ms) 
 block [1459/2875] : done (9ms) 
 block [1460/2875] : done (6ms) 
 block [1461/2875] : done (7ms) 
 block [1462/2875] : done (8ms) 
 block [1463/2875] : done (9ms) 
 block [1464/2875] : done (12ms) 
 block [1465/2875] : done (12ms) 
 block [1466/2875] : done (6ms) 
 block [1467/2875] : done (11ms) 
 block [1468/2875] : done (19ms) 
 block [1469/2875] : done (6ms) 
 block [1470/2875] : done (9ms) 
 block [1471/2875] : done (7ms) 
 block [1472/2875] : done (16ms) 
 block [1473/2875] : done (13ms) 
 block [1474/2875] : done (7ms) 
 block [1475/2875] : done (6ms) 
 block [1476/2875] : done (7ms) 
 block [1477/2875] : done (12ms) 
 block [1478/2875] : done (18ms) 
 block [1479/2875] : done (7ms) 
 block [1480/2875] : done (9ms) 
 block [1481/2875] : done (10ms) 
 block [1482/2875] : done (16ms) 
 block [1483/2875] : done (9ms) 
 block [1484/2875] : done (6ms) 
 block [1485/2875] : done (12ms) 
 block [1486/2875] : done (10ms) 
 block [1487/2875] : done (6ms) 
 block [1488/2875] : done (7ms) 
 block [1489/2875] : done (9ms) 
 block [1490/2875] : done (7ms) 
 block [1491/2875] : done (11ms) 
 block [1492/2875] : done (16ms) 
 block [1493/2875] : done (6ms) 
 block [1494/2875] : done (10ms) 
 block [1495/2875] : done (6ms) 
 block [1496/2875] : done (11ms) 
 block [1497/2875] : done (6ms) 
 block [1498/2875] : done (12ms) 
 block [1499/2875] : done (9ms) 
 block [1500/2875] : done (12ms) 
 block [1501/2875] : done (7ms) 
 block [1502/2875] : done (13ms) 
 block [1503/2875] : done (15ms) 
 block [1504/2875] : done (8ms) 
 block [1505/2875] : done (13ms) 
 block [1506/2875] : done (12ms) 
 block [1507/2875] : done (10ms) 
 block [1508/2875] : done (11ms) 
 block [1509/2875] : done (12ms) 
 block [1510/2875] : done (10ms) 
 block [1511/2875] : done (7ms) 
 block [1512/2875] : done (9ms) 
 block [1513/2875] : done (9ms) 
 block [1514/2875] : done (14ms) 
 block [1515/2875] : done (9ms) 
 block [1516/2875] : done (10ms) 
 block [1517/2875] : done (6ms) 
 block [1518/2875] : done (8ms) 
 block [1519/2875] : done (12ms) 
 block [1520/2875] : done (6ms) 
 block [1521/2875] : done (7ms) 
 block [1522/2875] : done (8ms) 
 block [1523/2875] : done (7ms) 
 block [1524/2875] : done (10ms) 
 block [1525/2875] : done (12ms) 
 block [1526/2875] : done (7ms) 
 block [1527/2875] : done (10ms) 
 block [1528/2875] : done (9ms) 
 block [1529/2875] : done (9ms) 
 block [1530/2875] : done (9ms) 
 block [1531/2875] : done (16ms) 
 block [1532/2875] : done (13ms) 
 block [1533/2875] : done (7ms) 
 block [1534/2875] : done (13ms) 
 block [1535/2875] : done (17ms) 
 block [1536/2875] : done (9ms) 
 block [1537/2875] : done (14ms) 
 block [1538/2875] : done (8ms) 
 block [1539/2875] : done (13ms) 
 block [1540/2875] : done (12ms) 
 block [1541/2875] : done (8ms) 
 block [1542/2875] : done (6ms) 
 block [1543/2875] : done (10ms) 
 block [1544/2875] : done (14ms) 
 block [1545/2875] : done (15ms) 
 block [1546/2875] : done (13ms) 
 block [1547/2875] : done (11ms) 
 block [1548/2875] : done (7ms) 
 block [1549/2875] : done (14ms) 
 block [1550/2875] : done (12ms) 
 block [1551/2875] : done (10ms) 
 block [1552/2875] : done (14ms) 
 block [1553/2875] : done (7ms) 
 block [1554/2875] : done (11ms) 
 block [1555/2875] : done (7ms) 
 block [1556/2875] : done (10ms) 
 block [1557/2875] : done (13ms) 
 block [1558/2875] : done (11ms) 
 block [1559/2875] : done (12ms) 
 block [1560/2875] : done (13ms) 
 block [1561/2875] : done (12ms) 
 block [1562/2875] : done (12ms) 
 block [1563/2875] : done (16ms) 
 block [1564/2875] : done (9ms) 
 block [1565/2875] : done (7ms) 
 block [1566/2875] : done (13ms) 
 block [1567/2875] : done (18ms) 
 block [1568/2875] : done (6ms) 
 block [1569/2875] : done (9ms) 
 block [1570/2875] : done (10ms) 
 block [1571/2875] : done (17ms) 
 block [1572/2875] : done (12ms) 
 block [1573/2875] : done (13ms) 
 block [1574/2875] : done (14ms) 
 block [1575/2875] : done (13ms) 
 block [1576/2875] : done (14ms) 
 block [1577/2875] : done (8ms) 
 block [1578/2875] : done (9ms) 
 block [1579/2875] : done (9ms) 
 block [1580/2875] : done (9ms) 
 block [1581/2875] : done (11ms) 
 block [1582/2875] : done (15ms) 
 block [1583/2875] : done (12ms) 
 block [1584/2875] : done (8ms) 
 block [1585/2875] : done (12ms) 
 block [1586/2875] : done (17ms) 
 block [1587/2875] : done (15ms) 
 block [1588/2875] : done (13ms) 
 block [1589/2875] : done (14ms) 
 block [1590/2875] : done (10ms) 
 block [1591/2875] : done (10ms) 
 block [1592/2875] : done (12ms) 
 block [1593/2875] : done (7ms) 
 block [1594/2875] : done (11ms) 
 block [1595/2875] : done (12ms) 
 block [1596/2875] : done (12ms) 
 block [1597/2875] : done (7ms) 
 block [1598/2875] : done (13ms) 
 block [1599/2875] : done (11ms) 
 block [1600/2875] : done (13ms) 
 block [1601/2875] : done (15ms) 
 block [1602/2875] : done (7ms) 
 block [1603/2875] : done (10ms) 
 block [1604/2875] : done (7ms) 
 block [1605/2875] : done (10ms) 
 block [1606/2875] : done (7ms) 
 block [1607/2875] : done (6ms) 
 block [1608/2875] : done (12ms) 
 block [1609/2875] : done (7ms) 
 block [1610/2875] : done (9ms) 
 block [1611/2875] : done (14ms) 
 block [1612/2875] : done (10ms) 
 block [1613/2875] : done (11ms) 
 block [1614/2875] : done (8ms) 
 block [1615/2875] : done (12ms) 
 block [1616/2875] : done (14ms) 
 block [1617/2875] : done (17ms) 
 block [1618/2875] : done (10ms) 
 block [1619/2875] : done (14ms) 
 block [1620/2875] : done (12ms) 
 block [1621/2875] : done (12ms) 
 block [1622/2875] : done (12ms) 
 block [1623/2875] : done (8ms) 
 block [1624/2875] : done (11ms) 
 block [1625/2875] : done (10ms) 
 block [1626/2875] : done (9ms) 
 block [1627/2875] : done (15ms) 
 block [1628/2875] : done (14ms) 
 block [1629/2875] : done (9ms) 
 block [1630/2875] : done (14ms) 
 block [1631/2875] : done (15ms) 
 block [1632/2875] : done (17ms) 
 block [1633/2875] : done (8ms) 
 block [1634/2875] : done (11ms) 
 block [1635/2875] : done (11ms) 
 block [1636/2875] : done (8ms) 
 block [1637/2875] : done (10ms) 
 block [1638/2875] : done (17ms) 
 block [1639/2875] : done (8ms) 
 block [1640/2875] : done (6ms) 
 block [1641/2875] : done (9ms) 
 block [1642/2875] : done (7ms) 
 block [1643/2875] : done (8ms) 
 block [1644/2875] : done (12ms) 
 block [1645/2875] : done (8ms) 
 block [1646/2875] : done (8ms) 
 block [1647/2875] : done (6ms) 
 block [1648/2875] : done (15ms) 
 block [1649/2875] : done (10ms) 
 block [1650/2875] : done (10ms) 
 block [1651/2875] : done (9ms) 
 block [1652/2875] : done (10ms) 
 block [1653/2875] : done (8ms) 
 block [1654/2875] : done (11ms) 
 block [1655/2875] : done (8ms) 
 block [1656/2875] : done (10ms) 
 block [1657/2875] : done (8ms) 
 block [1658/2875] : done (8ms) 
 block [1659/2875] : done (6ms) 
 block [1660/2875] : done (11ms) 
 block [1661/2875] : done (7ms) 
 block [1662/2875] : done (17ms) 
 block [1663/2875] : done (14ms) 
 block [1664/2875] : done (8ms) 
 block [1665/2875] : done (7ms) 
 block [1666/2875] : done (8ms) 
 block [1667/2875] : done (7ms) 
 block [1668/2875] : done (10ms) 
 block [1669/2875] : done (15ms) 
 block [1670/2875] : done (8ms) 
 block [1671/2875] : done (6ms) 
 block [1672/2875] : done (11ms) 
 block [1673/2875] : done (7ms) 
 block [1674/2875] : done (13ms) 
 block [1675/2875] : done (9ms) 
 block [1676/2875] : done (17ms) 
 block [1677/2875] : done (9ms) 
 block [1678/2875] : done (9ms) 
 block [1679/2875] : done (6ms) 
 block [1680/2875] : done (7ms) 
 block [1681/2875] : done (8ms) 
 block [1682/2875] : done (6ms) 
 block [1683/2875] : done (17ms) 
 block [1684/2875] : done (11ms) 
 block [1685/2875] : done (9ms) 
 block [1686/2875] : done (11ms) 
 block [1687/2875] : done (7ms) 
 block [1688/2875] : done (12ms) 
 block [1689/2875] : done (13ms) 
 block [1690/2875] : done (12ms) 
 block [1691/2875] : done (11ms) 
 block [1692/2875] : done (9ms) 
 block [1693/2875] : done (11ms) 
 block [1694/2875] : done (9ms) 
 block [1695/2875] : done (11ms) 
 block [1696/2875] : done (12ms) 
 block [1697/2875] : done (11ms) 
 block [1698/2875] : done (9ms) 
 block [1699/2875] : done (9ms) 
 block [1700/2875] : done (9ms) 
 block [1701/2875] : done (14ms) 
 block [1702/2875] : done (12ms) 
 block [1703/2875] : done (10ms) 
 block [1704/2875] : done (11ms) 
 block [1705/2875] : done (8ms) 
 block [1706/2875] : done (13ms) 
 block [1707/2875] : done (13ms) 
 block [1708/2875] : done (13ms) 
 block [1709/2875] : done (7ms) 
 block [1710/2875] : done (12ms) 
 block [1711/2875] : done (6ms) 
 block [1712/2875] : done (7ms) 
 block [1713/2875] : done (9ms) 
 block [1714/2875] : done (14ms) 
 block [1715/2875] : done (14ms) 
 block [1716/2875] : done (11ms) 
 block [1717/2875] : done (11ms) 
 block [1718/2875] : done (11ms) 
 block [1719/2875] : done (10ms) 
 block [1720/2875] : done (12ms) 
 block [1721/2875] : done (10ms) 
 block [1722/2875] : done (11ms) 
 block [1723/2875] : done (11ms) 
 block [1724/2875] : done (7ms) 
 block [1725/2875] : done (10ms) 
 block [1726/2875] : done (7ms) 
 block [1727/2875] : done (7ms) 
 block [1728/2875] : done (8ms) 
 block [1729/2875] : done (8ms) 
 block [1730/2875] : done (8ms) 
 block [1731/2875] : done (6ms) 
 block [1732/2875] : done (8ms) 
 block [1733/2875] : done (12ms) 
 block [1734/2875] : done (6ms) 
 block [1735/2875] : done (7ms) 
 block [1736/2875] : done (13ms) 
 block [1737/2875] : done (7ms) 
 block [1738/2875] : done (15ms) 
 block [1739/2875] : done (17ms) 
 block [1740/2875] : done (9ms) 
 block [1741/2875] : done (10ms) 
 block [1742/2875] : done (10ms) 
 block [1743/2875] : done (10ms) 
 block [1744/2875] : done (6ms) 
 block [1745/2875] : done (11ms) 
 block [1746/2875] : done (11ms) 
 block [1747/2875] : done (12ms) 
 block [1748/2875] : done (9ms) 
 block [1749/2875] : done (17ms) 
 block [1750/2875] : done (7ms) 
 block [1751/2875] : done (10ms) 
 block [1752/2875] : done (12ms) 
 block [1753/2875] : done (13ms) 
 block [1754/2875] : done (11ms) 
 block [1755/2875] : done (10ms) 
 block [1756/2875] : done (9ms) 
 block [1757/2875] : done (8ms) 
 block [1758/2875] : done (14ms) 
 block [1759/2875] : done (6ms) 
 block [1760/2875] : done (8ms) 
 block [1761/2875] : done (11ms) 
 block [1762/2875] : done (16ms) 
 block [1763/2875] : done (9ms) 
 block [1764/2875] : done (6ms) 
 block [1765/2875] : done (6ms) 
 block [1766/2875] : done (14ms) 
 block [1767/2875] : done (15ms) 
 block [1768/2875] : done (12ms) 
 block [1769/2875] : done (10ms) 
 block [1770/2875] : done (7ms) 
 block [1771/2875] : done (7ms) 
 block [1772/2875] : done (6ms) 
 block [1773/2875] : done (9ms) 
 block [1774/2875] : done (13ms) 
 block [1775/2875] : done (9ms) 
 block [1776/2875] : done (8ms) 
 block [1777/2875] : done (9ms) 
 block [1778/2875] : done (10ms) 
 block [1779/2875] : done (7ms) 
 block [1780/2875] : done (9ms) 
 block [1781/2875] : done (10ms) 
 block [1782/2875] : done (13ms) 
 block [1783/2875] : done (7ms) 
 block [1784/2875] : done (9ms) 
 block [1785/2875] : done (7ms) 
 block [1786/2875] : done (7ms) 
 block [1787/2875] : done (6ms) 
 block [1788/2875] : done (13ms) 
 block [1789/2875] : done (8ms) 
 block [1790/2875] : done (10ms) 
 block [1791/2875] : done (7ms) 
 block [1792/2875] : done (7ms) 
 block [1793/2875] : done (11ms) 
 block [1794/2875] : done (11ms) 
 block [1795/2875] : done (9ms) 
 block [1796/2875] : done (11ms) 
 block [1797/2875] : done (10ms) 
 block [1798/2875] : done (11ms) 
 block [1799/2875] : done (9ms) 
 block [1800/2875] : done (9ms) 
 block [1801/2875] : done (10ms) 
 block [1802/2875] : done (11ms) 
 block [1803/2875] : done (11ms) 
 block [1804/2875] : done (9ms) 
 block [1805/2875] : done (11ms) 
 block [1806/2875] : done (8ms) 
 block [1807/2875] : done (11ms) 
 block [1808/2875] : done (14ms) 
 block [1809/2875] : done (9ms) 
 block [1810/2875] : done (9ms) 
 block [1811/2875] : done (12ms) 
 block [1812/2875] : done (10ms) 
 block [1813/2875] : done (12ms) 
 block [1814/2875] : done (9ms) 
 block [1815/2875] : done (9ms) 
 block [1816/2875] : done (7ms) 
 block [1817/2875] : done (20ms) 
 block [1818/2875] : done (24ms) 
 block [1819/2875] : done (19ms) 
 block [1820/2875] : done (21ms) 
 block [1821/2875] : done (16ms) 
 block [1822/2875] : done (13ms) 
 block [1823/2875] : done (16ms) 
 block [1824/2875] : done (11ms) 
 block [1825/2875] : done (10ms) 
 block [1826/2875] : done (13ms) 
 block [1827/2875] : done (12ms) 
 block [1828/2875] : done (13ms) 
 block [1829/2875] : done (12ms) 
 block [1830/2875] : done (15ms) 
 block [1831/2875] : done (9ms) 
 block [1832/2875] : done (9ms) 
 block [1833/2875] : done (8ms) 
 block [1834/2875] : done (9ms) 
 block [1835/2875] : done (9ms) 
 block [1836/2875] : done (12ms) 
 block [1837/2875] : done (16ms) 
 block [1838/2875] : done (12ms) 
 block [1839/2875] : done (9ms) 
 block [1840/2875] : done (7ms) 
 block [1841/2875] : done (10ms) 
 block [1842/2875] : done (14ms) 
 block [1843/2875] : done (8ms) 
 block [1844/2875] : done (13ms) 
 block [1845/2875] : done (8ms) 
 block [1846/2875] : done (14ms) 
 block [1847/2875] : done (8ms) 
 block [1848/2875] : done (7ms) 
 block [1849/2875] : done (6ms) 
 block [1850/2875] : done (15ms) 
 block [1851/2875] : done (9ms) 
 block [1852/2875] : done (9ms) 
 block [1853/2875] : done (9ms) 
 block [1854/2875] : done (8ms) 
 block [1855/2875] : done (7ms) 
 block [1856/2875] : done (7ms) 
 block [1857/2875] : done (7ms) 
 block [1858/2875] : done (12ms) 
 block [1859/2875] : done (9ms) 
 block [1860/2875] : done (7ms) 
 block [1861/2875] : done (11ms) 
 block [1862/2875] : done (9ms) 
 block [1863/2875] : done (6ms) 
 block [1864/2875] : done (14ms) 
 block [1865/2875] : done (14ms) 
 block [1866/2875] : done (10ms) 
 block [1867/2875] : done (9ms) 
 block [1868/2875] : done (11ms) 
 block [1869/2875] : done (9ms) 
 block [1870/2875] : done (7ms) 
 block [1871/2875] : done (6ms) 
 block [1872/2875] : done (11ms) 
 block [1873/2875] : done (10ms) 
 block [1874/2875] : done (12ms) 
 block [1875/2875] : done (9ms) 
 block [1876/2875] : done (10ms) 
 block [1877/2875] : done (11ms) 
 block [1878/2875] : done (9ms) 
 block [1879/2875] : done (14ms) 
 block [1880/2875] : done (9ms) 
 block [1881/2875] : done (8ms) 
 block [1882/2875] : done (9ms) 
 block [1883/2875] : done (15ms) 
 block [1884/2875] : done (16ms) 
 block [1885/2875] : done (7ms) 
 block [1886/2875] : done (9ms) 
 block [1887/2875] : done (7ms) 
 block [1888/2875] : done (6ms) 
 block [1889/2875] : done (8ms) 
 block [1890/2875] : done (7ms) 
 block [1891/2875] : done (11ms) 
 block [1892/2875] : done (9ms) 
 block [1893/2875] : done (9ms) 
 block [1894/2875] : done (7ms) 
 block [1895/2875] : done (16ms) 
 block [1896/2875] : done (7ms) 
 block [1897/2875] : done (13ms) 
 block [1898/2875] : done (10ms) 
 block [1899/2875] : done (9ms) 
 block [1900/2875] : done (10ms) 
 block [1901/2875] : done (7ms) 
 block [1902/2875] : done (8ms) 
 block [1903/2875] : done (9ms) 
 block [1904/2875] : done (11ms) 
 block [1905/2875] : done (10ms) 
 block [1906/2875] : done (7ms) 
 block [1907/2875] : done (6ms) 
 block [1908/2875] : done (7ms) 
 block [1909/2875] : done (9ms) 
 block [1910/2875] : done (15ms) 
 block [1911/2875] : done (6ms) 
 block [1912/2875] : done (6ms) 
 block [1913/2875] : done (7ms) 
 block [1914/2875] : done (13ms) 
 block [1915/2875] : done (8ms) 
 block [1916/2875] : done (16ms) 
 block [1917/2875] : done (10ms) 
 block [1918/2875] : done (6ms) 
 block [1919/2875] : done (8ms) 
 block [1920/2875] : done (10ms) 
 block [1921/2875] : done (7ms) 
 block [1922/2875] : done (11ms) 
 block [1923/2875] : done (9ms) 
 block [1924/2875] : done (13ms) 
 block [1925/2875] : done (14ms) 
 block [1926/2875] : done (12ms) 
 block [1927/2875] : done (9ms) 
 block [1928/2875] : done (11ms) 
 block [1929/2875] : done (9ms) 
 block [1930/2875] : done (9ms) 
 block [1931/2875] : done (7ms) 
 block [1932/2875] : done (17ms) 
 block [1933/2875] : done (12ms) 
 block [1934/2875] : done (10ms) 
 block [1935/2875] : done (12ms) 
 block [1936/2875] : done (9ms) 
 block [1937/2875] : done (15ms) 
 block [1938/2875] : done (11ms) 
 block [1939/2875] : done (11ms) 
 block [1940/2875] : done (11ms) 
 block [1941/2875] : done (11ms) 
 block [1942/2875] : done (10ms) 
 block [1943/2875] : done (13ms) 
 block [1944/2875] : done (9ms) 
 block [1945/2875] : done (9ms) 
 block [1946/2875] : done (9ms) 
 block [1947/2875] : done (8ms) 
 block [1948/2875] : done (11ms) 
 block [1949/2875] : done (9ms) 
 block [1950/2875] : done (10ms) 
 block [1951/2875] : done (11ms) 
 block [1952/2875] : done (10ms) 
 block [1953/2875] : done (8ms) 
 block [1954/2875] : done (11ms) 
 block [1955/2875] : done (14ms) 
 block [1956/2875] : done (11ms) 
 block [1957/2875] : done (9ms) 
 block [1958/2875] : done (11ms) 
 block [1959/2875] : done (9ms) 
 block [1960/2875] : done (7ms) 
 block [1961/2875] : done (11ms) 
 block [1962/2875] : done (11ms) 
 block [1963/2875] : done (10ms) 
 block [1964/2875] : done (8ms) 
 block [1965/2875] : done (11ms) 
 block [1966/2875] : done (9ms) 
 block [1967/2875] : done (10ms) 
 block [1968/2875] : done (14ms) 
 block [1969/2875] : done (10ms) 
 block [1970/2875] : done (13ms) 
 block [1971/2875] : done (7ms) 
 block [1972/2875] : done (10ms) 
 block [1973/2875] : done (8ms) 
 block [1974/2875] : done (8ms) 
 block [1975/2875] : done (7ms) 
 block [1976/2875] : done (9ms) 
 block [1977/2875] : done (11ms) 
 block [1978/2875] : done (14ms) 
 block [1979/2875] : done (15ms) 
 block [1980/2875] : done (10ms) 
 block [1981/2875] : done (8ms) 
 block [1982/2875] : done (9ms) 
 block [1983/2875] : done (9ms) 
 block [1984/2875] : done (13ms) 
 block [1985/2875] : done (12ms) 
 block [1986/2875] : done (9ms) 
 block [1987/2875] : done (16ms) 
 block [1988/2875] : done (6ms) 
 block [1989/2875] : done (14ms) 
 block [1990/2875] : done (7ms) 
 block [1991/2875] : done (12ms) 
 block [1992/2875] : done (9ms) 
 block [1993/2875] : done (9ms) 
 block [1994/2875] : done (9ms) 
 block [1995/2875] : done (7ms) 
 block [1996/2875] : done (8ms) 
 block [1997/2875] : done (10ms) 
 block [1998/2875] : done (11ms) 
 block [1999/2875] : done (8ms) 
 block [2000/2875] : done (18ms) 
 block [2001/2875] : done (10ms) 
 block [2002/2875] : done (7ms) 
 block [2003/2875] : done (7ms) 
 block [2004/2875] : done (9ms) 
 block [2005/2875] : done (9ms) 
 block [2006/2875] : done (7ms) 
 block [2007/2875] : done (17ms) 
 block [2008/2875] : done (12ms) 
 block [2009/2875] : done (14ms) 
 block [2010/2875] : done (9ms) 
 block [2011/2875] : done (10ms) 
 block [2012/2875] : done (12ms) 
 block [2013/2875] : done (7ms) 
 block [2014/2875] : done (9ms) 
 block [2015/2875] : done (10ms) 
 block [2016/2875] : done (8ms) 
 block [2017/2875] : done (9ms) 
 block [2018/2875] : done (10ms) 
 block [2019/2875] : done (8ms) 
 block [2020/2875] : done (8ms) 
 block [2021/2875] : done (8ms) 
 block [2022/2875] : done (13ms) 
 block [2023/2875] : done (9ms) 
 block [2024/2875] : done (8ms) 
 block [2025/2875] : done (8ms) 
 block [2026/2875] : done (15ms) 
 block [2027/2875] : done (7ms) 
 block [2028/2875] : done (9ms) 
 block [2029/2875] : done (10ms) 
 block [2030/2875] : done (13ms) 
 block [2031/2875] : done (10ms) 
 block [2032/2875] : done (15ms) 
 block [2033/2875] : done (10ms) 
 block [2034/2875] : done (11ms) 
 block [2035/2875] : done (8ms) 
 block [2036/2875] : done (10ms) 
 block [2037/2875] : done (11ms) 
 block [2038/2875] : done (14ms) 
 block [2039/2875] : done (7ms) 
 block [2040/2875] : done (14ms) 
 block [2041/2875] : done (9ms) 
 block [2042/2875] : done (8ms) 
 block [2043/2875] : done (14ms) 
 block [2044/2875] : done (10ms) 
 block [2045/2875] : done (7ms) 
 block [2046/2875] : done (10ms) 
 block [2047/2875] : done (14ms) 
 block [2048/2875] : done (6ms) 
 block [2049/2875] : done (7ms) 
 block [2050/2875] : done (9ms) 
 block [2051/2875] : done (6ms) 
 block [2052/2875] : done (11ms) 
 block [2053/2875] : done (13ms) 
 block [2054/2875] : done (15ms) 
 block [2055/2875] : done (8ms) 
 block [2056/2875] : done (13ms) 
 block [2057/2875] : done (11ms) 
 block [2058/2875] : done (12ms) 
 block [2059/2875] : done (14ms) 
 block [2060/2875] : done (9ms) 
 block [2061/2875] : done (13ms) 
 block [2062/2875] : done (13ms) 
 block [2063/2875] : done (11ms) 
 block [2064/2875] : done (12ms) 
 block [2065/2875] : done (11ms) 
 block [2066/2875] : done (10ms) 
 block [2067/2875] : done (13ms) 
 block [2068/2875] : done (18ms) 
 block [2069/2875] : done (11ms) 
 block [2070/2875] : done (7ms) 
 block [2071/2875] : done (13ms) 
 block [2072/2875] : done (12ms) 
 block [2073/2875] : done (7ms) 
 block [2074/2875] : done (9ms) 
 block [2075/2875] : done (9ms) 
 block [2076/2875] : done (9ms) 
 block [2077/2875] : done (11ms) 
 block [2078/2875] : done (10ms) 
 block [2079/2875] : done (9ms) 
 block [2080/2875] : done (12ms) 
 block [2081/2875] : done (12ms) 
 block [2082/2875] : done (14ms) 
 block [2083/2875] : done (14ms) 
 block [2084/2875] : done (10ms) 
 block [2085/2875] : done (6ms) 
 block [2086/2875] : done (12ms) 
 block [2087/2875] : done (9ms) 
 block [2088/2875] : done (11ms) 
 block [2089/2875] : done (11ms) 
 block [2090/2875] : done (9ms) 
 block [2091/2875] : done (8ms) 
 block [2092/2875] : done (16ms) 
 block [2093/2875] : done (8ms) 
 block [2094/2875] : done (12ms) 
 block [2095/2875] : done (11ms) 
 block [2096/2875] : done (11ms) 
 block [2097/2875] : done (7ms) 
 block [2098/2875] : done (9ms) 
 block [2099/2875] : done (10ms) 
 block [2100/2875] : done (9ms) 
 block [2101/2875] : done (7ms) 
 block [2102/2875] : done (7ms) 
 block [2103/2875] : done (12ms) 
 block [2104/2875] : done (12ms) 
 block [2105/2875] : done (6ms) 
 block [2106/2875] : done (7ms) 
 block [2107/2875] : done (10ms) 
 block [2108/2875] : done (15ms) 
 block [2109/2875] : done (17ms) 
 block [2110/2875] : done (8ms) 
 block [2111/2875] : done (11ms) 
 block [2112/2875] : done (7ms) 
 block [2113/2875] : done (12ms) 
 block [2114/2875] : done (19ms) 
 block [2115/2875] : done (14ms) 
 block [2116/2875] : done (9ms) 
 block [2117/2875] : done (8ms) 
 block [2118/2875] : done (15ms) 
 block [2119/2875] : done (10ms) 
 block [2120/2875] : done (13ms) 
 block [2121/2875] : done (8ms) 
 block [2122/2875] : done (7ms) 
 block [2123/2875] : done (8ms) 
 block [2124/2875] : done (8ms) 
 block [2125/2875] : done (15ms) 
 block [2126/2875] : done (12ms) 
 block [2127/2875] : done (17ms) 
 block [2128/2875] : done (10ms) 
 block [2129/2875] : done (12ms) 
 block [2130/2875] : done (10ms) 
 block [2131/2875] : done (12ms) 
 block [2132/2875] : done (13ms) 
 block [2133/2875] : done (14ms) 
 block [2134/2875] : done (10ms) 
 block [2135/2875] : done (9ms) 
 block [2136/2875] : done (15ms) 
 block [2137/2875] : done (12ms) 
 block [2138/2875] : done (8ms) 
 block [2139/2875] : done (11ms) 
 block [2140/2875] : done (11ms) 
 block [2141/2875] : done (8ms) 
 block [2142/2875] : done (11ms) 
 block [2143/2875] : done (11ms) 
 block [2144/2875] : done (9ms) 
 block [2145/2875] : done (13ms) 
 block [2146/2875] : done (7ms) 
 block [2147/2875] : done (11ms) 
 block [2148/2875] : done (10ms) 
 block [2149/2875] : done (11ms) 
 block [2150/2875] : done (7ms) 
 block [2151/2875] : done (10ms) 
 block [2152/2875] : done (12ms) 
 block [2153/2875] : done (15ms) 
 block [2154/2875] : done (11ms) 
 block [2155/2875] : done (11ms) 
 block [2156/2875] : done (9ms) 
 block [2157/2875] : done (9ms) 
 block [2158/2875] : done (13ms) 
 block [2159/2875] : done (8ms) 
 block [2160/2875] : done (10ms) 
 block [2161/2875] : done (13ms) 
 block [2162/2875] : done (11ms) 
 block [2163/2875] : done (10ms) 
 block [2164/2875] : done (14ms) 
 block [2165/2875] : done (12ms) 
 block [2166/2875] : done (12ms) 
 block [2167/2875] : done (8ms) 
 block [2168/2875] : done (10ms) 
 block [2169/2875] : done (11ms) 
 block [2170/2875] : done (12ms) 
 block [2171/2875] : done (11ms) 
 block [2172/2875] : done (9ms) 
 block [2173/2875] : done (14ms) 
 block [2174/2875] : done (16ms) 
 block [2175/2875] : done (8ms) 
 block [2176/2875] : done (7ms) 
 block [2177/2875] : done (12ms) 
 block [2178/2875] : done (13ms) 
 block [2179/2875] : done (8ms) 
 block [2180/2875] : done (19ms) 
 block [2181/2875] : done (11ms) 
 block [2182/2875] : done (12ms) 
 block [2183/2875] : done (6ms) 
 block [2184/2875] : done (14ms) 
 block [2185/2875] : done (26ms) 
 block [2186/2875] : done (15ms) 
 block [2187/2875] : done (14ms) 
 block [2188/2875] : done (14ms) 
 block [2189/2875] : done (16ms) 
 block [2190/2875] : done (16ms) 
 block [2191/2875] : done (14ms) 
 block [2192/2875] : done (15ms) 
 block [2193/2875] : done (10ms) 
 block [2194/2875] : done (12ms) 
 block [2195/2875] : done (9ms) 
 block [2196/2875] : done (10ms) 
 block [2197/2875] : done (12ms) 
 block [2198/2875] : done (11ms) 
 block [2199/2875] : done (18ms) 
 block [2200/2875] : done (8ms) 
 block [2201/2875] : done (10ms) 
 block [2202/2875] : done (20ms) 
 block [2203/2875] : done (9ms) 
 block [2204/2875] : done (7ms) 
 block [2205/2875] : done (6ms) 
 block [2206/2875] : done (13ms) 
 block [2207/2875] : done (21ms) 
 block [2208/2875] : done (11ms) 
 block [2209/2875] : done (15ms) 
 block [2210/2875] : done (14ms) 
 block [2211/2875] : done (11ms) 
 block [2212/2875] : done (14ms) 
 block [2213/2875] : done (12ms) 
 block [2214/2875] : done (14ms) 
 block [2215/2875] : done (10ms) 
 block [2216/2875] : done (10ms) 
 block [2217/2875] : done (9ms) 
 block [2218/2875] : done (6ms) 
 block [2219/2875] : done (16ms) 
 block [2220/2875] : done (14ms) 
 block [2221/2875] : done (15ms) 
 block [2222/2875] : done (14ms) 
 block [2223/2875] : done (13ms) 
 block [2224/2875] : done (11ms) 
 block [2225/2875] : done (14ms) 
 block [2226/2875] : done (12ms) 
 block [2227/2875] : done (14ms) 
 block [2228/2875] : done (7ms) 
 block [2229/2875] : done (11ms) 
 block [2230/2875] : done (10ms) 
 block [2231/2875] : done (7ms) 
 block [2232/2875] : done (12ms) 
 block [2233/2875] : done (8ms) 
 block [2234/2875] : done (12ms) 
 block [2235/2875] : done (17ms) 
 block [2236/2875] : done (13ms) 
 block [2237/2875] : done (9ms) 
 block [2238/2875] : done (7ms) 
 block [2239/2875] : done (16ms) 
 block [2240/2875] : done (10ms) 
 block [2241/2875] : done (11ms) 
 block [2242/2875] : done (7ms) 
 block [2243/2875] : done (14ms) 
 block [2244/2875] : done (11ms) 
 block [2245/2875] : done (18ms) 
 block [2246/2875] : done (21ms) 
 block [2247/2875] : done (15ms) 
 block [2248/2875] : done (22ms) 
 block [2249/2875] : done (20ms) 
 block [2250/2875] : done (17ms) 
 block [2251/2875] : done (23ms) 
 block [2252/2875] : done (16ms) 
 block [2253/2875] : done (11ms) 
 block [2254/2875] : done (19ms) 
 block [2255/2875] : done (18ms) 
 block [2256/2875] : done (12ms) 
 block [2257/2875] : done (12ms) 
 block [2258/2875] : done (18ms) 
 block [2259/2875] : done (9ms) 
 block [2260/2875] : done (7ms) 
 block [2261/2875] : done (9ms) 
 block [2262/2875] : done (7ms) 
 block [2263/2875] : done (8ms) 
 block [2264/2875] : done (13ms) 
 block [2265/2875] : done (9ms) 
 block [2266/2875] : done (15ms) 
 block [2267/2875] : done (13ms) 
 block [2268/2875] : done (9ms) 
 block [2269/2875] : done (14ms) 
 block [2270/2875] : done (9ms) 
 block [2271/2875] : done (8ms) 
 block [2272/2875] : done (8ms) 
 block [2273/2875] : done (9ms) 
 block [2274/2875] : done (8ms) 
 block [2275/2875] : done (6ms) 
 block [2276/2875] : done (7ms) 
 block [2277/2875] : done (6ms) 
 block [2278/2875] : done (9ms) 
 block [2279/2875] : done (9ms) 
 block [2280/2875] : done (6ms) 
 block [2281/2875] : done (6ms) 
 block [2282/2875] : done (8ms) 
 block [2283/2875] : done (9ms) 
 block [2284/2875] : done (8ms) 
 block [2285/2875] : done (7ms) 
 block [2286/2875] : done (9ms) 
 block [2287/2875] : done (10ms) 
 block [2288/2875] : done (11ms) 
 block [2289/2875] : done (10ms) 
 block [2290/2875] : done (9ms) 
 block [2291/2875] : done (6ms) 
 block [2292/2875] : done (10ms) 
 block [2293/2875] : done (6ms) 
 block [2294/2875] : done (8ms) 
 block [2295/2875] : done (6ms) 
 block [2296/2875] : done (8ms) 
 block [2297/2875] : done (9ms) 
 block [2298/2875] : done (8ms) 
 block [2299/2875] : done (9ms) 
 block [2300/2875] : done (8ms) 
 block [2301/2875] : done (9ms) 
 block [2302/2875] : done (9ms) 
 block [2303/2875] : done (7ms) 
 block [2304/2875] : done (10ms) 
 block [2305/2875] : done (9ms) 
 block [2306/2875] : done (6ms) 
 block [2307/2875] : done (11ms) 
 block [2308/2875] : done (11ms) 
 block [2309/2875] : done (8ms) 
 block [2310/2875] : done (10ms) 
 block [2311/2875] : done (15ms) 
 block [2312/2875] : done (8ms) 
 block [2313/2875] : done (13ms) 
 block [2314/2875] : done (9ms) 
 block [2315/2875] : done (17ms) 
 block [2316/2875] : done (8ms) 
 block [2317/2875] : done (9ms) 
 block [2318/2875] : done (6ms) 
 block [2319/2875] : done (14ms) 
 block [2320/2875] : done (7ms) 
 block [2321/2875] : done (12ms) 
 block [2322/2875] : done (12ms) 
 block [2323/2875] : done (15ms) 
 block [2324/2875] : done (6ms) 
 block [2325/2875] : done (11ms) 
 block [2326/2875] : done (14ms) 
 block [2327/2875] : done (10ms) 
 block [2328/2875] : done (13ms) 
 block [2329/2875] : done (8ms) 
 block [2330/2875] : done (12ms) 
 block [2331/2875] : done (14ms) 
 block [2332/2875] : done (7ms) 
 block [2333/2875] : done (9ms) 
 block [2334/2875] : done (7ms) 
 block [2335/2875] : done (8ms) 
 block [2336/2875] : done (13ms) 
 block [2337/2875] : done (10ms) 
 block [2338/2875] : done (12ms) 
 block [2339/2875] : done (8ms) 
 block [2340/2875] : done (7ms) 
 block [2341/2875] : done (11ms) 
 block [2342/2875] : done (10ms) 
 block [2343/2875] : done (11ms) 
 block [2344/2875] : done (11ms) 
 block [2345/2875] : done (9ms) 
 block [2346/2875] : done (13ms) 
 block [2347/2875] : done (10ms) 
 block [2348/2875] : done (6ms) 
 block [2349/2875] : done (8ms) 
 block [2350/2875] : done (8ms) 
 block [2351/2875] : done (8ms) 
 block [2352/2875] : done (10ms) 
 block [2353/2875] : done (10ms) 
 block [2354/2875] : done (9ms) 
 block [2355/2875] : done (10ms) 
 block [2356/2875] : done (7ms) 
 block [2357/2875] : done (10ms) 
 block [2358/2875] : done (8ms) 
 block [2359/2875] : done (9ms) 
 block [2360/2875] : done (10ms) 
 block [2361/2875] : done (6ms) 
 block [2362/2875] : done (12ms) 
 block [2363/2875] : done (9ms) 
 block [2364/2875] : done (13ms) 
 block [2365/2875] : done (12ms) 
 block [2366/2875] : done (9ms) 
 block [2367/2875] : done (18ms) 
 block [2368/2875] : done (7ms) 
 block [2369/2875] : done (12ms) 
 block [2370/2875] : done (11ms) 
 block [2371/2875] : done (9ms) 
 block [2372/2875] : done (14ms) 
 block [2373/2875] : done (7ms) 
 block [2374/2875] : done (12ms) 
 block [2375/2875] : done (12ms) 
 block [2376/2875] : done (11ms) 
 block [2377/2875] : done (13ms) 
 block [2378/2875] : done (14ms) 
 block [2379/2875] : done (11ms) 
 block [2380/2875] : done (12ms) 
 block [2381/2875] : done (9ms) 
 block [2382/2875] : done (14ms) 
 block [2383/2875] : done (10ms) 
 block [2384/2875] : done (11ms) 
 block [2385/2875] : done (10ms) 
 block [2386/2875] : done (10ms) 
 block [2387/2875] : done (12ms) 
 block [2388/2875] : done (8ms) 
 block [2389/2875] : done (8ms) 
 block [2390/2875] : done (11ms) 
 block [2391/2875] : done (9ms) 
 block [2392/2875] : done (11ms) 
 block [2393/2875] : done (11ms) 
 block [2394/2875] : done (6ms) 
 block [2395/2875] : done (11ms) 
 block [2396/2875] : done (10ms) 
 block [2397/2875] : done (7ms) 
 block [2398/2875] : done (7ms) 
 block [2399/2875] : done (11ms) 
 block [2400/2875] : done (11ms) 
 block [2401/2875] : done (7ms) 
 block [2402/2875] : done (6ms) 
 block [2403/2875] : done (8ms) 
 block [2404/2875] : done (10ms) 
 block [2405/2875] : done (9ms) 
 block [2406/2875] : done (10ms) 
 block [2407/2875] : done (9ms) 
 block [2408/2875] : done (16ms) 
 block [2409/2875] : done (7ms) 
 block [2410/2875] : done (7ms) 
 block [2411/2875] : done (6ms) 
 block [2412/2875] : done (10ms) 
 block [2413/2875] : done (8ms) 
 block [2414/2875] : done (7ms) 
 block [2415/2875] : done (10ms) 
 block [2416/2875] : done (8ms) 
 block [2417/2875] : done (11ms) 
 block [2418/2875] : done (7ms) 
 block [2419/2875] : done (12ms) 
 block [2420/2875] : done (9ms) 
 block [2421/2875] : done (10ms) 
 block [2422/2875] : done (11ms) 
 block [2423/2875] : done (7ms) 
 block [2424/2875] : done (6ms) 
 block [2425/2875] : done (8ms) 
 block [2426/2875] : done (8ms) 
 block [2427/2875] : done (14ms) 
 block [2428/2875] : done (8ms) 
 block [2429/2875] : done (6ms) 
 block [2430/2875] : done (8ms) 
 block [2431/2875] : done (11ms) 
 block [2432/2875] : done (11ms) 
 block [2433/2875] : done (12ms) 
 block [2434/2875] : done (11ms) 
 block [2435/2875] : done (9ms) 
 block [2436/2875] : done (10ms) 
 block [2437/2875] : done (6ms) 
 block [2438/2875] : done (7ms) 
 block [2439/2875] : done (11ms) 
 block [2440/2875] : done (8ms) 
 block [2441/2875] : done (13ms) 
 block [2442/2875] : done (12ms) 
 block [2443/2875] : done (10ms) 
 block [2444/2875] : done (11ms) 
 block [2445/2875] : done (7ms) 
 block [2446/2875] : done (9ms) 
 block [2447/2875] : done (11ms) 
 block [2448/2875] : done (12ms) 
 block [2449/2875] : done (6ms) 
 block [2450/2875] : done (6ms) 
 block [2451/2875] : done (11ms) 
 block [2452/2875] : done (14ms) 
 block [2453/2875] : done (10ms) 
 block [2454/2875] : done (13ms) 
 block [2455/2875] : done (15ms) 
 block [2456/2875] : done (15ms) 
 block [2457/2875] : done (10ms) 
 block [2458/2875] : done (12ms) 
 block [2459/2875] : done (16ms) 
 block [2460/2875] : done (13ms) 
 block [2461/2875] : done (15ms) 
 block [2462/2875] : done (15ms) 
 block [2463/2875] : done (11ms) 
 block [2464/2875] : done (10ms) 
 block [2465/2875] : done (12ms) 
 block [2466/2875] : done (8ms) 
 block [2467/2875] : done (10ms) 
 block [2468/2875] : done (12ms) 
 block [2469/2875] : done (11ms) 
 block [2470/2875] : done (13ms) 
 block [2471/2875] : done (10ms) 
 block [2472/2875] : done (13ms) 
 block [2473/2875] : done (12ms) 
 block [2474/2875] : done (12ms) 
 block [2475/2875] : done (9ms) 
 block [2476/2875] : done (12ms) 
 block [2477/2875] : done (12ms) 
 block [2478/2875] : done (10ms) 
 block [2479/2875] : done (12ms) 
 block [2480/2875] : done (9ms) 
 block [2481/2875] : done (12ms) 
 block [2482/2875] : done (12ms) 
 block [2483/2875] : done (13ms) 
 block [2484/2875] : done (9ms) 
 block [2485/2875] : done (10ms) 
 block [2486/2875] : done (15ms) 
 block [2487/2875] : done (6ms) 
 block [2488/2875] : done (6ms) 
 block [2489/2875] : done (7ms) 
 block [2490/2875] : done (8ms) 
 block [2491/2875] : done (10ms) 
 block [2492/2875] : done (7ms) 
 block [2493/2875] : done (9ms) 
 block [2494/2875] : done (9ms) 
 block [2495/2875] : done (7ms) 
 block [2496/2875] : done (14ms) 
 block [2497/2875] : done (10ms) 
 block [2498/2875] : done (13ms) 
 block [2499/2875] : done (6ms) 
 block [2500/2875] : done (10ms) 
 block [2501/2875] : done (13ms) 
 block [2502/2875] : done (11ms) 
 block [2503/2875] : done (7ms) 
 block [2504/2875] : done (12ms) 
 block [2505/2875] : done (6ms) 
 block [2506/2875] : done (19ms) 
 block [2507/2875] : done (10ms) 
 block [2508/2875] : done (6ms) 
 block [2509/2875] : done (7ms) 
 block [2510/2875] : done (12ms) 
 block [2511/2875] : done (6ms) 
 block [2512/2875] : done (6ms) 
 block [2513/2875] : done (8ms) 
 block [2514/2875] : done (15ms) 
 block [2515/2875] : done (7ms) 
 block [2516/2875] : done (6ms) 
 block [2517/2875] : done (7ms) 
 block [2518/2875] : done (11ms) 
 block [2519/2875] : done (11ms) 
 block [2520/2875] : done (9ms) 
 block [2521/2875] : done (12ms) 
 block [2522/2875] : done (8ms) 
 block [2523/2875] : done (6ms) 
 block [2524/2875] : done (7ms) 
 block [2525/2875] : done (13ms) 
 block [2526/2875] : done (9ms) 
 block [2527/2875] : done (8ms) 
 block [2528/2875] : done (15ms) 
 block [2529/2875] : done (8ms) 
 block [2530/2875] : done (10ms) 
 block [2531/2875] : done (12ms) 
 block [2532/2875] : done (7ms) 
 block [2533/2875] : done (10ms) 
 block [2534/2875] : done (8ms) 
 block [2535/2875] : done (7ms) 
 block [2536/2875] : done (6ms) 
 block [2537/2875] : done (7ms) 
 block [2538/2875] : done (7ms) 
 block [2539/2875] : done (9ms) 
 block [2540/2875] : done (13ms) 
 block [2541/2875] : done (10ms) 
 block [2542/2875] : done (10ms) 
 block [2543/2875] : done (7ms) 
 block [2544/2875] : done (8ms) 
 block [2545/2875] : done (7ms) 
 block [2546/2875] : done (9ms) 
 block [2547/2875] : done (9ms) 
 block [2548/2875] : done (8ms) 
 block [2549/2875] : done (8ms) 
 block [2550/2875] : done (14ms) 
 block [2551/2875] : done (11ms) 
 block [2552/2875] : done (7ms) 
 block [2553/2875] : done (15ms) 
 block [2554/2875] : done (7ms) 
 block [2555/2875] : done (6ms) 
 block [2556/2875] : done (11ms) 
 block [2557/2875] : done (10ms) 
 block [2558/2875] : done (10ms) 
 block [2559/2875] : done (8ms) 
 block [2560/2875] : done (10ms) 
 block [2561/2875] : done (6ms) 
 block [2562/2875] : done (8ms) 
 block [2563/2875] : done (7ms) 
 block [2564/2875] : done (17ms) 
 block [2565/2875] : done (7ms) 
 block [2566/2875] : done (7ms) 
 block [2567/2875] : done (8ms) 
 block [2568/2875] : done (6ms) 
 block [2569/2875] : done (13ms) 
 block [2570/2875] : done (13ms) 
 block [2571/2875] : done (8ms) 
 block [2572/2875] : done (7ms) 
 block [2573/2875] : done (7ms) 
 block [2574/2875] : done (14ms) 
 block [2575/2875] : done (7ms) 
 block [2576/2875] : done (8ms) 
 block [2577/2875] : done (12ms) 
 block [2578/2875] : done (6ms) 
 block [2579/2875] : done (7ms) 
 block [2580/2875] : done (9ms) 
 block [2581/2875] : done (27ms) 
 block [2582/2875] : done (6ms) 
 block [2583/2875] : done (8ms) 
 block [2584/2875] : done (11ms) 
 block [2585/2875] : done (7ms) 
 block [2586/2875] : done (9ms) 
 block [2587/2875] : done (6ms) 
 block [2588/2875] : done (11ms) 
 block [2589/2875] : done (10ms) 
 block [2590/2875] : done (8ms) 
 block [2591/2875] : done (10ms) 
 block [2592/2875] : done (10ms) 
 block [2593/2875] : done (8ms) 
 block [2594/2875] : done (13ms) 
 block [2595/2875] : done (13ms) 
 block [2596/2875] : done (11ms) 
 block [2597/2875] : done (12ms) 
 block [2598/2875] : done (11ms) 
 block [2599/2875] : done (9ms) 
 block [2600/2875] : done (11ms) 
 block [2601/2875] : done (12ms) 
 block [2602/2875] : done (8ms) 
 block [2603/2875] : done (11ms) 
 block [2604/2875] : done (8ms) 
 block [2605/2875] : done (9ms) 
 block [2606/2875] : done (10ms) 
 block [2607/2875] : done (8ms) 
 block [2608/2875] : done (16ms) 
 block [2609/2875] : done (13ms) 
 block [2610/2875] : done (13ms) 
 block [2611/2875] : done (8ms) 
 block [2612/2875] : done (11ms) 
 block [2613/2875] : done (10ms) 
 block [2614/2875] : done (10ms) 
 block [2615/2875] : done (14ms) 
 block [2616/2875] : done (9ms) 
 block [2617/2875] : done (11ms) 
 block [2618/2875] : done (6ms) 
 block [2619/2875] : done (7ms) 
 block [2620/2875] : done (8ms) 
 block [2621/2875] : done (11ms) 
 block [2622/2875] : done (8ms) 
 block [2623/2875] : done (9ms) 
 block [2624/2875] : done (13ms) 
 block [2625/2875] : done (19ms) 
 block [2626/2875] : done (10ms) 
 block [2627/2875] : done (17ms) 
 block [2628/2875] : done (22ms) 
 block [2629/2875] : done (13ms) 
 block [2630/2875] : done (13ms) 
 block [2631/2875] : done (8ms) 
 block [2632/2875] : done (13ms) 
 block [2633/2875] : done (14ms) 
 block [2634/2875] : done (9ms) 
 block [2635/2875] : done (7ms) 
 block [2636/2875] : done (7ms) 
 block [2637/2875] : done (13ms) 
 block [2638/2875] : done (9ms) 
 block [2639/2875] : done (6ms) 
 block [2640/2875] : done (9ms) 
 block [2641/2875] : done (8ms) 
 block [2642/2875] : done (10ms) 
 block [2643/2875] : done (9ms) 
 block [2644/2875] : done (8ms) 
 block [2645/2875] : done (8ms) 
 block [2646/2875] : done (12ms) 
 block [2647/2875] : done (7ms) 
 block [2648/2875] : done (6ms) 
 block [2649/2875] : done (9ms) 
 block [2650/2875] : done (12ms) 
 block [2651/2875] : done (10ms) 
 block [2652/2875] : done (11ms) 
 block [2653/2875] : done (9ms) 
 block [2654/2875] : done (11ms) 
 block [2655/2875] : done (9ms) 
 block [2656/2875] : done (10ms) 
 block [2657/2875] : done (8ms) 
 block [2658/2875] : done (7ms) 
 block [2659/2875] : done (10ms) 
 block [2660/2875] : done (9ms) 
 block [2661/2875] : done (6ms) 
 block [2662/2875] : done (7ms) 
 block [2663/2875] : done (12ms) 
 block [2664/2875] : done (10ms) 
 block [2665/2875] : done (10ms) 
 block [2666/2875] : done (9ms) 
 block [2667/2875] : done (17ms) 
 block [2668/2875] : done (9ms) 
 block [2669/2875] : done (10ms) 
 block [2670/2875] : done (11ms) 
 block [2671/2875] : done (15ms) 
 block [2672/2875] : done (13ms) 
 block [2673/2875] : done (11ms) 
 block [2674/2875] : done (8ms) 
 block [2675/2875] : done (12ms) 
 block [2676/2875] : done (7ms) 
 block [2677/2875] : done (7ms) 
 block [2678/2875] : done (13ms) 
 block [2679/2875] : done (6ms) 
 block [2680/2875] : done (12ms) 
 block [2681/2875] : done (18ms) 
 block [2682/2875] : done (20ms) 
 block [2683/2875] : done (10ms) 
 block [2684/2875] : done (12ms) 
 block [2685/2875] : done (12ms) 
 block [2686/2875] : done (12ms) 
 block [2687/2875] : done (11ms) 
 block [2688/2875] : done (11ms) 
 block [2689/2875] : done (7ms) 
 block [2690/2875] : done (7ms) 
 block [2691/2875] : done (8ms) 
 block [2692/2875] : done (10ms) 
 block [2693/2875] : done (22ms) 
 block [2694/2875] : done (22ms) 
 block [2695/2875] : done (21ms) 
 block [2696/2875] : done (12ms) 
 block [2697/2875] : done (12ms) 
 block [2698/2875] : done (17ms) 
 block [2699/2875] : done (19ms) 
 block [2700/2875] : done (13ms) 
 block [2701/2875] : done (9ms) 
 block [2702/2875] : done (9ms) 
 block [2703/2875] : done (11ms) 
 block [2704/2875] : done (17ms) 
 block [2705/2875] : done (9ms) 
 block [2706/2875] : done (15ms) 
 block [2707/2875] : done (10ms) 
 block [2708/2875] : done (9ms) 
 block [2709/2875] : done (9ms) 
 block [2710/2875] : done (8ms) 
 block [2711/2875] : done (7ms) 
 block [2712/2875] : done (7ms) 
 block [2713/2875] : done (7ms) 
 block [2714/2875] : done (9ms) 
 block [2715/2875] : done (12ms) 
 block [2716/2875] : done (11ms) 
 block [2717/2875] : done (12ms) 
 block [2718/2875] : done (8ms) 
 block [2719/2875] : done (8ms) 
 block [2720/2875] : done (9ms) 
 block [2721/2875] : done (6ms) 
 block [2722/2875] : done (11ms) 
 block [2723/2875] : done (13ms) 
 block [2724/2875] : done (13ms) 
 block [2725/2875] : done (10ms) 
 block [2726/2875] : done (13ms) 
 block [2727/2875] : done (14ms) 
 block [2728/2875] : done (14ms) 
 block [2729/2875] : done (16ms) 
 block [2730/2875] : done (9ms) 
 block [2731/2875] : done (8ms) 
 block [2732/2875] : done (11ms) 
 block [2733/2875] : done (11ms) 
 block [2734/2875] : done (11ms) 
 block [2735/2875] : done (9ms) 
 block [2736/2875] : done (15ms) 
 block [2737/2875] : done (8ms) 
 block [2738/2875] : done (13ms) 
 block [2739/2875] : done (13ms) 
 block [2740/2875] : done (10ms) 
 block [2741/2875] : done (8ms) 
 block [2742/2875] : done (10ms) 
 block [2743/2875] : done (7ms) 
 block [2744/2875] : done (12ms) 
 block [2745/2875] : done (6ms) 
 block [2746/2875] : done (16ms) 
 block [2747/2875] : done (11ms) 
 block [2748/2875] : done (11ms) 
 block [2749/2875] : done (12ms) 
 block [2750/2875] : done (9ms) 
 block [2751/2875] : done (11ms) 
 block [2752/2875] : done (6ms) 
 block [2753/2875] : done (10ms) 
 block [2754/2875] : done (12ms) 
 block [2755/2875] : done (7ms) 
 block [2756/2875] : done (9ms) 
 block [2757/2875] : done (11ms) 
 block [2758/2875] : done (12ms) 
 block [2759/2875] : done (8ms) 
 block [2760/2875] : done (8ms) 
 block [2761/2875] : done (9ms) 
 block [2762/2875] : done (13ms) 
 block [2763/2875] : done (8ms) 
 block [2764/2875] : done (9ms) 
 block [2765/2875] : done (14ms) 
 block [2766/2875] : done (6ms) 
 block [2767/2875] : done (7ms) 
 block [2768/2875] : done (10ms) 
 block [2769/2875] : done (9ms) 
 block [2770/2875] : done (16ms) 
 block [2771/2875] : done (12ms) 
 block [2772/2875] : done (15ms) 
 block [2773/2875] : done (19ms) 
 block [2774/2875] : done (14ms) 
 block [2775/2875] : done (21ms) 
 block [2776/2875] : done (16ms) 
 block [2777/2875] : done (16ms) 
 block [2778/2875] : done (19ms) 
 block [2779/2875] : done (17ms) 
 block [2780/2875] : done (9ms) 
 block [2781/2875] : done (14ms) 
 block [2782/2875] : done (15ms) 
 block [2783/2875] : done (10ms) 
 block [2784/2875] : done (16ms) 
 block [2785/2875] : done (13ms) 
 block [2786/2875] : done (8ms) 
 block [2787/2875] : done (14ms) 
 block [2788/2875] : done (7ms) 
 block [2789/2875] : done (15ms) 
 block [2790/2875] : done (12ms) 
 block [2791/2875] : done (9ms) 
 block [2792/2875] : done (7ms) 
 block [2793/2875] : done (8ms) 
 block [2794/2875] : done (7ms) 
 block [2795/2875] : done (8ms) 
 block [2796/2875] : done (7ms) 
 block [2797/2875] : done (7ms) 
 block [2798/2875] : done (11ms) 
 block [2799/2875] : done (6ms) 
 block [2800/2875] : done (11ms) 
 block [2801/2875] : done (9ms) 
 block [2802/2875] : done (7ms) 
 block [2803/2875] : done (10ms) 
 block [2804/2875] : done (9ms) 
 block [2805/2875] : done (9ms) 
 block [2806/2875] : done (17ms) 
 block [2807/2875] : done (8ms) 
 block [2808/2875] : done (13ms) 
 block [2809/2875] : done (13ms) 
 block [2810/2875] : done (12ms) 
 block [2811/2875] : done (7ms) 
 block [2812/2875] : done (14ms) 
 block [2813/2875] : done (8ms) 
 block [2814/2875] : done (9ms) 
 block [2815/2875] : done (9ms) 
 block [2816/2875] : done (11ms) 
 block [2817/2875] : done (9ms) 
 block [2818/2875] : done (14ms) 
 block [2819/2875] : done (12ms) 
 block [2820/2875] : done (9ms) 
 block [2821/2875] : done (10ms) 
 block [2822/2875] : done (11ms) 
 block [2823/2875] : done (10ms) 
 block [2824/2875] : done (9ms) 
 block [2825/2875] : done (12ms) 
 block [2826/2875] : done (9ms) 
 block [2827/2875] : done (10ms) 
 block [2828/2875] : done (8ms) 
 block [2829/2875] : done (14ms) 
 block [2830/2875] : done (8ms) 
 block [2831/2875] : done (25ms) 
 block [2832/2875] : done (10ms) 
 block [2833/2875] : done (18ms) 
 block [2834/2875] : done (9ms) 
 block [2835/2875] : done (9ms) 
 block [2836/2875] : done (19ms) 
 block [2837/2875] : done (11ms) 
 block [2838/2875] : done (11ms) 
 block [2839/2875] : done (21ms) 
 block [2840/2875] : done (14ms) 
 block [2841/2875] : done (8ms) 
 block [2842/2875] : done (14ms) 
 block [2843/2875] : done (14ms) 
 block [2844/2875] : done (10ms) 
 block [2845/2875] : done (12ms) 
 block [2846/2875] : done (6ms) 
 block [2847/2875] : done (10ms) 
 block [2848/2875] : done (10ms) 
 block [2849/2875] : done (8ms) 
 block [2850/2875] : done (13ms) 
 block [2851/2875] : done (6ms) 
 block [2852/2875] : done (11ms) 
 block [2853/2875] : done (11ms) 
 block [2854/2875] : done (7ms) 
 block [2855/2875] : done (10ms) 
 block [2856/2875] : done (11ms) 
 block [2857/2875] : done (12ms) 
 block [2858/2875] : done (16ms) 
 block [2859/2875] : done (9ms) 
 block [2860/2875] : done (12ms) 
 block [2861/2875] : done (6ms) 
 block [2862/2875] : done (9ms) 
 block [2863/2875] : done (10ms) 
 block [2864/2875] : done (8ms) 
 block [2865/2875] : done (9ms) 
 block [2866/2875] : done (9ms) 
 block [2867/2875] : done (9ms) 
 block [2868/2875] : done (12ms) 
 block [2869/2875] : done (6ms) 
 block [2870/2875] : done (8ms) 
 block [2871/2875] : done (15ms) 
 block [2872/2875] : done (9ms) 
 block [2873/2875] : done (7ms) 
 block [2874/2875] : done (10ms) 
 block [2875/2875] : done (7ms) 

Association results stored separately for each trait in files : 
* [/mnt/gpfs1/project/Interstitial_Pneumonia/ANALYSIS/tnakanishi/scratch/GWAS/chr22_IPF.regenie]
* [/mnt/gpfs1/project/Interstitial_Pneumonia/ANALYSIS/tnakanishi/scratch/GWAS/chr22_ILD.regenie]
* [/mnt/gpfs1/project/Interstitial_Pneumonia/ANALYSIS/tnakanishi/scratch/GWAS/chr22_FPF.regenie]
* [/mnt/gpfs1/project/Interstitial_Pneumonia/ANALYSIS/tnakanishi/scratch/GWAS/chr22_sIPF.regenie]

Number of tests with Firth correction : 14264
Number of failed tests : (0/14264)
Number of ignored tests due to low MAC : 3862089

Elapsed time : 40.0364s
End time: Wed Jul 20 15:46:53 2022

