vcftools --gzvcf /mnt/gpfs1/project/Interstitial_Pneumonia/ANALYSIS/tnakanishi/scratch//20.5.vcf.gz --keep /mnt/gpfs1/project/Interstitial_Pneumonia/ANALYSIS/tnakanishi/scratch//SampleQC.tokeep.ILD.sample --recode --stdout | bgzip -c > /mnt/gpfs1/project/Interstitial_Pneumonia/ANALYSIS/tnakanishi/scratch//20.6.case.vcf.gz

VCFtools - 0.1.16
(C) Adam Auton and Anthony Marcketta 2009

Parameters as interpreted:
	--gzvcf /mnt/gpfs1/project/Interstitial_Pneumonia/ANALYSIS/tnakanishi/scratch//20.5.vcf.gz
	--keep /mnt/gpfs1/project/Interstitial_Pneumonia/ANALYSIS/tnakanishi/scratch//SampleQC.tokeep.ILD.sample
	--recode
	--stdout

Using zlib version: 1.2.11
Keeping individuals in 'keep' list
After filtering, kept 298 out of 3439 Individuals
Outputting VCF file...
After filtering, kept 2580412 out of a possible 2580412 Sites
Run Time = 10616.00 seconds
vcftools --gzvcf /mnt/gpfs1/project/Interstitial_Pneumonia/ANALYSIS/tnakanishi/scratch//20.5.vcf.gz --keep /mnt/gpfs1/project/Interstitial_Pneumonia/ANALYSIS/tnakanishi/scratch//SampleQC.tokeep.AGP3000.sample --recode --stdout | bgzip -c > /mnt/gpfs1/project/Interstitial_Pneumonia/ANALYSIS/tnakanishi/scratch//20.6.control.vcf.gz

VCFtools - 0.1.16
(C) Adam Auton and Anthony Marcketta 2009

Parameters as interpreted:
	--gzvcf /mnt/gpfs1/project/Interstitial_Pneumonia/ANALYSIS/tnakanishi/scratch//20.5.vcf.gz
	--keep /mnt/gpfs1/project/Interstitial_Pneumonia/ANALYSIS/tnakanishi/scratch//SampleQC.tokeep.AGP3000.sample
	--recode
	--stdout

Using zlib version: 1.2.11
Keeping individuals in 'keep' list
After filtering, kept 3141 out of 3439 Individuals
Outputting VCF file...
After filtering, kept 2580412 out of a possible 2580412 Sites
Run Time = 68267.00 seconds
vcftools --gzvcf /mnt/gpfs1/project/Interstitial_Pneumonia/ANALYSIS/tnakanishi/scratch//20.6.case.vcf.gz --max-missing 0.80 --recode --stdout | bgzip -c > /mnt/gpfs1/project/Interstitial_Pneumonia/ANALYSIS/tnakanishi/scratch//20.7.case.vcf.gz

VCFtools - 0.1.16
(C) Adam Auton and Anthony Marcketta 2009

Parameters as interpreted:
	--gzvcf /mnt/gpfs1/project/Interstitial_Pneumonia/ANALYSIS/tnakanishi/scratch//20.6.case.vcf.gz
	--max-missing 0.8
	--recode
	--stdout

Using zlib version: 1.2.11
After filtering, kept 298 out of 298 Individuals
Outputting VCF file...
After filtering, kept 2101801 out of a possible 2580412 Sites
Run Time = 5569.00 seconds
vcftools --gzvcf /mnt/gpfs1/project/Interstitial_Pneumonia/ANALYSIS/tnakanishi/scratch//20.6.control.vcf.gz --max-missing 0.80 --recode --stdout | bgzip -c > /mnt/gpfs1/project/Interstitial_Pneumonia/ANALYSIS/tnakanishi/scratch//20.7.control.vcf.gz

VCFtools - 0.1.16
(C) Adam Auton and Anthony Marcketta 2009

Parameters as interpreted:
	--gzvcf /mnt/gpfs1/project/Interstitial_Pneumonia/ANALYSIS/tnakanishi/scratch//20.6.control.vcf.gz
	--max-missing 0.8
	--recode
	--stdout

Using zlib version: 1.2.11
After filtering, kept 3141 out of 3141 Individuals
Outputting VCF file...
After filtering, kept 2155226 out of a possible 2580412 Sites
Run Time = 56793.00 seconds
tabix -p vcf /mnt/gpfs1/project/Interstitial_Pneumonia/ANALYSIS/tnakanishi/scratch//20.7.case.vcf.gz
tabix -p vcf /mnt/gpfs1/project/Interstitial_Pneumonia/ANALYSIS/tnakanishi/scratch//20.7.control.vcf.gz
mkdir -p /mnt/gpfs1/project/Interstitial_Pneumonia/ANALYSIS/tnakanishi/scratch//20.final
bcftools isec -p /mnt/gpfs1/project/Interstitial_Pneumonia/ANALYSIS/tnakanishi/scratch//20.final -Oz /mnt/gpfs1/project/Interstitial_Pneumonia/ANALYSIS/tnakanishi/scratch//20.7.case.vcf.gz /mnt/gpfs1/project/Interstitial_Pneumonia/ANALYSIS/tnakanishi/scratch//20.7.control.vcf.gz
[W::bcf_hdr_check_sanity] PL should be declared as Number=G
#tabix -p vcf 20.final/0002.vcf.gz
#tabix -p vcf 20.final/0003.vcf.gz
bcftools merge /mnt/gpfs1/project/Interstitial_Pneumonia/ANALYSIS/tnakanishi/scratch//20.final/0002.vcf.gz /mnt/gpfs1/project/Interstitial_Pneumonia/ANALYSIS/tnakanishi/scratch//20.final/0003.vcf.gz -Oz -o /mnt/gpfs1/project/Interstitial_Pneumonia/ANALYSIS/tnakanishi/scratch//20.final.vcf.gz
[W::bcf_hdr_check_sanity] PL should be declared as Number=G
