vcftools --gzvcf /mnt/gpfs1/project/Interstitial_Pneumonia/ANALYSIS/tnakanishi/scratch//11.5.vcf.gz --keep /mnt/gpfs1/project/Interstitial_Pneumonia/ANALYSIS/tnakanishi/scratch//SampleQC.tokeep.ILD.sample --recode --stdout | bgzip -c > /mnt/gpfs1/project/Interstitial_Pneumonia/ANALYSIS/tnakanishi/scratch//11.6.case.vcf.gz

VCFtools - 0.1.16
(C) Adam Auton and Anthony Marcketta 2009

Parameters as interpreted:
	--gzvcf /mnt/gpfs1/project/Interstitial_Pneumonia/ANALYSIS/tnakanishi/scratch//11.5.vcf.gz
	--keep /mnt/gpfs1/project/Interstitial_Pneumonia/ANALYSIS/tnakanishi/scratch//SampleQC.tokeep.ILD.sample
	--recode
	--stdout

Using zlib version: 1.2.11
Keeping individuals in 'keep' list
After filtering, kept 298 out of 3439 Individuals
Outputting VCF file...
After filtering, kept 5286105 out of a possible 5286105 Sites
Run Time = 21335.00 seconds
vcftools --gzvcf /mnt/gpfs1/project/Interstitial_Pneumonia/ANALYSIS/tnakanishi/scratch//11.5.vcf.gz --keep /mnt/gpfs1/project/Interstitial_Pneumonia/ANALYSIS/tnakanishi/scratch//SampleQC.tokeep.AGP3000.sample --recode --stdout | bgzip -c > /mnt/gpfs1/project/Interstitial_Pneumonia/ANALYSIS/tnakanishi/scratch//11.6.control.vcf.gz

VCFtools - 0.1.16
(C) Adam Auton and Anthony Marcketta 2009

Parameters as interpreted:
	--gzvcf /mnt/gpfs1/project/Interstitial_Pneumonia/ANALYSIS/tnakanishi/scratch//11.5.vcf.gz
	--keep /mnt/gpfs1/project/Interstitial_Pneumonia/ANALYSIS/tnakanishi/scratch//SampleQC.tokeep.AGP3000.sample
	--recode
	--stdout

Using zlib version: 1.2.11
Keeping individuals in 'keep' list
After filtering, kept 3141 out of 3439 Individuals
Outputting VCF file...
After filtering, kept 5286105 out of a possible 5286105 Sites
Run Time = 144738.00 seconds
vcftools --gzvcf /mnt/gpfs1/project/Interstitial_Pneumonia/ANALYSIS/tnakanishi/scratch//11.6.case.vcf.gz --max-missing 0.80 --recode --stdout | bgzip -c > /mnt/gpfs1/project/Interstitial_Pneumonia/ANALYSIS/tnakanishi/scratch//11.7.case.vcf.gz

VCFtools - 0.1.16
(C) Adam Auton and Anthony Marcketta 2009

Parameters as interpreted:
	--gzvcf /mnt/gpfs1/project/Interstitial_Pneumonia/ANALYSIS/tnakanishi/scratch//11.6.case.vcf.gz
	--max-missing 0.8
	--recode
	--stdout

Using zlib version: 1.2.11
After filtering, kept 298 out of 298 Individuals
Outputting VCF file...
After filtering, kept 4457661 out of a possible 5286105 Sites
Run Time = 11089.00 seconds
vcftools --gzvcf /mnt/gpfs1/project/Interstitial_Pneumonia/ANALYSIS/tnakanishi/scratch//11.6.control.vcf.gz --max-missing 0.80 --recode --stdout | bgzip -c > /mnt/gpfs1/project/Interstitial_Pneumonia/ANALYSIS/tnakanishi/scratch//11.7.control.vcf.gz

VCFtools - 0.1.16
(C) Adam Auton and Anthony Marcketta 2009

Parameters as interpreted:
	--gzvcf /mnt/gpfs1/project/Interstitial_Pneumonia/ANALYSIS/tnakanishi/scratch//11.6.control.vcf.gz
	--max-missing 0.8
	--recode
	--stdout

Using zlib version: 1.2.11
After filtering, kept 3141 out of 3141 Individuals
Outputting VCF file...
After filtering, kept 4564396 out of a possible 5286105 Sites
Run Time = 117025.00 seconds
tabix -p vcf /mnt/gpfs1/project/Interstitial_Pneumonia/ANALYSIS/tnakanishi/scratch//11.7.case.vcf.gz
tabix -p vcf /mnt/gpfs1/project/Interstitial_Pneumonia/ANALYSIS/tnakanishi/scratch//11.7.control.vcf.gz
mkdir -p /mnt/gpfs1/project/Interstitial_Pneumonia/ANALYSIS/tnakanishi/scratch//11.final
bcftools isec -p /mnt/gpfs1/project/Interstitial_Pneumonia/ANALYSIS/tnakanishi/scratch//11.final -Oz /mnt/gpfs1/project/Interstitial_Pneumonia/ANALYSIS/tnakanishi/scratch//11.7.case.vcf.gz /mnt/gpfs1/project/Interstitial_Pneumonia/ANALYSIS/tnakanishi/scratch//11.7.control.vcf.gz
[W::bcf_hdr_check_sanity] PL should be declared as Number=G
#tabix -p vcf 11.final/0002.vcf.gz
#tabix -p vcf 11.final/0003.vcf.gz
bcftools merge /mnt/gpfs1/project/Interstitial_Pneumonia/ANALYSIS/tnakanishi/scratch//11.final/0002.vcf.gz /mnt/gpfs1/project/Interstitial_Pneumonia/ANALYSIS/tnakanishi/scratch//11.final/0003.vcf.gz -Oz -o /mnt/gpfs1/project/Interstitial_Pneumonia/ANALYSIS/tnakanishi/scratch//11.final.vcf.gz
[W::bcf_hdr_check_sanity] PL should be declared as Number=G
