vcftools --gzvcf /mnt/gpfs1/project/Interstitial_Pneumonia/ANALYSIS/tnakanishi/scratch//22.5.vcf.gz --keep /mnt/gpfs1/project/Interstitial_Pneumonia/ANALYSIS/tnakanishi/scratch//SampleQC.tokeep.ILD.sample --recode --stdout | bgzip -c > /mnt/gpfs1/project/Interstitial_Pneumonia/ANALYSIS/tnakanishi/scratch//22.6.case.vcf.gz

VCFtools - 0.1.16
(C) Adam Auton and Anthony Marcketta 2009

Parameters as interpreted:
	--gzvcf /mnt/gpfs1/project/Interstitial_Pneumonia/ANALYSIS/tnakanishi/scratch//22.5.vcf.gz
	--keep /mnt/gpfs1/project/Interstitial_Pneumonia/ANALYSIS/tnakanishi/scratch//SampleQC.tokeep.ILD.sample
	--recode
	--stdout

Using zlib version: 1.2.11
Keeping individuals in 'keep' list
After filtering, kept 298 out of 3439 Individuals
Outputting VCF file...
After filtering, kept 1576987 out of a possible 1576987 Sites
Run Time = 6505.00 seconds
vcftools --gzvcf /mnt/gpfs1/project/Interstitial_Pneumonia/ANALYSIS/tnakanishi/scratch//22.5.vcf.gz --keep /mnt/gpfs1/project/Interstitial_Pneumonia/ANALYSIS/tnakanishi/scratch//SampleQC.tokeep.AGP3000.sample --recode --stdout | bgzip -c > /mnt/gpfs1/project/Interstitial_Pneumonia/ANALYSIS/tnakanishi/scratch//22.6.control.vcf.gz

VCFtools - 0.1.16
(C) Adam Auton and Anthony Marcketta 2009

Parameters as interpreted:
	--gzvcf /mnt/gpfs1/project/Interstitial_Pneumonia/ANALYSIS/tnakanishi/scratch//22.5.vcf.gz
	--keep /mnt/gpfs1/project/Interstitial_Pneumonia/ANALYSIS/tnakanishi/scratch//SampleQC.tokeep.AGP3000.sample
	--recode
	--stdout

Using zlib version: 1.2.11
Keeping individuals in 'keep' list
After filtering, kept 3141 out of 3439 Individuals
Outputting VCF file...
After filtering, kept 1576987 out of a possible 1576987 Sites
Run Time = 40601.00 seconds
vcftools --gzvcf /mnt/gpfs1/project/Interstitial_Pneumonia/ANALYSIS/tnakanishi/scratch//22.6.case.vcf.gz --max-missing 0.80 --recode --stdout | bgzip -c > /mnt/gpfs1/project/Interstitial_Pneumonia/ANALYSIS/tnakanishi/scratch//22.7.case.vcf.gz

VCFtools - 0.1.16
(C) Adam Auton and Anthony Marcketta 2009

Parameters as interpreted:
	--gzvcf /mnt/gpfs1/project/Interstitial_Pneumonia/ANALYSIS/tnakanishi/scratch//22.6.case.vcf.gz
	--max-missing 0.8
	--recode
	--stdout

Using zlib version: 1.2.11
After filtering, kept 298 out of 298 Individuals
Outputting VCF file...
After filtering, kept 1216892 out of a possible 1576987 Sites
Run Time = 3154.00 seconds
vcftools --gzvcf /mnt/gpfs1/project/Interstitial_Pneumonia/ANALYSIS/tnakanishi/scratch//22.6.control.vcf.gz --max-missing 0.80 --recode --stdout | bgzip -c > /mnt/gpfs1/project/Interstitial_Pneumonia/ANALYSIS/tnakanishi/scratch//22.7.control.vcf.gz

VCFtools - 0.1.16
(C) Adam Auton and Anthony Marcketta 2009

Parameters as interpreted:
	--gzvcf /mnt/gpfs1/project/Interstitial_Pneumonia/ANALYSIS/tnakanishi/scratch//22.6.control.vcf.gz
	--max-missing 0.8
	--recode
	--stdout

Using zlib version: 1.2.11
After filtering, kept 3141 out of 3141 Individuals
Outputting VCF file...
After filtering, kept 1246802 out of a possible 1576987 Sites
Run Time = 35588.00 seconds
tabix -p vcf /mnt/gpfs1/project/Interstitial_Pneumonia/ANALYSIS/tnakanishi/scratch//22.7.case.vcf.gz
tabix -p vcf /mnt/gpfs1/project/Interstitial_Pneumonia/ANALYSIS/tnakanishi/scratch//22.7.control.vcf.gz
mkdir -p /mnt/gpfs1/project/Interstitial_Pneumonia/ANALYSIS/tnakanishi/scratch//22.final
bcftools isec -p /mnt/gpfs1/project/Interstitial_Pneumonia/ANALYSIS/tnakanishi/scratch//22.final -Oz /mnt/gpfs1/project/Interstitial_Pneumonia/ANALYSIS/tnakanishi/scratch//22.7.case.vcf.gz /mnt/gpfs1/project/Interstitial_Pneumonia/ANALYSIS/tnakanishi/scratch//22.7.control.vcf.gz
[W::bcf_hdr_check_sanity] PL should be declared as Number=G
#tabix -p vcf 22.final/0002.vcf.gz
#tabix -p vcf 22.final/0003.vcf.gz
bcftools merge /mnt/gpfs1/project/Interstitial_Pneumonia/ANALYSIS/tnakanishi/scratch//22.final/0002.vcf.gz /mnt/gpfs1/project/Interstitial_Pneumonia/ANALYSIS/tnakanishi/scratch//22.final/0003.vcf.gz -Oz -o /mnt/gpfs1/project/Interstitial_Pneumonia/ANALYSIS/tnakanishi/scratch//22.final.vcf.gz
[W::bcf_hdr_check_sanity] PL should be declared as Number=G
